  Using 'git status' to determine working set for adaptive non-unity build (E:\MyUEProject.git).
  Creating makefile for MyUEProjectEditor (ini files are newer than makefile)
E:\MyUEProject.git\MyUEProject\Plugins\BlueprintReflection\Source\BlueprintReflectionPlugin\BlueprintReflectionPlugin.Build.cs : warning : Modules must specify an explicit precompiled header (eg. PrivatePCHHeaderFile = "Classes/BlueprintReflectionFunctions.h") from UE 4.21 onwards.
  Creating makefile for UnrealHeaderTool (ini files are newer than makefile)
  Parsing headers for MyUEProjectEditor
    Running UnrealHeaderTool "E:\MyUEProject.git\MyUEProject\MyUEProject.uproject" "E:\MyUEProject.git\MyUEProject\Intermediate\Build\Win64\MyUEProjectEditor\Development\MyUEProjectEditor.uhtmanifest" -LogCmds="loginit warning, logexit warning, logdatabase error" -Unattended -WarningsAsErrors -installed
  Reflection code generated for MyUEProjectEditor in 7.0410912 seconds
  Using Visual Studio 2017 14.16.27023 toolchain (C:\Program Files (x86)\Microsoft Visual Studio\2017\Enterprise\VC\Tools\MSVC\14.16.27023) and Windows 10.0.17763.0 SDK (C:\Program Files (x86)\Windows Kits\10).
  Building 10 actions with 8 processes...
    [1/10] UE4Editor-BlueprintReflectionPlugin-0025.lib
      正在创建库 E:\MyUEProject.git\MyUEProject\Plugins\BlueprintReflection\Intermediate\Build\Win64\UE4Editor\Development\BlueprintReflectionPlugin\UE4Editor-BlueprintReflectionPlugin-0025.lib 和对象 E:\MyUEProject.git\MyUEProject\Plugins\BlueprintReflection\Intermediate\Build\Win64\UE4Editor\Development\BlueprintReflectionPlugin\UE4Editor-BlueprintReflectionPlugin-0025.exp
    [2/10] ManagerBase.cpp
    [3/10] MyUEProject.init.gen.cpp
    [4/10] ManagerBase.gen.cpp
    [5/10] UE4Editor-BlueprintReflectionPlugin-0025.dll
      正在创建库 E:\MyUEProject.git\MyUEProject\Plugins\BlueprintReflection\Intermediate\Build\Win64\UE4Editor\Development\BlueprintReflectionPlugin\UE4Editor-BlueprintReflectionPlugin-0025.suppressed.lib 和对象 E:\MyUEProject.git\MyUEProject\Plugins\BlueprintReflection\Intermediate\Build\Win64\UE4Editor\Development\BlueprintReflectionPlugin\UE4Editor-BlueprintReflectionPlugin-0025.suppressed.exp
    [6/10] GameManager.gen.cpp
    [7/10] GameManager.cpp
    [8/10] UE4Editor-MyUEProject-0025.lib
      正在创建库 E:\MyUEProject.git\MyUEProject\Intermediate\Build\Win64\UE4Editor\Development\MyUEProject\UE4Editor-MyUEProject-0025.lib 和对象 E:\MyUEProject.git\MyUEProject\Intermediate\Build\Win64\UE4Editor\Development\MyUEProject\UE4Editor-MyUEProject-0025.exp
    [9/10] UE4Editor-MyUEProject-0025.dll
      正在创建库 E:\MyUEProject.git\MyUEProject\Intermediate\Build\Win64\UE4Editor\Development\MyUEProject\UE4Editor-MyUEProject-0025.suppressed.lib 和对象 E:\MyUEProject.git\MyUEProject\Intermediate\Build\Win64\UE4Editor\Development\MyUEProject\UE4Editor-MyUEProject-0025.suppressed.exp
    [10/10] MyUEProjectEditor.target
  Total time in Parallel executor: 13.45 seconds
  Total execution time: 23.14 seconds
