  Using 'git status' to determine working set for adaptive non-unity build (E:\MyUEProject.git).
  Creating makefile for AboutCGEditor (no existing makefile)
E:\MyUEProject.git\AboutCG\Plugins\GameSavePlugin\Source\GameSavePlugin\GameSavePlugin.Build.cs : warning : Modules must specify an explicit precompiled header (eg. PrivatePCHHeaderFile = "Private/GameSavePluginPrivatePCH.h") from UE 4.21 onwards.
E:\MyUEProject.git\AboutCG\Plugins\GameSavePlugin\Source\GameSavePlugin\GameSavePlugin.Build.cs : warning : Referenced directory 'E:\Epic Games\UE_4.22\Engine\Source\GameSavePlugin\Public' does not exist.
E:\MyUEProject.git\AboutCG\Plugins\GameSavePlugin\Source\GameSavePlugin\GameSavePlugin.Build.cs : warning : Referenced directory 'E:\Epic Games\UE_4.22\Engine\Source\GameSavePlugin\Public\Define' does not exist.
E:\MyUEProject.git\AboutCG\Plugins\BlueprintReflection\Source\BlueprintReflectionPlugin\BlueprintReflectionPlugin.Build.cs : warning : Modules must specify an explicit precompiled header (eg. PrivatePCHHeaderFile = "Classes/BlueprintReflectionFunctions.h") from UE 4.21 onwards.
  Parsing headers for AboutCGEditor
    Running UnrealHeaderTool "E:\MyUEProject.git\AboutCG\AboutCG.uproject" "E:\MyUEProject.git\AboutCG\Intermediate\Build\Win64\AboutCGEditor\Development\AboutCGEditor.uhtmanifest" -LogCmds="loginit warning, logexit warning, logdatabase error" -Unattended -WarningsAsErrors -installed
  E:/MyUEProject.git/AboutCG/Plugins/GameSavePlugin/Source/GameSavePlugin/Public/Define/SaveDataStruct.h(20) : LogCompile: Error: Cannot expose property to blueprints in a struct that is not a BlueprintType. BaseData.UniqueId
  E:/MyUEProject.git/AboutCG/Plugins/GameSavePlugin/Source/GameSavePlugin/Public/Define/SaveDataStruct.h(22) : LogCompile: Error: Cannot expose property to blueprints in a struct that is not a BlueprintType. BaseData.Name
  E:/MyUEProject.git/AboutCG/Plugins/GameSavePlugin/Source/GameSavePlugin/Public/Define/SaveDataStruct.h(24) : LogCompile: Error: Cannot expose property to blueprints in a struct that is not a BlueprintType. BaseData.Sate
  E:/MyUEProject.git/AboutCG/Plugins/GameSavePlugin/Source/GameSavePlugin/Public/Define/SaveDataStruct.h(58) : LogCompile: Error: Cannot expose property to blueprints in a struct that is not a BlueprintType. ActorData.WorldTransform
  E:/MyUEProject.git/AboutCG/Plugins/GameSavePlugin/Source/GameSavePlugin/Public/Define/SaveDataStruct.h(60) : LogCompile: Error: Cannot expose property to blueprints in a struct that is not a BlueprintType. ActorData.bHideInGame
  E:/MyUEProject.git/AboutCG/Plugins/GameSavePlugin/Source/GameSavePlugin/Public/Define/SaveDataStruct.h(62) : LogCompile: Error: Cannot expose property to blueprints in a struct that is not a BlueprintType. ActorData.AssetPath
  E:/MyUEProject.git/AboutCG/Plugins/GameSavePlugin/Source/GameSavePlugin/Public/GameSaveInfo.h(39) : LogCompile: Error: Type 'TArray<FObjectData>' is not supported by blueprint. GetSaveDataObjectArray.ReturnValue
  E:/MyUEProject.git/AboutCG/Plugins/GameSavePlugin/Source/GameSavePlugin/Public/GameSaveInfo.h(42) : LogCompile: Error: Type 'TArray<FActorData>' is not supported by blueprint. GetSaveDataActorArray.ReturnValue
  E:/MyUEProject.git/AboutCG/Plugins/GameSavePlugin/Source/GameSavePlugin/Public/GameSaveInfo.h(45) : LogCompile: Error: Type 'TArray<FCharacterData>' is not supported by blueprint. GetSaveDataCharacterArray.ReturnValue
  E:/MyUEProject.git/AboutCG/Plugins/GameSavePlugin/Source/GameSavePlugin/Public/GameSaveInfo.h(48) : LogCompile: Error: Type 'TArray<FLevelData>' is not supported by blueprint. GetSaveDataLevelArray.ReturnValue
  E:/MyUEProject.git/AboutCG/Plugins/GameSavePlugin/Source/GameSavePlugin/Public/GameSaveInfo.h(51) : LogCompile: Error: Type 'TArray<FGameInstanceData>' is not supported by blueprint. GetSaveDataInstanceArray.ReturnValue
  E:/MyUEProject.git/AboutCG/Plugins/GameSavePlugin/Source/GameSavePlugin/Public/GameSaveInfo.h(54) : LogCompile: Error: Type 'TArray<FGameModeData>' is not supported by blueprint. GetSaveDataModeArray.ReturnValue
  E:/MyUEProject.git/AboutCG/Plugins/GameSavePlugin/Source/GameSavePlugin/Public/GameSaveInfo.h(57) : LogCompile: Error: Type 'TArray<FGameStateData>' is not supported by blueprint. GetSaveDataStateArray.ReturnValue
  E:/MyUEProject.git/AboutCG/Plugins/GameSavePlugin/Source/GameSavePlugin/Public/GameSaveInfo.h(63) : LogCompile: Error: Type 'TMap<int32,FObjectData>' is not supported by blueprint. GameSaveInfo.ObjectsDataMap
  E:/MyUEProject.git/AboutCG/Plugins/GameSavePlugin/Source/GameSavePlugin/Public/GameSaveInfo.h(67) : LogCompile: Error: Type 'TMap<int32,FActorData>' is not supported by blueprint. GameSaveInfo.ActorsDataMap
  E:/MyUEProject.git/AboutCG/Plugins/GameSavePlugin/Source/GameSavePlugin/Public/GameSaveInfo.h(71) : LogCompile: Error: Type 'TMap<int32,FCharacterData>' is not supported by blueprint. GameSaveInfo.CharacterDataMap
  E:/MyUEProject.git/AboutCG/Plugins/GameSavePlugin/Source/GameSavePlugin/Public/GameSaveInfo.h(75) : LogCompile: Error: Type 'TMap<int32,FLevelData>' is not supported by blueprint. GameSaveInfo.LevelDataMap
  E:/MyUEProject.git/AboutCG/Plugins/GameSavePlugin/Source/GameSavePlugin/Public/GameSaveInfo.h(79) : LogCompile: Error: Type 'TMap<int32,FGameInstanceData>' is not supported by blueprint. GameSaveInfo.GameInstanceDataMap
  E:/MyUEProject.git/AboutCG/Plugins/GameSavePlugin/Source/GameSavePlugin/Public/GameSaveInfo.h(83) : LogCompile: Error: Type 'TMap<int32,FGameModeData>' is not supported by blueprint. GameSaveInfo.GameModeDataMap
  E:/MyUEProject.git/AboutCG/Plugins/GameSavePlugin/Source/GameSavePlugin/Public/GameSaveInfo.h(87) : LogCompile: Error: Type 'TMap<int32,FGameStateData>' is not supported by blueprint. GameSaveInfo.GameStateDataMap
  E:/MyUEProject.git/AboutCG/Plugins/GameSavePlugin/Source/GameSavePlugin/Public/Define/SaveDataManager.h(83) : LogCompile: Error: Type 'FBaseData' is not supported by blueprint. UpdateSaveDataHandle__DelegateSignature.DataStruct
C:\Program Files (x86)\Microsoft Visual Studio\2017\Enterprise\Common7\IDE\VC\VCTargets\Microsoft.MakeFile.Targets(44,5): error MSB3075: 命令“"E:\Epic Games\UE_4.22\Engine\Build\BatchFiles\Build.bat" AboutCGEditor Win64 Development -Project="E:\MyUEProject.git\AboutCG\AboutCG.uproject" -WaitMutex -FromMsBuild”已退出，代码为 5。请验证您是否拥有运行此命令的足够权限。
