Log file open, 07/20/19 14:19:57
LogWindows: Failed to load 'aqProf.dll' (GetLastError=126)
LogWindows: File 'aqProf.dll' does not exist
LogWindows: Failed to load 'VtuneApi.dll' (GetLastError=126)
LogWindows: File 'VtuneApi.dll' does not exist
LogWindows: Failed to load 'VtuneApi32e.dll' (GetLastError=126)
LogWindows: File 'VtuneApi32e.dll' does not exist
LogConsoleResponse: Display: Failed to find resolution value strings in scalability ini. Falling back to default.
LogInit: Display: Running engine for game: AboutCG
LogPakFile: Registered encryption key '00000000000000000000000000000000': 0 pak files mounted, 0 remain pending
LogPlatformFile: Not using cached read wrapper
LogTaskGraph: Started task graph with 5 named threads and 23 total threads with 3 sets of task threads.
LogStats: Stats thread started at 0.297202
LogD3D11RHI: Loaded GFSDK_Aftermath_Lib.x64.dll
LogICUInternationalization: ICU TimeZone Detection - Raw Offset: +8:00, Platform Override: ''
LogPluginManager: Mounting plugin Paper2D
LogPluginManager: Mounting plugin AISupport
LogPluginManager: Mounting plugin LightPropagationVolume
LogPluginManager: Mounting plugin ActorLayerUtilities
LogPluginManager: Mounting plugin CLionSourceCodeAccess
LogPluginManager: Mounting plugin CodeLiteSourceCodeAccess
LogPluginManager: Mounting plugin GitSourceControl
LogPluginManager: Mounting plugin KDevelopSourceCodeAccess
LogPluginManager: Mounting plugin NullSourceCodeAccess
LogPluginManager: Mounting plugin PerforceSourceControl
LogPluginManager: Mounting plugin SubversionSourceControl
LogPluginManager: Mounting plugin UObjectPlugin
LogPluginManager: Mounting plugin VisualStudioCodeSourceCodeAccess
LogPluginManager: Mounting plugin VisualStudioSourceCodeAccess
LogPluginManager: Mounting plugin XCodeSourceCodeAccess
LogPluginManager: Mounting plugin AssetManagerEditor
LogPluginManager: Mounting plugin CryptoKeys
LogPluginManager: Mounting plugin DataValidation
LogPluginManager: Mounting plugin FacialAnimation
LogPluginManager: Mounting plugin GameplayTagsEditor
LogPluginManager: Mounting plugin MacGraphicsSwitching
LogPluginManager: Mounting plugin MeshEditor
LogPluginManager: Mounting plugin MobileLauncherProfileWizard
LogPluginManager: Mounting plugin PluginBrowser
LogPluginManager: Mounting plugin SpeedTreeImporter
LogPluginManager: Mounting plugin DatasmithContent
LogPluginManager: Mounting plugin VariantManagerContent
LogPluginManager: Mounting plugin AlembicImporter
LogPluginManager: Mounting plugin AppleImageUtils
LogPluginManager: Mounting plugin AppleVision
LogPluginManager: Mounting plugin BackChannel
LogPluginManager: Mounting plugin CharacterAI
LogPluginManager: Mounting plugin GeometryCache
LogPluginManager: Mounting plugin HTML5Networking
LogPluginManager: Mounting plugin ProxyLODPlugin
LogPluginManager: Mounting plugin MagicLeap
LogPluginManager: Mounting plugin MagicLeapMedia
LogPluginManager: Mounting plugin AndroidMedia
LogPluginManager: Mounting plugin AvfMedia
LogPluginManager: Mounting plugin ImgMedia
LogPluginManager: Mounting plugin LinearTimecode
LogPluginManager: Mounting plugin MediaCompositing
LogPluginManager: Mounting plugin MediaPlayerEditor
LogPluginManager: Mounting plugin WebMMedia
LogPluginManager: Mounting plugin WmfMedia
LogPluginManager: Mounting plugin TcpMessaging
LogPluginManager: Mounting plugin UdpMessaging
LogPluginManager: Mounting plugin ActorSequence
LogPluginManager: Mounting plugin LevelSequenceEditor
LogPluginManager: Mounting plugin MatineeToLevelSequence
LogPluginManager: Mounting plugin NetcodeUnitTest
LogPluginManager: Mounting plugin NUTUnrealEngine4
LogPluginManager: Mounting plugin OnlineSubsystemGooglePlay
LogPluginManager: Mounting plugin OnlineSubsystemIOS
LogPluginManager: Mounting plugin OnlineSubsystem
LogPluginManager: Mounting plugin OnlineSubsystemNull
LogPluginManager: Mounting plugin OnlineSubsystemUtils
LogPluginManager: Mounting plugin LauncherChunkInstaller
LogPluginManager: Mounting plugin AndroidDeviceProfileSelector
LogPluginManager: Mounting plugin AndroidMoviePlayer
LogPluginManager: Mounting plugin AndroidPermission
LogPluginManager: Mounting plugin AppleMoviePlayer
LogPluginManager: Mounting plugin ArchVisCharacter
LogPluginManager: Mounting plugin AudioCapture
LogPluginManager: Mounting plugin CableComponent
LogPluginManager: Mounting plugin CustomMeshComponent
LogPluginManager: Mounting plugin EditableMesh
LogPluginManager: Mounting plugin ExampleDeviceProfileSelector
LogPluginManager: Mounting plugin Firebase
LogPluginManager: Mounting plugin GoogleCloudMessaging
LogPluginManager: Mounting plugin IOSDeviceProfileSelector
LogPluginManager: Mounting plugin LinuxDeviceProfileSelector
LogPluginManager: Mounting plugin LocationServicesBPLibrary
LogPluginManager: Mounting plugin MobilePatchingUtils
LogPluginManager: Mounting plugin OculusVR
LogPluginManager: Mounting plugin PhysXVehicles
LogPluginManager: Mounting plugin ProceduralMeshComponent
LogPluginManager: Mounting plugin RuntimePhysXCooking
LogPluginManager: Mounting plugin SteamVR
LogPluginManager: Mounting plugin WebMMoviePlayer
LogPluginManager: Mounting plugin WindowsMoviePlayer
LogPluginManager: Mounting plugin MyEditorStandalonePlugin
LogPluginManager: Mounting plugin MyPlugin
LogStreaming: Display: Took  1.138s to configure plugins.
LogInit: Using libcurl 7.55.1-DEV
LogInit:  - built for x86_64-pc-win32
LogInit:  - supports SSL with OpenSSL/1.0.2h
LogInit:  - supports HTTP deflate (compression) using libz 1.2.8
LogInit:  - other features:
LogInit:      CURL_VERSION_SSL
LogInit:      CURL_VERSION_LIBZ
LogInit:      CURL_VERSION_IPV6
LogInit:      CURL_VERSION_ASYNCHDNS
LogInit:      CURL_VERSION_LARGEFILE
LogInit:      CURL_VERSION_IDN
LogInit:  CurlRequestOptions (configurable via config and command line):
LogInit:  - bVerifyPeer = true  - Libcurl will verify peer certificate
LogInit:  - bUseHttpProxy = false  - Libcurl will NOT use HTTP proxy
LogInit:  - bDontReuseConnections = false  - Libcurl will reuse connections
LogInit:  - MaxHostConnections = 16  - Libcurl will limit the number of connections to a host
LogInit:  - LocalHostAddr = Default
LogInit:  - BufferSize = 65536
LogInit: WinSock: version 1.1 (2.2), MaxSocks=32767, MaxUdp=65467
LogInit: Build: ++UE4+Release-4.21-CL-4753647
LogInit: Engine Version: 4.21.2-4753647+++UE4+Release-4.21
LogInit: Compatible Engine Version: 4.21.0-4541578+++UE4+Release-4.21
LogInit: Net CL: 4541578
LogInit: OS: Windows 10 (), CPU: Intel(R) Xeon(R) CPU E3-1230 v5 @ 3.40GHz, GPU: NVIDIA GeForce GTX 1070
LogInit: Compiled (64-bit): Jan 19 2019 02:07:31
LogInit: Compiled with Visual C++: 19.13.26129.00
LogInit: Build Configuration: Development
LogInit: Branch Name: ++UE4+Release-4.21
LogInit: Command Line:  -EpicPortal -epicusername=YunShang-99 -epicuserid=82a635845ccc412cbae6ee1343938b8c -epiclocale=zh-CN
LogInit: Base Directory: E:/Epic Games/UE_4.21/Engine/Binaries/Win64/
LogInit: Installed Engine Build: 1
LogDevObjectVersion: Number of dev versions registered: 22
LogDevObjectVersion:   Dev-Blueprints (B0D832E4-1F89-4F0D-ACCF-7EB736FD4AA2): 10
LogDevObjectVersion:   Dev-Build (E1C64328-A22C-4D53-A36C-8E866417BD8C): 0
LogDevObjectVersion:   Dev-Core (375EC13C-06E4-48FB-B500-84F0262A717E): 2
LogDevObjectVersion:   Dev-Editor (E4B068ED-F494-42E9-A231-DA0B2E46BB41): 26
LogDevObjectVersion:   Dev-Framework (CFFC743F-43B0-4480-9391-14DF171D2073): 34
LogDevObjectVersion:   Dev-Mobile (B02B49B5-BB20-44E9-A304-32B752E40360): 2
LogDevObjectVersion:   Dev-Networking (A4E4105C-59A1-49B5-A7C5-40C4547EDFEE): 0
LogDevObjectVersion:   Dev-Online (39C831C9-5AE6-47DC-9A44-9C173E1C8E7C): 0
LogDevObjectVersion:   Dev-Physics (78F01B33-EBEA-4F98-B9B4-84EACCB95AA2): 0
LogDevObjectVersion:   Dev-Platform (6631380F-2D4D-43E0-8009-CF276956A95A): 0
LogDevObjectVersion:   Dev-Rendering (12F88B9F-8875-4AFC-A67C-D90C383ABD29): 27
LogDevObjectVersion:   Dev-Sequencer (7B5AE74C-D270-4C10-A958-57980B212A5A): 9
LogDevObjectVersion:   Dev-VR (D7296918-1DD6-4BDD-9DE2-64A83CC13884): 2
LogDevObjectVersion:   Dev-LoadTimes (C2A15278-BFE7-4AFE-6C17-90FF531DF755): 1
LogDevObjectVersion:   Private-Geometry (6EACA3D4-40EC-4CC1-B786-8BED09428FC5): 3
LogDevObjectVersion:   Dev-AnimPhys (29E575DD-E0A3-4627-9D10-D276232CDCEA): 17
LogDevObjectVersion:   Dev-Anim (AF43A65D-7FD3-4947-9873-3E8ED9C1BB05): 2
LogDevObjectVersion:   Dev-ReflectionCapture (6B266CEC-1EC7-4B8F-A30B-E4D90942FC07): 1
LogDevObjectVersion:   Dev-Automation (0DF73D61-A23F-47EA-B727-89E90C41499A): 1
LogDevObjectVersion:   FortniteMain (601D1886-AC64-4F84-AA16-D3DE0DEAC7D6): 17
LogDevObjectVersion:   Dev-Enterprise (9DFFBCD6-494F-0158-E221-12823C92A888): 4
LogDevObjectVersion:   Dev-Niagara (F2AED0AC-9AFE-416F-8664-AA7FFA26D6FC): 1
LogStreaming: Display: Took  0.019s to delete old logs.
LogInit: Presizing for max 8388607 objects, including 0 objects not considered by GC, pre-allocating 0 bytes for permanent pool.
LogInit: Object subsystem initialized
LogConfig: Setting CVar [[con.DebugEarlyDefault:1]]
LogConfig: Setting CVar [[r.setres:1280x720]]
[2019.07.20-06.19.58:266][  0]LogConfig: Setting CVar [[r.VSync:0]]
[2019.07.20-06.19.58:266][  0]LogConfig: Setting CVar [[r.RHICmdBypass:0]]
[2019.07.20-06.19.58:266][  0]LogConfig: Applying CVar settings from Section [/Script/Engine.RendererSettings] File [E:/UnrealProject/AboutCG/Saved/Config/Windows/Engine.ini]
[2019.07.20-06.19.58:266][  0]LogConfig: Setting CVar [[r.GPUCrashDebugging:0]]
[2019.07.20-06.19.58:266][  0]LogConfig: Applying CVar settings from Section [/Script/Engine.RendererOverrideSettings] File [E:/UnrealProject/AboutCG/Saved/Config/Windows/Engine.ini]
[2019.07.20-06.19.58:267][  0]LogConfig: Setting CVar [[r.SupportAllShaderPermutations:1]]
[2019.07.20-06.19.58:267][  0]LogConfig: Setting CVar [[r.SkinCache.ForceRecomputeTangents:1]]
[2019.07.20-06.19.58:267][  0]LogConfig: Applying CVar settings from Section [/Script/Engine.StreamingSettings] File [E:/UnrealProject/AboutCG/Saved/Config/Windows/Engine.ini]
[2019.07.20-06.19.58:267][  0]LogConfig: Setting CVar [[s.MinBulkDataSizeForAsyncLoading:131072]]
[2019.07.20-06.19.58:267][  0]LogConfig: Setting CVar [[s.AsyncLoadingThreadEnabled:0]]
[2019.07.20-06.19.58:267][  0]LogConfig: Setting CVar [[s.EventDrivenLoaderEnabled:1]]
[2019.07.20-06.19.58:267][  0]LogConfig: Setting CVar [[s.WarnIfTimeLimitExceeded:0]]
[2019.07.20-06.19.58:267][  0]LogConfig: Setting CVar [[s.TimeLimitExceededMultiplier:1.5]]
[2019.07.20-06.19.58:267][  0]LogConfig: Setting CVar [[s.TimeLimitExceededMinTime:0.005]]
[2019.07.20-06.19.58:267][  0]LogConfig: Setting CVar [[s.UseBackgroundLevelStreaming:1]]
[2019.07.20-06.19.58:267][  0]LogConfig: Setting CVar [[s.PriorityAsyncLoadingExtraTime:15.0]]
[2019.07.20-06.19.58:267][  0]LogConfig: Setting CVar [[s.LevelStreamingActorsUpdateTimeLimit:5.0]]
[2019.07.20-06.19.58:267][  0]LogConfig: Setting CVar [[s.PriorityLevelStreamingActorsUpdateExtraTime:5.0]]
[2019.07.20-06.19.58:267][  0]LogConfig: Setting CVar [[s.LevelStreamingComponentsRegistrationGranularity:10]]
[2019.07.20-06.19.58:267][  0]LogConfig: Setting CVar [[s.UnregisterComponentsTimeLimit:1.0]]
[2019.07.20-06.19.58:267][  0]LogConfig: Setting CVar [[s.LevelStreamingComponentsUnregistrationGranularity:5]]
[2019.07.20-06.19.58:267][  0]LogConfig: Applying CVar settings from Section [/Script/Engine.GarbageCollectionSettings] File [E:/UnrealProject/AboutCG/Saved/Config/Windows/Engine.ini]
[2019.07.20-06.19.58:267][  0]LogConfig: Setting CVar [[gc.MaxObjectsNotConsideredByGC:1]]
[2019.07.20-06.19.58:267][  0]LogConfig: Setting CVar [[gc.SizeOfPermanentObjectPool:0]]
[2019.07.20-06.19.58:267][  0]LogConfig: Setting CVar [[gc.FlushStreamingOnGC:0]]
[2019.07.20-06.19.58:267][  0]LogConfig: Setting CVar [[gc.NumRetriesBeforeForcingGC:10]]
[2019.07.20-06.19.58:267][  0]LogConfig: Setting CVar [[gc.AllowParallelGC:1]]
[2019.07.20-06.19.58:267][  0]LogConfig: Setting CVar [[gc.TimeBetweenPurgingPendingKillObjects:61.1]]
[2019.07.20-06.19.58:267][  0]LogConfig: Setting CVar [[gc.MaxObjectsInEditor:8388607]]
[2019.07.20-06.19.58:267][  0]LogConfig: Setting CVar [[gc.IncrementalBeginDestroyEnabled:1]]
[2019.07.20-06.19.58:267][  0]LogConfig: Setting CVar [[gc.CreateGCClusters:1]]
[2019.07.20-06.19.58:267][  0]LogConfig: Setting CVar [[gc.MergeGCClusters:0]]
[2019.07.20-06.19.58:267][  0]LogConfig: Setting CVar [[gc.MinGCClusterSize:5]]
[2019.07.20-06.19.58:267][  0]LogConfig: Setting CVar [[gc.ActorClusteringEnabled:0]]
[2019.07.20-06.19.58:267][  0]LogConfig: Setting CVar [[gc.BlueprintClusteringEnabled:0]]
[2019.07.20-06.19.58:267][  0]LogConfig: Setting CVar [[gc.UseDisregardForGCOnDedicatedServers:0]]
[2019.07.20-06.19.58:267][  0]LogConfig: Applying CVar settings from Section [/Script/Engine.NetworkSettings] File [E:/UnrealProject/AboutCG/Saved/Config/Windows/Engine.ini]
[2019.07.20-06.19.58:267][  0]LogConfig: Applying CVar settings from Section [/Script/UnrealEd.CookerSettings] File [E:/UnrealProject/AboutCG/Saved/Config/Windows/Engine.ini]
[2019.07.20-06.19.58:275][  0]LogConfig: Applying CVar settings from Section [ViewDistanceQuality@3] File [E:/UnrealProject/AboutCG/Saved/Config/Windows/Scalability.ini]
[2019.07.20-06.19.58:275][  0]LogConfig: Setting CVar [[r.SkeletalMeshLODBias:0]]
[2019.07.20-06.19.58:275][  0]LogConfig: Setting CVar [[r.ViewDistanceScale:1.0]]
[2019.07.20-06.19.58:275][  0]LogConfig: Applying CVar settings from Section [AntiAliasingQuality@3] File [E:/UnrealProject/AboutCG/Saved/Config/Windows/Scalability.ini]
[2019.07.20-06.19.58:275][  0]LogConfig: Setting CVar [[r.PostProcessAAQuality:4]]
[2019.07.20-06.19.58:275][  0]LogConfig: Applying CVar settings from Section [ShadowQuality@3] File [E:/UnrealProject/AboutCG/Saved/Config/Windows/Scalability.ini]
[2019.07.20-06.19.58:275][  0]LogConfig: Setting CVar [[r.LightFunctionQuality:1]]
[2019.07.20-06.19.58:275][  0]LogConfig: Setting CVar [[r.ShadowQuality:5]]
[2019.07.20-06.19.58:275][  0]LogConfig: Setting CVar [[r.Shadow.CSM.MaxCascades:10]]
[2019.07.20-06.19.58:275][  0]LogConfig: Setting CVar [[r.Shadow.MaxResolution:2048]]
[2019.07.20-06.19.58:276][  0]LogConfig: Setting CVar [[r.Shadow.MaxCSMResolution:2048]]
[2019.07.20-06.19.58:276][  0]LogConfig: Setting CVar [[r.Shadow.RadiusThreshold:0.01]]
[2019.07.20-06.19.58:276][  0]LogConfig: Setting CVar [[r.Shadow.DistanceScale:1.0]]
[2019.07.20-06.19.58:276][  0]LogConfig: Setting CVar [[r.Shadow.CSM.TransitionScale:1.0]]
[2019.07.20-06.19.58:276][  0]LogConfig: Setting CVar [[r.Shadow.PreShadowResolutionFactor:1.0]]
[2019.07.20-06.19.58:276][  0]LogConfig: Setting CVar [[r.DistanceFieldShadowing:1]]
[2019.07.20-06.19.58:276][  0]LogConfig: Setting CVar [[r.DistanceFieldAO:1]]
[2019.07.20-06.19.58:276][  0]LogConfig: Setting CVar [[r.AOQuality:2]]
[2019.07.20-06.19.58:276][  0]LogConfig: Setting CVar [[r.VolumetricFog:1]]
[2019.07.20-06.19.58:276][  0]LogConfig: Setting CVar [[r.VolumetricFog.GridPixelSize:8]]
[2019.07.20-06.19.58:276][  0]LogConfig: Setting CVar [[r.VolumetricFog.GridSizeZ:128]]
[2019.07.20-06.19.58:276][  0]LogConfig: Setting CVar [[r.VolumetricFog.HistoryMissSupersampleCount:4]]
[2019.07.20-06.19.58:276][  0]LogConfig: Setting CVar [[r.LightMaxDrawDistanceScale:1]]
[2019.07.20-06.19.58:276][  0]LogConfig: Setting CVar [[r.CapsuleShadows:1]]
[2019.07.20-06.19.58:276][  0]LogConfig: Applying CVar settings from Section [PostProcessQuality@3] File [E:/UnrealProject/AboutCG/Saved/Config/Windows/Scalability.ini]
[2019.07.20-06.19.58:276][  0]LogConfig: Setting CVar [[r.MotionBlurQuality:4]]
[2019.07.20-06.19.58:276][  0]LogConfig: Setting CVar [[r.AmbientOcclusionMipLevelFactor:0.4]]
[2019.07.20-06.19.58:276][  0]LogConfig: Setting CVar [[r.AmbientOcclusionMaxQuality:100]]
[2019.07.20-06.19.58:276][  0]LogConfig: Setting CVar [[r.AmbientOcclusionLevels:-1]]
[2019.07.20-06.19.58:276][  0]LogConfig: Setting CVar [[r.AmbientOcclusionRadiusScale:1.0]]
[2019.07.20-06.19.58:276][  0]LogConfig: Setting CVar [[r.DepthOfFieldQuality:2]]
[2019.07.20-06.19.58:276][  0]LogConfig: Setting CVar [[r.RenderTargetPoolMin:400]]
[2019.07.20-06.19.58:276][  0]LogConfig: Setting CVar [[r.LensFlareQuality:2]]
[2019.07.20-06.19.58:276][  0]LogConfig: Setting CVar [[r.SceneColorFringeQuality:1]]
[2019.07.20-06.19.58:276][  0]LogConfig: Setting CVar [[r.EyeAdaptationQuality:2]]
[2019.07.20-06.19.58:276][  0]LogConfig: Setting CVar [[r.BloomQuality:5]]
[2019.07.20-06.19.58:276][  0]LogConfig: Setting CVar [[r.FastBlurThreshold:100]]
[2019.07.20-06.19.58:276][  0]LogConfig: Setting CVar [[r.Upscale.Quality:3]]
[2019.07.20-06.19.58:276][  0]LogConfig: Setting CVar [[r.Tonemapper.GrainQuantization:1]]
[2019.07.20-06.19.58:276][  0]LogConfig: Setting CVar [[r.LightShaftQuality:1]]
[2019.07.20-06.19.58:276][  0]LogConfig: Setting CVar [[r.Filter.SizeScale:1]]
[2019.07.20-06.19.58:276][  0]LogConfig: Setting CVar [[r.Tonemapper.Quality:5]]
[2019.07.20-06.19.58:276][  0]LogConfig: Setting CVar [[r.DOF.Gather.AccumulatorQuality:1        ; higher gathering accumulator quality]]
[2019.07.20-06.19.58:276][  0]LogConfig: Setting CVar [[r.DOF.Gather.PostfilterMethod:1          ; Median3x3 postfilering method]]
[2019.07.20-06.19.58:276][  0]LogConfig: Setting CVar [[r.DOF.Gather.EnableBokehSettings:0       ; no bokeh simulation when gathering]]
[2019.07.20-06.19.58:276][  0]LogConfig: Setting CVar [[r.DOF.Gather.RingCount:4                 ; medium number of samples when gathering]]
[2019.07.20-06.19.58:276][  0]LogConfig: Setting CVar [[r.DOF.Scatter.ForegroundCompositing:1    ; additive foreground scattering]]
[2019.07.20-06.19.58:276][  0]LogConfig: Setting CVar [[r.DOF.Scatter.BackgroundCompositing:2    ; additive background scattering]]
[2019.07.20-06.19.58:276][  0]LogConfig: Setting CVar [[r.DOF.Scatter.EnableBokehSettings:1      ; bokeh simulation when scattering]]
[2019.07.20-06.19.58:276][  0]LogConfig: Setting CVar [[r.DOF.Scatter.MaxSpriteRatio:0.1         ; only a maximum of 10% of scattered bokeh]]
[2019.07.20-06.19.58:276][  0]LogConfig: Setting CVar [[r.DOF.Recombine.Quality:1                ; cheap slight out of focus]]
[2019.07.20-06.19.58:276][  0]LogConfig: Setting CVar [[r.DOF.Recombine.EnableBokehSettings:0    ; no bokeh simulation on slight out of focus]]
[2019.07.20-06.19.58:276][  0]LogConfig: Setting CVar [[r.DOF.TemporalAAQuality:1                ; more stable temporal accumulation]]
[2019.07.20-06.19.58:276][  0]LogConfig: Setting CVar [[r.DOF.Kernel.MaxForegroundRadius:0.025]]
[2019.07.20-06.19.58:276][  0]LogConfig: Setting CVar [[r.DOF.Kernel.MaxBackgroundRadius:0.025]]
[2019.07.20-06.19.58:276][  0]LogConfig: Applying CVar settings from Section [TextureQuality@3] File [E:/UnrealProject/AboutCG/Saved/Config/Windows/Scalability.ini]
[2019.07.20-06.19.58:276][  0]LogConfig: Setting CVar [[r.Streaming.MipBias:0]]
[2019.07.20-06.19.58:276][  0]LogConfig: Setting CVar [[r.Streaming.AmortizeCPUToGPUCopy:0]]
[2019.07.20-06.19.58:276][  0]LogConfig: Setting CVar [[r.Streaming.MaxNumTexturesToStreamPerFrame:0]]
[2019.07.20-06.19.58:276][  0]LogConfig: Setting CVar [[r.Streaming.Boost:1]]
[2019.07.20-06.19.58:276][  0]LogConfig: Setting CVar [[r.MaxAnisotropy:8]]
[2019.07.20-06.19.58:276][  0]LogConfig: Setting CVar [[r.Streaming.LimitPoolSizeToVRAM:0]]
[2019.07.20-06.19.58:276][  0]LogConfig: Setting CVar [[r.Streaming.PoolSize:1000]]
[2019.07.20-06.19.58:276][  0]LogConfig: Setting CVar [[r.Streaming.MaxEffectiveScreenSize:0]]
[2019.07.20-06.19.58:276][  0]LogConfig: Applying CVar settings from Section [EffectsQuality@3] File [E:/UnrealProject/AboutCG/Saved/Config/Windows/Scalability.ini]
[2019.07.20-06.19.58:276][  0]LogConfig: Setting CVar [[r.TranslucencyLightingVolumeDim:64]]
[2019.07.20-06.19.58:276][  0]LogConfig: Setting CVar [[r.RefractionQuality:2]]
[2019.07.20-06.19.58:276][  0]LogConfig: Setting CVar [[r.SSR.Quality:3]]
[2019.07.20-06.19.58:276][  0]LogConfig: Setting CVar [[r.SceneColorFormat:4]]
[2019.07.20-06.19.58:276][  0]LogConfig: Setting CVar [[r.DetailMode:2]]
[2019.07.20-06.19.58:276][  0]LogConfig: Setting CVar [[r.TranslucencyVolumeBlur:1]]
[2019.07.20-06.19.58:276][  0]LogConfig: Setting CVar [[r.MaterialQualityLevel:1 ; High quality]]
[2019.07.20-06.19.58:276][  0]LogConfig: Setting CVar [[r.SSS.Scale:1]]
[2019.07.20-06.19.58:276][  0]LogConfig: Setting CVar [[r.SSS.SampleSet:2]]
[2019.07.20-06.19.58:276][  0]LogConfig: Setting CVar [[r.SSS.Quality:1]]
[2019.07.20-06.19.58:276][  0]LogConfig: Setting CVar [[r.SSS.HalfRes:1]]
[2019.07.20-06.19.58:276][  0]LogConfig: Setting CVar [[r.EmitterSpawnRateScale:1.0]]
[2019.07.20-06.19.58:276][  0]LogConfig: Setting CVar [[r.ParticleLightQuality:2]]
[2019.07.20-06.19.58:276][  0]LogConfig: Applying CVar settings from Section [FoliageQuality@3] File [E:/UnrealProject/AboutCG/Saved/Config/Windows/Scalability.ini]
[2019.07.20-06.19.58:276][  0]LogConfig: Setting CVar [[foliage.DensityScale:1.0]]
[2019.07.20-06.19.58:276][  0]LogConfig: Setting CVar [[grass.DensityScale:1.0]]
[2019.07.20-06.19.58:276][  0]LogInit: Selected Device Profile: [Windows]
[2019.07.20-06.19.58:276][  0]LogInit: Applying CVar settings loaded from the selected device profile: [Windows]
[2019.07.20-06.19.58:369][  0]LogHAL: Display: Platform has ~ 16 GB [17116987392 / 17179869184 / 16], which maps to Larger [LargestMinGB=32, LargerMinGB=12, DefaultMinGB=8, SmallerMinGB=6, SmallestMinGB=0)
[2019.07.20-06.19.58:369][  0]LogConfig: Setting CVar [[r.Vulkan.UseRealUBs:1]]
[2019.07.20-06.19.58:369][  0]LogInit: Going up to parent DeviceProfile []
[2019.07.20-06.19.58:369][  0]LogConfig: Applying CVar settings from Section [ViewDistanceQuality@3] File [E:/UnrealProject/AboutCG/Saved/Config/Windows/Scalability.ini]
[2019.07.20-06.19.58:369][  0]LogConfig: Setting CVar [[r.SkeletalMeshLODBias:0]]
[2019.07.20-06.19.58:369][  0]LogConfig: Setting CVar [[r.ViewDistanceScale:1.0]]
[2019.07.20-06.19.58:369][  0]LogConfig: Applying CVar settings from Section [AntiAliasingQuality@3] File [E:/UnrealProject/AboutCG/Saved/Config/Windows/Scalability.ini]
[2019.07.20-06.19.58:369][  0]LogConfig: Setting CVar [[r.PostProcessAAQuality:4]]
[2019.07.20-06.19.58:369][  0]LogConfig: Applying CVar settings from Section [ShadowQuality@3] File [E:/UnrealProject/AboutCG/Saved/Config/Windows/Scalability.ini]
[2019.07.20-06.19.58:369][  0]LogConfig: Setting CVar [[r.LightFunctionQuality:1]]
[2019.07.20-06.19.58:369][  0]LogConfig: Setting CVar [[r.ShadowQuality:5]]
[2019.07.20-06.19.58:369][  0]LogConfig: Setting CVar [[r.Shadow.CSM.MaxCascades:10]]
[2019.07.20-06.19.58:369][  0]LogConfig: Setting CVar [[r.Shadow.MaxResolution:2048]]
[2019.07.20-06.19.58:369][  0]LogConfig: Setting CVar [[r.Shadow.MaxCSMResolution:2048]]
[2019.07.20-06.19.58:369][  0]LogConfig: Setting CVar [[r.Shadow.RadiusThreshold:0.01]]
[2019.07.20-06.19.58:369][  0]LogConfig: Setting CVar [[r.Shadow.DistanceScale:1.0]]
[2019.07.20-06.19.58:369][  0]LogConfig: Setting CVar [[r.Shadow.CSM.TransitionScale:1.0]]
[2019.07.20-06.19.58:369][  0]LogConfig: Setting CVar [[r.Shadow.PreShadowResolutionFactor:1.0]]
[2019.07.20-06.19.58:369][  0]LogConfig: Setting CVar [[r.DistanceFieldShadowing:1]]
[2019.07.20-06.19.58:369][  0]LogConfig: Setting CVar [[r.DistanceFieldAO:1]]
[2019.07.20-06.19.58:369][  0]LogConfig: Setting CVar [[r.AOQuality:2]]
[2019.07.20-06.19.58:369][  0]LogConfig: Setting CVar [[r.VolumetricFog:1]]
[2019.07.20-06.19.58:370][  0]LogConfig: Setting CVar [[r.VolumetricFog.GridPixelSize:8]]
[2019.07.20-06.19.58:370][  0]LogConfig: Setting CVar [[r.VolumetricFog.GridSizeZ:128]]
[2019.07.20-06.19.58:370][  0]LogConfig: Setting CVar [[r.VolumetricFog.HistoryMissSupersampleCount:4]]
[2019.07.20-06.19.58:370][  0]LogConfig: Setting CVar [[r.LightMaxDrawDistanceScale:1]]
[2019.07.20-06.19.58:370][  0]LogConfig: Setting CVar [[r.CapsuleShadows:1]]
[2019.07.20-06.19.58:370][  0]LogConfig: Applying CVar settings from Section [PostProcessQuality@3] File [E:/UnrealProject/AboutCG/Saved/Config/Windows/Scalability.ini]
[2019.07.20-06.19.58:370][  0]LogConfig: Setting CVar [[r.MotionBlurQuality:4]]
[2019.07.20-06.19.58:370][  0]LogConfig: Setting CVar [[r.AmbientOcclusionMipLevelFactor:0.4]]
[2019.07.20-06.19.58:370][  0]LogConfig: Setting CVar [[r.AmbientOcclusionMaxQuality:100]]
[2019.07.20-06.19.58:370][  0]LogConfig: Setting CVar [[r.AmbientOcclusionLevels:-1]]
[2019.07.20-06.19.58:370][  0]LogConfig: Setting CVar [[r.AmbientOcclusionRadiusScale:1.0]]
[2019.07.20-06.19.58:370][  0]LogConfig: Setting CVar [[r.DepthOfFieldQuality:2]]
[2019.07.20-06.19.58:370][  0]LogConfig: Setting CVar [[r.RenderTargetPoolMin:400]]
[2019.07.20-06.19.58:370][  0]LogConfig: Setting CVar [[r.LensFlareQuality:2]]
[2019.07.20-06.19.58:370][  0]LogConfig: Setting CVar [[r.SceneColorFringeQuality:1]]
[2019.07.20-06.19.58:370][  0]LogConfig: Setting CVar [[r.EyeAdaptationQuality:2]]
[2019.07.20-06.19.58:370][  0]LogConfig: Setting CVar [[r.BloomQuality:5]]
[2019.07.20-06.19.58:370][  0]LogConfig: Setting CVar [[r.FastBlurThreshold:100]]
[2019.07.20-06.19.58:370][  0]LogConfig: Setting CVar [[r.Upscale.Quality:3]]
[2019.07.20-06.19.58:370][  0]LogConfig: Setting CVar [[r.Tonemapper.GrainQuantization:1]]
[2019.07.20-06.19.58:370][  0]LogConfig: Setting CVar [[r.LightShaftQuality:1]]
[2019.07.20-06.19.58:370][  0]LogConfig: Setting CVar [[r.Filter.SizeScale:1]]
[2019.07.20-06.19.58:370][  0]LogConfig: Setting CVar [[r.Tonemapper.Quality:5]]
[2019.07.20-06.19.58:370][  0]LogConfig: Setting CVar [[r.DOF.Gather.AccumulatorQuality:1        ; higher gathering accumulator quality]]
[2019.07.20-06.19.58:370][  0]LogConfig: Setting CVar [[r.DOF.Gather.PostfilterMethod:1          ; Median3x3 postfilering method]]
[2019.07.20-06.19.58:370][  0]LogConfig: Setting CVar [[r.DOF.Gather.EnableBokehSettings:0       ; no bokeh simulation when gathering]]
[2019.07.20-06.19.58:370][  0]LogConfig: Setting CVar [[r.DOF.Gather.RingCount:4                 ; medium number of samples when gathering]]
[2019.07.20-06.19.58:370][  0]LogConfig: Setting CVar [[r.DOF.Scatter.ForegroundCompositing:1    ; additive foreground scattering]]
[2019.07.20-06.19.58:370][  0]LogConfig: Setting CVar [[r.DOF.Scatter.BackgroundCompositing:2    ; additive background scattering]]
[2019.07.20-06.19.58:370][  0]LogConfig: Setting CVar [[r.DOF.Scatter.EnableBokehSettings:1      ; bokeh simulation when scattering]]
[2019.07.20-06.19.58:370][  0]LogConfig: Setting CVar [[r.DOF.Scatter.MaxSpriteRatio:0.1         ; only a maximum of 10% of scattered bokeh]]
[2019.07.20-06.19.58:370][  0]LogConfig: Setting CVar [[r.DOF.Recombine.Quality:1                ; cheap slight out of focus]]
[2019.07.20-06.19.58:370][  0]LogConfig: Setting CVar [[r.DOF.Recombine.EnableBokehSettings:0    ; no bokeh simulation on slight out of focus]]
[2019.07.20-06.19.58:370][  0]LogConfig: Setting CVar [[r.DOF.TemporalAAQuality:1                ; more stable temporal accumulation]]
[2019.07.20-06.19.58:370][  0]LogConfig: Setting CVar [[r.DOF.Kernel.MaxForegroundRadius:0.025]]
[2019.07.20-06.19.58:370][  0]LogConfig: Setting CVar [[r.DOF.Kernel.MaxBackgroundRadius:0.025]]
[2019.07.20-06.19.58:370][  0]LogConfig: Applying CVar settings from Section [TextureQuality@3] File [E:/UnrealProject/AboutCG/Saved/Config/Windows/Scalability.ini]
[2019.07.20-06.19.58:370][  0]LogConfig: Setting CVar [[r.Streaming.MipBias:0]]
[2019.07.20-06.19.58:370][  0]LogConfig: Setting CVar [[r.Streaming.AmortizeCPUToGPUCopy:0]]
[2019.07.20-06.19.58:370][  0]LogConfig: Setting CVar [[r.Streaming.MaxNumTexturesToStreamPerFrame:0]]
[2019.07.20-06.19.58:370][  0]LogConfig: Setting CVar [[r.Streaming.Boost:1]]
[2019.07.20-06.19.58:370][  0]LogConfig: Setting CVar [[r.MaxAnisotropy:8]]
[2019.07.20-06.19.58:370][  0]LogConfig: Setting CVar [[r.Streaming.LimitPoolSizeToVRAM:0]]
[2019.07.20-06.19.58:370][  0]LogConfig: Setting CVar [[r.Streaming.PoolSize:1000]]
[2019.07.20-06.19.58:370][  0]LogConfig: Setting CVar [[r.Streaming.MaxEffectiveScreenSize:0]]
[2019.07.20-06.19.58:370][  0]LogConfig: Applying CVar settings from Section [EffectsQuality@3] File [E:/UnrealProject/AboutCG/Saved/Config/Windows/Scalability.ini]
[2019.07.20-06.19.58:371][  0]LogConfig: Setting CVar [[r.TranslucencyLightingVolumeDim:64]]
[2019.07.20-06.19.58:371][  0]LogConfig: Setting CVar [[r.RefractionQuality:2]]
[2019.07.20-06.19.58:371][  0]LogConfig: Setting CVar [[r.SSR.Quality:3]]
[2019.07.20-06.19.58:371][  0]LogConfig: Setting CVar [[r.SceneColorFormat:4]]
[2019.07.20-06.19.58:371][  0]LogConfig: Setting CVar [[r.DetailMode:2]]
[2019.07.20-06.19.58:371][  0]LogConfig: Setting CVar [[r.TranslucencyVolumeBlur:1]]
[2019.07.20-06.19.58:371][  0]LogConfig: Setting CVar [[r.MaterialQualityLevel:1 ; High quality]]
[2019.07.20-06.19.58:371][  0]LogConfig: Setting CVar [[r.SSS.Scale:1]]
[2019.07.20-06.19.58:371][  0]LogConfig: Setting CVar [[r.SSS.SampleSet:2]]
[2019.07.20-06.19.58:371][  0]LogConfig: Setting CVar [[r.SSS.Quality:1]]
[2019.07.20-06.19.58:371][  0]LogConfig: Setting CVar [[r.SSS.HalfRes:1]]
[2019.07.20-06.19.58:371][  0]LogConfig: Setting CVar [[r.EmitterSpawnRateScale:1.0]]
[2019.07.20-06.19.58:371][  0]LogConfig: Setting CVar [[r.ParticleLightQuality:2]]
[2019.07.20-06.19.58:371][  0]LogConfig: Applying CVar settings from Section [FoliageQuality@3] File [E:/UnrealProject/AboutCG/Saved/Config/Windows/Scalability.ini]
[2019.07.20-06.19.58:371][  0]LogConfig: Setting CVar [[foliage.DensityScale:1.0]]
[2019.07.20-06.19.58:371][  0]LogConfig: Setting CVar [[grass.DensityScale:1.0]]
[2019.07.20-06.19.58:371][  0]LogConfig: Applying CVar settings from Section [Startup] File [../../../Engine/Config/ConsoleVariables.ini]
[2019.07.20-06.19.58:371][  0]LogConfig: Setting CVar [[net.UseAdaptiveNetUpdateFrequency:0]]
[2019.07.20-06.19.58:371][  0]LogConfig: Applying CVar settings from Section [ConsoleVariables] File [E:/UnrealProject/AboutCG/Saved/Config/Windows/Engine.ini]
[2019.07.20-06.19.58:371][  0]LogInit: Computer: DESKTOP-KUTOO4O
[2019.07.20-06.19.58:371][  0]LogInit: User: GuoZi
[2019.07.20-06.19.58:371][  0]LogInit: CPU Page size=4096, Cores=4
[2019.07.20-06.19.58:371][  0]LogInit: High frequency timer resolution =3.328125 MHz
[2019.07.20-06.19.58:372][  0]LogMemory: Memory total: Physical=15.9GB (16GB approx)
[2019.07.20-06.19.58:372][  0]LogMemory: Platform Memory Stats for Windows
[2019.07.20-06.19.58:372][  0]LogMemory: Process Physical Memory: 103.36 MB used, 103.36 MB peak
[2019.07.20-06.19.58:372][  0]LogMemory: Process Virtual Memory: 89.65 MB used, 89.65 MB peak
[2019.07.20-06.19.58:372][  0]LogMemory: Physical Memory: 12279.69 MB used,  4044.34 MB free, 16324.03 MB total
[2019.07.20-06.19.58:372][  0]LogMemory: Virtual Memory: 4651.21 MB used,  134213080.00 MB free, 134217728.00 MB total
[2019.07.20-06.19.58:408][  0]LogInit: Overriding language with editor language configuration option (en).
[2019.07.20-06.19.58:408][  0]LogInit: Overriding locale with editor locale configuration option (en).
[2019.07.20-06.19.58:797][  0]LogStreaming: Display: Took  0.389s to InitEngineTextLocalization.
[2019.07.20-06.19.58:797][  0]LogInit: Setting process to per monitor DPI aware
[2019.07.20-06.19.58:874][  0]LogSlate: New Slate User Created.  User Index 0, Is Virtual User: 0
[2019.07.20-06.19.58:874][  0]LogSlate: Slate User Registered.  User Index 0, Is Virtual User: 0
[2019.07.20-06.19.59:070][  0]LogHMD: Failed to initialize OpenVR with code 110
[2019.07.20-06.19.59:070][  0]LogD3D11RHI: D3D11 adapters:
[2019.07.20-06.19.59:155][  0]LogD3D11RHI:    0. 'NVIDIA GeForce GTX 1070' (Feature Level 11_0)
[2019.07.20-06.19.59:155][  0]LogD3D11RHI:       8088/0/8162 MB DedicatedVideo/DedicatedSystem/SharedSystem, Outputs:2, VendorId:0x10de
[2019.07.20-06.19.59:157][  0]LogD3D11RHI:    1. 'Microsoft Basic Render Driver' (Feature Level 11_0)
[2019.07.20-06.19.59:157][  0]LogD3D11RHI:       0/0/8162 MB DedicatedVideo/DedicatedSystem/SharedSystem, Outputs:0, VendorId:0x1414
[2019.07.20-06.19.59:157][  0]LogD3D11RHI: Chosen D3D11 Adapter: 0
[2019.07.20-06.19.59:164][  0]LogD3D11RHI: Creating new Direct3DDevice
[2019.07.20-06.19.59:164][  0]LogD3D11RHI:     GPU DeviceId: 0x1b81 (for the marketing name, search the web for "GPU Device Id")
[2019.07.20-06.19.59:164][  0]LogWindows: EnumDisplayDevices:
[2019.07.20-06.19.59:164][  0]LogWindows:    0. 'NVIDIA GeForce GTX 1070' (P:1 D:1)
[2019.07.20-06.19.59:165][  0]LogWindows:    1. 'NVIDIA GeForce GTX 1070' (P:0 D:1)
[2019.07.20-06.19.59:166][  0]LogWindows:    2. 'NVIDIA GeForce GTX 1070' (P:0 D:0)
[2019.07.20-06.19.59:166][  0]LogWindows:    3. 'NVIDIA GeForce GTX 1070' (P:0 D:0)
[2019.07.20-06.19.59:167][  0]LogWindows: DebugString: FoundDriverCount:4 
[2019.07.20-06.19.59:167][  0]LogD3D11RHI:     Adapter Name: NVIDIA GeForce GTX 1070
[2019.07.20-06.19.59:167][  0]LogD3D11RHI:   Driver Version: 399.07 (internal:24.21.13.9907, unified:399.07)
[2019.07.20-06.19.59:167][  0]LogD3D11RHI:      Driver Date: 8-21-2018
[2019.07.20-06.19.59:167][  0]LogRHI: Texture pool is 5661 MB (70% of 8088 MB)
[2019.07.20-06.19.59:210][  0]LogD3D11RHI: Async texture creation enabled
[2019.07.20-06.19.59:228][  0]LogD3D11RHI: GPU Timing Frequency: 1000.000000 (Debug: 2 2)
[2019.07.20-06.19.59:965][  0]LogTemp: Display: Loaded TP AllDesktopTargetPlatform
[2019.07.20-06.19.59:979][  0]LogTemp: Display: Loaded TP MacClientTargetPlatform
[2019.07.20-06.19.59:992][  0]LogTemp: Display: Loaded TP MacNoEditorTargetPlatform
[2019.07.20-06.20.00:007][  0]LogTemp: Display: Loaded TP MacServerTargetPlatform
[2019.07.20-06.20.00:021][  0]LogTemp: Display: Loaded TP MacTargetPlatform
[2019.07.20-06.20.00:034][  0]LogTemp: Display: Loaded TP WindowsClientTargetPlatform
[2019.07.20-06.20.00:047][  0]LogTemp: Display: Loaded TP WindowsNoEditorTargetPlatform
[2019.07.20-06.20.00:060][  0]LogTemp: Display: Loaded TP WindowsServerTargetPlatform
[2019.07.20-06.20.00:066][  0]LogTemp: Display: Loaded TP WindowsTargetPlatform
[2019.07.20-06.20.00:143][  0]LogTemp: Display: Loaded TP AndroidTargetPlatform
[2019.07.20-06.20.00:143][  0]LogTemp: Display: Loaded TP AndroidTargetPlatform
[2019.07.20-06.20.00:143][  0]LogTemp: Display: Loaded TP AndroidTargetPlatform
[2019.07.20-06.20.00:143][  0]LogTemp: Display: Loaded TP AndroidTargetPlatform
[2019.07.20-06.20.00:143][  0]LogTemp: Display: Loaded TP AndroidTargetPlatform
[2019.07.20-06.20.00:143][  0]LogTemp: Display: Loaded TP AndroidTargetPlatform
[2019.07.20-06.20.00:143][  0]LogTemp: Display: Loaded TP AndroidTargetPlatform
[2019.07.20-06.20.00:143][  0]LogTemp: Display: Loaded TP AndroidTargetPlatform
[2019.07.20-06.20.00:143][  0]LogTemp: Display: Loaded TP AndroidTargetPlatform
[2019.07.20-06.20.00:143][  0]LogTemp: Display: Loaded TP AndroidTargetPlatform
[2019.07.20-06.20.00:143][  0]LogTemp: Display: Loaded TP AndroidTargetPlatform
[2019.07.20-06.20.00:143][  0]LogTemp: Display: Loaded TP AndroidTargetPlatform
[2019.07.20-06.20.00:143][  0]LogTemp: Display: Loaded TP AndroidTargetPlatform
[2019.07.20-06.20.00:143][  0]LogTemp: Display: Loaded TP AndroidTargetPlatform
[2019.07.20-06.20.00:143][  0]LogTemp: Display: Loaded TP AndroidTargetPlatform
[2019.07.20-06.20.00:143][  0]LogTemp: Display: Loaded TP AndroidTargetPlatform
[2019.07.20-06.20.00:143][  0]LogTemp: Display: Loaded TP AndroidTargetPlatform
[2019.07.20-06.20.00:143][  0]LogTemp: Display: Loaded TP AndroidTargetPlatform
[2019.07.20-06.20.00:146][  0]LogTemp: Display: Loaded TP HTML5TargetPlatform
[2019.07.20-06.20.00:205][  0]LogTemp: Display: Loaded TP IOSTargetPlatform
[2019.07.20-06.20.00:205][  0]LogTemp: Display: Loaded TP IOSTargetPlatform
[2019.07.20-06.20.00:246][  0]LogTemp: Display: Loaded TP TVOSTargetPlatform
[2019.07.20-06.20.00:246][  0]LogTemp: Display: Loaded TP TVOSTargetPlatform
[2019.07.20-06.20.00:260][  0]LogTemp: Display: Loaded TP LinuxClientTargetPlatform
[2019.07.20-06.20.00:275][  0]LogTemp: Display: Loaded TP LinuxNoEditorTargetPlatform
[2019.07.20-06.20.00:288][  0]LogTemp: Display: Loaded TP LinuxServerTargetPlatform
[2019.07.20-06.20.00:302][  0]LogTemp: Display: Loaded TP LinuxTargetPlatform
[2019.07.20-06.20.00:346][  0]LogTemp: Display: Loaded TP LuminTargetPlatform
[2019.07.20-06.20.00:346][  0]LogTemp: Display: Loaded TP LuminTargetPlatform
[2019.07.20-06.20.00:346][  0]LogTargetPlatformManager: Display: Building Assets For Windows
[2019.07.20-06.20.00:419][  0]LogShaderCompilers: Guid format shader working directory is 6 characters bigger than the processId version (../../../../../UnrealProject/AboutCG/Intermediate/Shaders/WorkingDirectory/8580/).
[2019.07.20-06.20.00:420][  0]LogShaderCompilers: Cleaned the shader compiler working directory 'C:/Users/p/AppData/Local/Temp/UnrealShaderWorkingDir/95DB3B7D45F085A6E9BC1A9510CE53F3/'.
[2019.07.20-06.20.00:422][  0]LogXGEController: Cannot use XGE Controller as Incredibuild is not installed on this machine.
[2019.07.20-06.20.00:422][  0]LogShaderCompilers: Cannot use XGE Shader Compiler as Incredibuild is not installed on this machine.
[2019.07.20-06.20.00:422][  0]LogShaderCompilers: Display: Using Local Shader Compiler.
[2019.07.20-06.20.00:965][  0]LogDerivedDataCache: Display: Max Cache Size: 512 MB
[2019.07.20-06.20.01:024][  0]LogDerivedDataCache: Loaded boot cache 0.06s 74MB C:/Users/p/AppData/Local/UnrealEngine/4.21/DerivedDataCache/Boot.ddc.
[2019.07.20-06.20.01:025][  0]LogDerivedDataCache: Display: Loaded Boot cache: C:/Users/p/AppData/Local/UnrealEngine/4.21/DerivedDataCache/Boot.ddc
[2019.07.20-06.20.01:025][  0]LogDerivedDataCache: FDerivedDataBackendGraph:  Pak pak cache file ../../../../../UnrealProject/AboutCG/DerivedDataCache/DDC.ddp not found, will not use a pak cache.
[2019.07.20-06.20.01:025][  0]LogDerivedDataCache: Unable to find inner node Pak for hierarchical cache Hierarchy.
[2019.07.20-06.20.01:025][  0]LogDerivedDataCache: FDerivedDataBackendGraph:  CompressedPak pak cache file ../../../../../UnrealProject/AboutCG/DerivedDataCache/Compressed.ddp not found, will not use a pak cache.
[2019.07.20-06.20.01:025][  0]LogDerivedDataCache: Unable to find inner node CompressedPak for hierarchical cache Hierarchy.
[2019.07.20-06.20.01:039][  0]LogDerivedDataCache: Display: Pak cache opened for reading ../../../Engine/DerivedDataCache/Compressed.ddp.
[2019.07.20-06.20.01:040][  0]LogDerivedDataCache: FDerivedDataBackendGraph:  EnterprisePak pak cache file ../../../Enterprise/DerivedDataCache/Compressed.ddp not found, will not use a pak cache.
[2019.07.20-06.20.01:040][  0]LogDerivedDataCache: Unable to find inner node EnterprisePak for hierarchical cache Hierarchy.
[2019.07.20-06.20.01:052][  0]LogDerivedDataCache: Using Local data cache path C:/Users/p/AppData/Local/UnrealEngine/Common/DerivedDataCache: Writable
[2019.07.20-06.20.01:052][  0]LogDerivedDataCache: Shared data cache path not found in *engine.ini, will not use an Shared cache.
[2019.07.20-06.20.01:052][  0]LogDerivedDataCache: Unable to find inner node Shared for hierarchical cache Hierarchy.
[2019.07.20-06.20.01:076][  0]LogMaterial: Verifying Global Shaders for PCD3D_SM5
[2019.07.20-06.20.01:078][  0]LogSlate: Using FreeType 2.6.0
[2019.07.20-06.20.01:078][  0]LogSlate: SlateFontServices - WITH_FREETYPE: 1, WITH_HARFBUZZ: 1
[2019.07.20-06.20.01:168][  0]LogAssetRegistry: FAssetRegistry took 0.0343 seconds to start up
[2019.07.20-06.20.01:512][  0]LogInit: Selected Device Profile: [Windows]
[2019.07.20-06.20.01:677][  0]LogSimplygon: Simplygon DLL not present - disabling.
[2019.07.20-06.20.01:683][  0]LogMeshReduction: Using SimplygonSwarm for distributed automatic mesh merging
[2019.07.20-06.20.01:683][  0]LogMeshReduction: Using ProxyLODMeshReduction for automatic mesh merging
[2019.07.20-06.20.01:683][  0]LogMeshReduction: Using QuadricMeshReduction for automatic static mesh reduction
[2019.07.20-06.20.01:683][  0]LogMeshReduction: No automatic skeletal mesh reduction module available
[2019.07.20-06.20.01:697][  0]LogNetVersion: AboutCG 1.0.0, NetCL: 4541578, EngineNetVer: 5, GameNetVer: 0 (Checksum: 1299247585)
[2019.07.20-06.20.02:291][  0]LogPackageLocalizationCache: Processed 12 localized package path(s) for 1 prioritized culture(s) in 0.084882 seconds
[2019.07.20-06.20.02:296][  0]LogUObjectArray: 39775 objects as part of root set at end of initial load.
[2019.07.20-06.20.02:296][  0]LogUObjectAllocator: 6914656 out of 0 bytes used by permanent object pool.
[2019.07.20-06.20.02:296][  0]LogUObjectArray: CloseDisregardForGC: 0/0 objects in disregard for GC pool
[2019.07.20-06.20.03:312][  0]LogTcpMessaging: Initializing TcpMessaging bridge
[2019.07.20-06.20.03:327][  0]LogUdpMessaging: Initializing bridge on interface 0.0.0.0:0 to multicast group 230.0.0.1:6666.
[2019.07.20-06.20.10:401][  0]SourceControl: Source control is disabled
[2019.07.20-06.20.10:401][  0]SourceControl: Source control is disabled
[2019.07.20-06.20.10:404][  0]SourceControl: Source control is disabled
[2019.07.20-06.20.10:405][  0]SourceControl: Source control is disabled
[2019.07.20-06.20.10:611][  0]LogAndroidPermission: UAndroidPermissionCallbackProxy::GetInstance
[2019.07.20-06.20.10:708][  0]LogOcInput: OculusInput pre-init called
[2019.07.20-06.20.11:810][  0]LogEngine: Initializing Engine...
[2019.07.20-06.20.11:811][  0]LogHMD: Failed to initialize OpenVR with code 110
[2019.07.20-06.20.11:812][  0]LogStats: UGameplayTagsManager::ConstructGameplayTagTree: ImportINI prefixes -  0.000 s
[2019.07.20-06.20.11:812][  0]LogStats: UGameplayTagsManager::ConstructGameplayTagTree: Construct from data asset -  0.000 s
[2019.07.20-06.20.11:812][  0]LogStats: UGameplayTagsManager::ConstructGameplayTagTree: ImportINI -  0.000 s
[2019.07.20-06.20.11:812][  0]LogStats: UGameplayTagsManager::ConstructGameplayTagTree: GameplayTagTreeChangedEvent.Broadcast -  0.000 s
[2019.07.20-06.20.12:050][  0]LogInit: Initializing FReadOnlyCVARCache
[2019.07.20-06.20.12:066][  0]LogAIModule: Creating AISystem for world Untitled
[2019.07.20-06.20.12:132][  0]LogInit: XAudio2 using '扬声器 (Realtek High Definition Audio)' : 2 channels at 48 kHz using 32 bits per sample (channel mask 0x3)
[2019.07.20-06.20.12:233][  0]LogInit: FAudioDevice initialized.
[2019.07.20-06.20.12:233][  0]LogNetVersion: Set ProjectVersion to 1.0.0.0. Version Checksum will be recalculated on next use.
[2019.07.20-06.20.12:308][  0]LogDerivedDataCache: Saved boot cache 0.07s 74MB C:/Users/p/AppData/Local/UnrealEngine/4.21/DerivedDataCache/Boot.ddc.
[2019.07.20-06.20.12:317][  0]LogInit: Texture streaming: Enabled
[2019.07.20-06.20.12:334][  0]LogEngineSessionManager: EngineSessionManager initialized
[2019.07.20-06.20.12:425][  0]LogInit: Transaction tracking system initialized
[2019.07.20-06.20.12:469][  0]BlueprintLog: New page: Editor Load
[2019.07.20-06.20.12:767][  0]LocalizationService: Localization service is disabled
[2019.07.20-06.20.13:013][  0]LogLinker: Warning: Can't find file '/Game/ThirdPersonBP/ThirdPersonOverview'
[2019.07.20-06.20.13:013][  0]LogLinker: Warning: Can't find file '/Game/ThirdPersonBP/ThirdPersonOverview'
[2019.07.20-06.20.13:013][  0]LogUObjectGlobals: Warning: Failed to find object 'Class /Game/ThirdPersonBP/ThirdPersonOverview.ThirdPersonOverview_C'
[2019.07.20-06.20.14:314][  0]LogFileCache: Scanning file cache for directory 'E:/UnrealProject/AboutCG/Content/' took 0.10s
[2019.07.20-06.20.14:314][  0]LogCook: Display: Max memory allowance for cook 16384mb min free memory 0mb
[2019.07.20-06.20.14:314][  0]LogCook: Display: Mobile HDR setting 1
[2019.07.20-06.20.14:708][  0]LogGameplayTags: Display: UGameplayTagsManager::DoneAddingNativeTags. DelegateIsBound: 0
[2019.07.20-06.20.14:708][  0]LogStats: UGameplayTagsManager::ConstructGameplayTagTree: ImportINI prefixes -  0.000 s
[2019.07.20-06.20.14:708][  0]LogStats: UGameplayTagsManager::ConstructGameplayTagTree: Construct from data asset -  0.000 s
[2019.07.20-06.20.14:708][  0]LogStats: UGameplayTagsManager::ConstructGameplayTagTree: ImportINI -  0.000 s
[2019.07.20-06.20.14:708][  0]LogStats: UGameplayTagsManager::ConstructGameplayTagTree: GameplayTagTreeChangedEvent.Broadcast -  0.000 s
[2019.07.20-06.20.14:962][  0]SourceControl: Source control is disabled
[2019.07.20-06.20.14:962][  0]Cmd: MAP LOAD FILE="../../../../../UnrealProject/AboutCG/Content/ThirdPersonCPP/Maps/ThirdPersonExampleMap.umap" TEMPLATE=0 SHOWPROGRESS=1 FEATURELEVEL=3
[2019.07.20-06.20.15:087][  0]LightingResults: New page: Lighting Build
[2019.07.20-06.20.15:090][  0]MapCheck: New page: Map Check
[2019.07.20-06.20.15:090][  0]LightingResults: New page: Lighting Build
[2019.07.20-06.20.17:893][  0]LogAIModule: Creating AISystem for world ThirdPersonExampleMap
[2019.07.20-06.20.20:657][  0]LogEditorServer: Finished looking for orphan Actors (0.000 secs)
[2019.07.20-06.20.20:752][  0]Cmd: MAP CHECKDEP NOCLEARLOG
[2019.07.20-06.20.20:753][  0]MapCheck: Map check complete: 0 Error(s), 0 Warning(s), took 0.277ms to complete.
[2019.07.20-06.20.20:753][  0]LogFileHelpers: Loading map 'ThirdPersonExampleMap' took 5.790
[2019.07.20-06.20.23:698][  0]LogSlate: Updating window title bar state: overlay mode, drag disabled, window buttons hidden, title bar hidden
[2019.07.20-06.20.23:797][  0]LogSlate: Updating window title bar state: overlay mode, drag disabled, window buttons hidden, title bar hidden
[2019.07.20-06.20.23:807][  0]LogSlate: Updating window title bar state: overlay mode, drag disabled, window buttons hidden, title bar hidden
[2019.07.20-06.20.23:817][  0]LogSlate: Updating window title bar state: overlay mode, drag disabled, window buttons hidden, title bar hidden
[2019.07.20-06.20.24:031][  0]LogCollectionManager: Loaded 0 collections in 0.003878 seconds
[2019.07.20-06.20.24:634][  0]LogFileCache: Scanning file cache for directory 'E:/UnrealProject/AboutCG/Saved/Collections/' took 0.01s
[2019.07.20-06.20.24:634][  0]LogFileCache: Scanning file cache for directory 'E:/UnrealProject/AboutCG/Content/Developers/GuoZi/Collections/' took 0.01s
[2019.07.20-06.20.24:634][  0]LogFileCache: Scanning file cache for directory 'E:/UnrealProject/AboutCG/Content/Collections/' took 0.01s
[2019.07.20-06.20.24:634][  0]LogCollectionManager: Rebuilt the GUID cache for 0 collections in 0.000001 seconds
[2019.07.20-06.20.24:770][  0]LogContentBrowser: Native class hierarchy populated in 0.0895 seconds. Added 2653 classes and 622 folders.
[2019.07.20-06.20.25:228][  0]LogContentBrowser: Native class hierarchy updated for 'WidgetCarousel' in 0.0004 seconds. Added 0 classes and 0 folders.
[2019.07.20-06.20.25:318][  0]LogPakFile: Registered encryption key '00000000000000000000000000000000': 0 pak files mounted, 0 remain pending
[2019.07.20-06.20.25:486][  0]LogPakFile: Registered encryption key '00000000000000000000000000000000': 0 pak files mounted, 0 remain pending
[2019.07.20-06.20.25:503][  0]LogPakFile: Registered encryption key '00000000000000000000000000000000': 0 pak files mounted, 0 remain pending
[2019.07.20-06.20.25:504][  0]LogPakFile: Registered encryption key '00000000000000000000000000000000': 0 pak files mounted, 0 remain pending
[2019.07.20-06.20.25:545][  0]LogPakFile: Registered encryption key '00000000000000000000000000000000': 0 pak files mounted, 0 remain pending
[2019.07.20-06.20.25:573][  0]LogPakFile: Registered encryption key '00000000000000000000000000000000': 0 pak files mounted, 0 remain pending
[2019.07.20-06.20.25:594][  0]LogPakFile: Registered encryption key '00000000000000000000000000000000': 0 pak files mounted, 0 remain pending
[2019.07.20-06.20.25:617][  0]LogPakFile: Registered encryption key '00000000000000000000000000000000': 0 pak files mounted, 0 remain pending
[2019.07.20-06.20.25:683][  0]LogPakFile: Registered encryption key '00000000000000000000000000000000': 0 pak files mounted, 0 remain pending
[2019.07.20-06.20.25:759][  0]LogPakFile: Registered encryption key '00000000000000000000000000000000': 0 pak files mounted, 0 remain pending
[2019.07.20-06.20.25:776][  0]LogPakFile: Registered encryption key '00000000000000000000000000000000': 0 pak files mounted, 0 remain pending
[2019.07.20-06.20.25:778][  0]LogPakFile: Registered encryption key '00000000000000000000000000000000': 0 pak files mounted, 0 remain pending
[2019.07.20-06.20.25:779][  0]LogPakFile: Registered encryption key '00000000000000000000000000000000': 0 pak files mounted, 0 remain pending
[2019.07.20-06.20.25:872][  0]LogPakFile: Registered encryption key '00000000000000000000000000000000': 0 pak files mounted, 0 remain pending
[2019.07.20-06.20.25:997][  0]LogPakFile: Registered encryption key '00000000000000000000000000000000': 0 pak files mounted, 0 remain pending
[2019.07.20-06.20.26:072][  0]LogPakFile: Registered encryption key '00000000000000000000000000000000': 0 pak files mounted, 0 remain pending
[2019.07.20-06.20.26:140][  0]LogPakFile: Registered encryption key '00000000000000000000000000000000': 0 pak files mounted, 0 remain pending
[2019.07.20-06.20.26:234][  0]LogPakFile: Registered encryption key '00000000000000000000000000000000': 0 pak files mounted, 0 remain pending
[2019.07.20-06.20.26:240][  0]LogPakFile: Registered encryption key '00000000000000000000000000000000': 0 pak files mounted, 0 remain pending
[2019.07.20-06.20.26:242][  0]LogPakFile: Registered encryption key '00000000000000000000000000000000': 0 pak files mounted, 0 remain pending
[2019.07.20-06.20.26:322][  0]LogPakFile: Registered encryption key '00000000000000000000000000000000': 0 pak files mounted, 0 remain pending
[2019.07.20-06.20.26:324][  0]LogPakFile: Registered encryption key '00000000000000000000000000000000': 0 pak files mounted, 0 remain pending
[2019.07.20-06.20.26:325][  0]LogPakFile: Registered encryption key '00000000000000000000000000000000': 0 pak files mounted, 0 remain pending
[2019.07.20-06.20.26:326][  0]LogPakFile: Registered encryption key '00000000000000000000000000000000': 0 pak files mounted, 0 remain pending
[2019.07.20-06.20.26:397][  0]LogPakFile: Registered encryption key '00000000000000000000000000000000': 0 pak files mounted, 0 remain pending
[2019.07.20-06.20.26:416][  0]LogPakFile: Registered encryption key '00000000000000000000000000000000': 0 pak files mounted, 0 remain pending
[2019.07.20-06.20.28:509][  0]LogContentBrowser: Native class hierarchy updated for 'AddContentDialog' in 0.0004 seconds. Added 0 classes and 0 folders.
[2019.07.20-06.20.29:102][  0]LogContentBrowser: Native class hierarchy updated for 'SceneOutliner' in 0.0008 seconds. Added 1 classes and 2 folders.
[2019.07.20-06.20.32:755][  0]LogSlate: Took 0.000184 seconds to synchronously load lazily loaded font '../../../Engine/Content/Slate/Fonts/Roboto-Regular.ttf' (155K)
[2019.07.20-06.20.32:757][  0]LogSlate: Took 0.000117 seconds to synchronously load lazily loaded font '../../../Engine/Content/Slate/Fonts/Roboto-Bold.ttf' (160K)
[2019.07.20-06.20.32:883][  0]LogSlate: Took 0.017562 seconds to synchronously load lazily loaded font '../../../Engine/Content/Editor/Slate/Fonts/FontAwesome.ttf' (139K)
[2019.07.20-06.20.33:616][  0]LogRenderer: Reallocating scene render targets to support 1024x576 Format 10 NumSamples 1 (Frame:1).
[2019.07.20-06.20.35:196][  0]LogContentBrowser: Native class hierarchy updated for 'HierarchicalLODOutliner' in 0.0003 seconds. Added 0 classes and 0 folders.
[2019.07.20-06.20.35:196][  0]LogLoad: (Engine Initialization) Total time: 41.09 seconds
[2019.07.20-06.20.35:196][  0]LogLoad: (Engine Initialization) Total Blueprint compile time: 0.00 seconds
[2019.07.20-06.20.35:364][  0]LogContentStreaming: Texture pool size now 1000 MB
[2019.07.20-06.20.35:555][  0]LogSlate: Took 0.018864 seconds to synchronously load lazily loaded font '../../../Engine/Content/Slate/Fonts/Roboto-Light.ttf' (167K)
[2019.07.20-06.20.35:846][  2]LogAssetRegistry: Asset discovery search completed in 34.7005 seconds
[2019.07.20-06.20.35:847][  2]LogCollectionManager: Rebuilt the object cache for 0 collections in 0.000000 seconds (found 0 objects)
[2019.07.20-06.20.35:847][  2]LogCollectionManager: Fixed up redirectors for 0 collections in 0.000133 seconds (updated 0 objects)
[2019.07.20-06.20.42:860][ 23]LogSlate: FSceneViewport::OnFocusLost() reason 0
[2019.07.20-06.49.29:096][834]LogSlate: Window 'MyEditorStandalonePlugin' being destroyed
[2019.07.20-06.49.29:101][834]LogSlate: Window 'MyEditorStandalonePlugin' being destroyed
[2019.07.20-06.49.48:623][796]LogSlate: Took 0.086420 seconds to synchronously load lazily loaded font '../../../Engine/Content/Slate/Fonts/DroidSansFallback.ttf' (3848K)
[2019.07.20-07.57.35:877][984]LogHttp: Warning: 000001D8A0AB8F40: request failed, libcurl error: 28 (Timeout was reached)
[2019.07.20-07.57.35:877][984]LogHttp: Warning: 000001D8A0AB8F40: libcurl info message cache 0 (Connection 38 seems to be dead!)
[2019.07.20-07.57.35:877][984]LogHttp: Warning: 000001D8A0AB8F40: libcurl info message cache 1 (Closing connection 38)
[2019.07.20-07.57.35:877][984]LogHttp: Warning: 000001D8A0AB8F40: libcurl info message cache 2 (TLSv1.2 (OUT), TLS alert, Client hello (1):)
[2019.07.20-07.57.35:877][984]LogHttp: Warning: 000001D8A0AB8F40: libcurl info message cache 3 (  Trying 54.88.130.39...)
[2019.07.20-07.57.35:877][984]LogHttp: Warning: 000001D8A0AB8F40: libcurl info message cache 4 (TCP_NODELAY set)
[2019.07.20-07.57.35:877][984]LogHttp: Warning: 000001D8A0AB8F40: libcurl info message cache 5 (Connected to datarouter.ol.epicgames.com (54.88.130.39) port 443 (#39))
[2019.07.20-07.57.35:877][984]LogHttp: Warning: 000001D8A0AB8F40: libcurl info message cache 6 (ALPN, offering http/1.1)
[2019.07.20-07.57.35:877][984]LogHttp: Warning: 000001D8A0AB8F40: libcurl info message cache 7 (Cipher selection: ALL:!EXPORT:!EXPORT40:!EXPORT56:!aNULL:!LOW:!RC4:@STRENGTH)
[2019.07.20-07.57.35:877][984]LogHttp: Warning: 000001D8A0AB8F40: libcurl info message cache 8 (SSL re-using session ID)
[2019.07.20-07.57.35:877][984]LogHttp: Warning: 000001D8A0AB8F40: libcurl info message cache 9 (TLSv1.2 (OUT), TLS handshake, Client hello (1):)
[2019.07.20-07.57.35:877][984]LogHttp: Warning: 000001D8A0AB8F40: libcurl info message cache 10 (TLSv1.2 (IN), TLS handshake, Server hello (2):)
[2019.07.20-07.57.35:877][984]LogHttp: Warning: 000001D8A0AB8F40: libcurl info message cache 11 (TLSv1.2 (IN), TLS handshake, Certificate (11):)
[2019.07.20-07.57.35:877][984]LogHttp: Warning: 000001D8A0AB8F40: libcurl info message cache 12 (Operation timed out after 60000 milliseconds with 0 out of 0 bytes received)
[2019.07.20-07.57.35:877][984]LogHttp: Warning: 000001D8A0AB8F40: libcurl info message cache 13 (Closing connection 39)
[2019.07.20-07.57.35:878][984]LogHttp: Warning: Retry exhausted on https://datarouter.ol.epicgames.com/datarouter/api/v1/public/data?SessionID=%7BD70B3F28-480F-EC35-AD7A-C3A996571DDA%7D&AppID=UEEditor.Rocket.Release&AppVersion=4.21.2-4753647%2B%2B%2BUE4%2BRelease-4.21&UserID=dc9c400342969088c50b8d93f2a37047%7C82a635845ccc412cbae6ee1343938b8c%7Caf512e22-2dc5-4979-8922-633ddf3b09f0&AppEnvironment=datacollector-binary&UploadType=eteventstream
[2019.07.20-08.19.11:195][122]LogSlate: Took 0.000146 seconds to synchronously load lazily loaded font '../../../Engine/Content/Slate/Fonts/Roboto-Light.ttf' (167K)
[2019.07.20-08.20.04:908][435]LogSlate: Window 'Save Content' being destroyed
[2019.07.20-08.20.04:940][435]Cmd: OBJ SAVEPACKAGE PACKAGE="/Game/EditorWiedget/NewWidgetBlueprint" FILE="../../../../../UnrealProject/AboutCG/Content/EditorWiedget/NewWidgetBlueprint.uasset" SILENT=true
[2019.07.20-08.20.05:026][435]LogSavePackage: Moving '../../../../../UnrealProject/AboutCG/Saved/NewWidgetBlueprint350A1D244951BD2C83263285FEAF4326.tmp' to '../../../../../UnrealProject/AboutCG/Content/EditorWiedget/NewWidgetBlueprint.uasset'
[2019.07.20-08.20.05:071][435]Cmd: OBJ SAVEPACKAGE PACKAGE="/Game/UIWidget/NewWidgetBlueprint" FILE="../../../../../UnrealProject/AboutCG/Content/UIWidget/NewWidgetBlueprint.uasset" SILENT=true
[2019.07.20-08.20.05:078][435]LogSavePackage: Moving '../../../../../UnrealProject/AboutCG/Saved/NewWidgetBlueprintBB2402064BE8EA32376DEC8A32BB62B7.tmp' to '../../../../../UnrealProject/AboutCG/Content/UIWidget/NewWidgetBlueprint.uasset'
[2019.07.20-08.20.06:573][600]LogSlate: Window 'AboutCG - Unreal Editor' being destroyed
[2019.07.20-08.20.06:799][601]Cmd: QUIT_EDITOR
[2019.07.20-08.20.06:826][601]LogWindowsTextInputMethodSystem: Display: IME system now activated using TSF (搜狗拼音输入法).
[2019.07.20-08.20.06:839][601]LogExit: Preparing to exit.
[2019.07.20-08.20.07:940][601]LogExit: Editor shut down
[2019.07.20-08.20.07:941][601]LogExit: Transaction tracking system shut down
[2019.07.20-08.20.09:751][601]LogExit: Object subsystem successfully closed.
[2019.07.20-08.20.09:973][601]LogShaderCompilers: Display: Shaders left to compile 0
[2019.07.20-08.20.10:005][601]LogD3D11RHI: Shutdown
[2019.07.20-08.20.10:005][601]LogD3D11RHI: CleanupD3DDevice
[2019.07.20-08.20.10:059][601]LogD3D11RHI: ~FD3D11DynamicRHI
[2019.07.20-08.20.11:462][601]LogModuleManager: Shutting down and abandoning module HierarchicalLODOutliner (628)
[2019.07.20-08.20.11:462][601]LogModuleManager: Shutting down and abandoning module SceneOutliner (626)
[2019.07.20-08.20.11:475][601]LogModuleManager: Shutting down and abandoning module AddContentDialog (624)
[2019.07.20-08.20.11:521][601]LogModuleManager: Shutting down and abandoning module WidgetCarousel (623)
[2019.07.20-08.20.11:521][601]LogModuleManager: Shutting down and abandoning module EditorWidgets (620)
[2019.07.20-08.20.11:521][601]LogModuleManager: Shutting down and abandoning module CollectionManager (618)
[2019.07.20-08.20.11:547][601]LogModuleManager: Shutting down and abandoning module StatsViewer (616)
[2019.07.20-08.20.11:556][601]LogModuleManager: Shutting down and abandoning module FoliageEdit (614)
[2019.07.20-08.20.11:576][601]LogModuleManager: Shutting down and abandoning module LandscapeEditor (612)
[2019.07.20-08.20.11:638][601]LogModuleManager: Shutting down and abandoning module MeshPaintMode (610)
[2019.07.20-08.20.11:650][601]LogModuleManager: Shutting down and abandoning module SceneDepthPickerMode (608)
[2019.07.20-08.20.11:650][601]LogModuleManager: Shutting down and abandoning module ActorPickerMode (606)
[2019.07.20-08.20.11:650][601]LogModuleManager: Shutting down and abandoning module GeometryMode (604)
[2019.07.20-08.20.11:650][601]LogModuleManager: Shutting down and abandoning module TextureAlignMode (602)
[2019.07.20-08.20.11:650][601]LogModuleManager: Shutting down and abandoning module BspMode (600)
[2019.07.20-08.20.11:651][601]LogModuleManager: Shutting down and abandoning module PIEPreviewDeviceProfileSelector (598)
[2019.07.20-08.20.11:670][601]LogModuleManager: Shutting down and abandoning module SequenceRecorderSections (596)
[2019.07.20-08.20.11:670][601]LogModuleManager: Shutting down and abandoning module AutomationWorker (594)
[2019.07.20-08.20.11:670][601]LogModuleManager: Shutting down and abandoning module AudioCaptureEditor (592)
[2019.07.20-08.20.11:670][601]LogModuleManager: Shutting down and abandoning module MatineeToLevelSequence (590)
[2019.07.20-08.20.11:682][601]LogModuleManager: Shutting down and abandoning module LevelSequenceEditor (588)
[2019.07.20-08.20.11:709][601]LogModuleManager: Shutting down and abandoning module PlacementMode (587)
[2019.07.20-08.20.11:709][601]LogModuleManager: Shutting down and abandoning module MaterialEditor (586)
[2019.07.20-08.20.11:738][601]LogModuleManager: Shutting down and abandoning module WmfMediaFactory (582)
[2019.07.20-08.20.11:738][601]LogModuleManager: Shutting down and abandoning module WmfMediaEditor (580)
[2019.07.20-08.20.11:738][601]LogModuleManager: Shutting down and abandoning module WebMMediaFactory (578)
[2019.07.20-08.20.11:738][601]LogModuleManager: Shutting down and abandoning module WebMMediaEditor (576)
[2019.07.20-08.20.11:738][601]LogModuleManager: Shutting down and abandoning module WebMMedia (574)
[2019.07.20-08.20.11:755][601]LogModuleManager: Shutting down and abandoning module MediaPlayerEditor (572)
[2019.07.20-08.20.11:770][601]LogModuleManager: Shutting down and abandoning module MediaCompositingEditor (570)
[2019.07.20-08.20.11:791][601]LogModuleManager: Shutting down and abandoning module SequenceRecorder (569)
[2019.07.20-08.20.11:791][601]LogModuleManager: Shutting down and abandoning module OpenExrWrapper (566)
[2019.07.20-08.20.11:791][601]LogModuleManager: Shutting down and abandoning module ImgMediaFactory (564)
[2019.07.20-08.20.11:791][601]LogModuleManager: Shutting down and abandoning module ImgMediaEditor (562)
[2019.07.20-08.20.11:791][601]LogModuleManager: Shutting down and abandoning module AvfMediaFactory (560)
[2019.07.20-08.20.11:791][601]LogModuleManager: Shutting down and abandoning module AvfMediaEditor (558)
[2019.07.20-08.20.11:791][601]LogModuleManager: Shutting down and abandoning module AndroidMediaFactory (556)
[2019.07.20-08.20.11:791][601]LogModuleManager: Shutting down and abandoning module AndroidMediaEditor (554)
[2019.07.20-08.20.11:791][601]LogModuleManager: Shutting down and abandoning module MagicLeapCameraPreviewFactory (552)
[2019.07.20-08.20.11:791][601]LogModuleManager: Shutting down and abandoning module MagicLeapMediaFactory (550)
[2019.07.20-08.20.11:791][601]LogModuleManager: Shutting down and abandoning module MagicLeapMediaEditor (548)
[2019.07.20-08.20.11:791][601]LogModuleManager: Shutting down and abandoning module CharacterAI (546)
[2019.07.20-08.20.11:791][601]LogModuleManager: Shutting down and abandoning module SmartSnapping (544)
[2019.07.20-08.20.11:791][601]LogModuleManager: Shutting down and abandoning module SessionServices (542)
[2019.07.20-08.20.11:791][601]LogModuleManager: Shutting down and abandoning module ViewportSnapping (540)
[2019.07.20-08.20.11:791][601]LogModuleManager: Shutting down and abandoning module ViewportInteraction (538)
[2019.07.20-08.20.11:791][601]LogModuleManager: Shutting down and abandoning module ClothPainter (536)
[2019.07.20-08.20.11:815][601]LogModuleManager: Shutting down and abandoning module SkeletalMeshEditor (535)
[2019.07.20-08.20.11:831][601]LogModuleManager: Shutting down and abandoning module LogVisualizer (532)
[2019.07.20-08.20.11:850][601]LogModuleManager: Shutting down and abandoning module IntroTutorials (530)
[2019.07.20-08.20.11:874][601]LogModuleManager: Shutting down and abandoning module GameProjectGeneration (529)
[2019.07.20-08.20.11:883][601]LogModuleManager: Shutting down and abandoning module LuminPlatformEditor (526)
[2019.07.20-08.20.11:883][601]LogModuleManager: Shutting down and abandoning module IOSPlatformEditor (524)
[2019.07.20-08.20.11:883][601]LogModuleManager: Shutting down and abandoning module HTML5PlatformEditor (522)
[2019.07.20-08.20.11:883][601]LogModuleManager: Shutting down and abandoning module AndroidPlatformEditor (520)
[2019.07.20-08.20.11:883][601]LogModuleManager: Shutting down and abandoning module AndroidDeviceDetection (519)
[2019.07.20-08.20.12:072][601]LogModuleManager: Shutting down and abandoning module WindowsPlatformEditor (516)
[2019.07.20-08.20.12:072][601]LogModuleManager: Shutting down and abandoning module LuminRuntimeSettings (514)
[2019.07.20-08.20.12:072][601]LogModuleManager: Shutting down and abandoning module IOSRuntimeSettings (512)
[2019.07.20-08.20.12:072][601]LogModuleManager: Shutting down and abandoning module AndroidRuntimeSettings (510)
[2019.07.20-08.20.12:072][601]LogModuleManager: Shutting down and abandoning module TimeManagementEditor (508)
[2019.07.20-08.20.12:072][601]LogModuleManager: Shutting down and abandoning module InputBindingEditor (506)
[2019.07.20-08.20.12:103][601]LogModuleManager: Shutting down and abandoning module MergeActors (504)
[2019.07.20-08.20.12:119][601]LogModuleManager: Shutting down and abandoning module LocalizationDashboard (502)
[2019.07.20-08.20.12:133][601]LogModuleManager: Shutting down and abandoning module LocalizationService (501)
[2019.07.20-08.20.12:144][601]LogModuleManager: Shutting down and abandoning module HardwareTargeting (498)
[2019.07.20-08.20.12:144][601]LogModuleManager: Shutting down and abandoning module DeviceProfileEditor (496)
[2019.07.20-08.20.12:156][601]LogModuleManager: Shutting down and abandoning module UndoHistory (494)
[2019.07.20-08.20.12:162][601]LogModuleManager: Shutting down and abandoning module XmlParser (492)
[2019.07.20-08.20.12:162][601]LogModuleManager: Shutting down and abandoning module Blutility (490)
[2019.07.20-08.20.12:172][601]LogModuleManager: Shutting down and abandoning module ProjectSettingsViewer (488)
[2019.07.20-08.20.12:172][601]LogModuleManager: Shutting down and abandoning module ProjectTargetPlatformEditor (487)
[2019.07.20-08.20.12:172][601]LogModuleManager: Shutting down and abandoning module EditorSettingsViewer (484)
[2019.07.20-08.20.12:173][601]LogModuleManager: Shutting down and abandoning module SettingsEditor (482)
[2019.07.20-08.20.12:186][601]LogModuleManager: Shutting down and abandoning module ProjectLauncher (480)
[2019.07.20-08.20.12:207][601]LogModuleManager: Shutting down and abandoning module SessionFrontend (478)
[2019.07.20-08.20.12:220][601]LogModuleManager: Shutting down and abandoning module ProfilerClient (476)
[2019.07.20-08.20.12:228][601]LogModuleManager: Shutting down and abandoning module DeviceManager (474)
[2019.07.20-08.20.12:237][601]LogModuleManager: Shutting down and abandoning module TargetDeviceServices (473)
[2019.07.20-08.20.12:282][601]LogModuleManager: Shutting down and abandoning module AutomationController (470)
[2019.07.20-08.20.12:296][601]LogModuleManager: Shutting down and abandoning module AutomationWindow (468)
[2019.07.20-08.20.12:307][601]LogModuleManager: Shutting down and abandoning module Layers (466)
[2019.07.20-08.20.12:327][601]LogModuleManager: Shutting down and abandoning module ComponentVisualizers (464)
[2019.07.20-08.20.12:327][601]LogModuleManager: Shutting down and abandoning module DetailCustomizations (462)
[2019.07.20-08.20.12:350][601]LogModuleManager: Shutting down and abandoning module PackagesDialog (460)
[2019.07.20-08.20.12:350][601]LogModuleManager: Shutting down and abandoning module Persona (458)
[2019.07.20-08.20.12:376][601]LogModuleManager: Shutting down and abandoning module AdvancedPreviewScene (457)
[2019.07.20-08.20.12:376][601]LogModuleManager: Shutting down and abandoning module AnimGraph (455)
[2019.07.20-08.20.12:377][601]LogModuleManager: Shutting down and abandoning module Kismet (452)
[2019.07.20-08.20.12:433][601]LogModuleManager: Shutting down and abandoning module GraphEditor (450)
[2019.07.20-08.20.12:461][601]LogModuleManager: Shutting down and abandoning module ClassViewer (448)
[2019.07.20-08.20.12:462][601]LogModuleManager: Shutting down and abandoning module Toolbox (446)
[2019.07.20-08.20.12:462][601]LogModuleManager: Shutting down and abandoning module DesktopPlatform (445)
[2019.07.20-08.20.12:473][601]LogModuleManager: Shutting down and abandoning module ModuleUI (442)
[2019.07.20-08.20.12:482][601]LogModuleManager: Shutting down and abandoning module MovieSceneTools (440)
[2019.07.20-08.20.12:483][601]LogModuleManager: Shutting down and abandoning module OutputLog (438)
[2019.07.20-08.20.12:483][601]LogModuleManager: Shutting down and abandoning module GammaUI (436)
[2019.07.20-08.20.12:495][601]LogModuleManager: Shutting down and abandoning module Documentation (434)
[2019.07.20-08.20.12:495][601]LogModuleManager: Shutting down and abandoning module MovieSceneTracks (432)
[2019.07.20-08.20.12:495][601]LogModuleManager: Shutting down and abandoning module MovieScene (430)
[2019.07.20-08.20.12:495][601]LogModuleManager: Shutting down and abandoning module StreamingPauseRendering (428)
[2019.07.20-08.20.12:506][601]LogModuleManager: Shutting down and abandoning module LauncherPlatform (426)
[2019.07.20-08.20.12:506][601]LogModuleManager: Shutting down and abandoning module AnalyticsET (424)
[2019.07.20-08.20.12:506][601]LogModuleManager: Shutting down and abandoning module PortalServices (422)
[2019.07.20-08.20.12:506][601]LogModuleManager: Shutting down and abandoning module PortalRpc (420)
[2019.07.20-08.20.12:506][601]LogModuleManager: Shutting down and abandoning module MessagingRpc (418)
[2019.07.20-08.20.12:506][601]LogModuleManager: Shutting down and abandoning module AIModule (416)
[2019.07.20-08.20.12:553][601]LogModuleManager: Shutting down and abandoning module GameplayDebugger (415)
[2019.07.20-08.20.12:553][601]LogModuleManager: Shutting down and abandoning module AITestSuite (413)
[2019.07.20-08.20.12:562][601]LogModuleManager: Shutting down and abandoning module NavigationSystem (411)
[2019.07.20-08.20.12:562][601]LogModuleManager: Shutting down and abandoning module ImageWriteQueue (408)
[2019.07.20-08.20.12:566][601]LogModuleManager: Shutting down and abandoning module ProfilerService (406)
[2019.07.20-08.20.12:680][601]LogModuleManager: Shutting down and abandoning module TaskGraph (404)
[2019.07.20-08.20.12:693][601]LogModuleManager: Shutting down and abandoning module MyPlugin (402)
[2019.07.20-08.20.12:693][601]LogModuleManager: Shutting down and abandoning module MyEditorStandalonePlugin (400)
[2019.07.20-08.20.12:693][601]LogModuleManager: Shutting down and abandoning module SteamVRController (398)
[2019.07.20-08.20.12:693][601]LogModuleManager: Shutting down and abandoning module ProceduralMeshComponentEditor (396)
[2019.07.20-08.20.12:693][601]LogModuleManager: Shutting down and abandoning module ProceduralMeshComponent (394)
[2019.07.20-08.20.12:704][601]LogModuleManager: Shutting down and abandoning module OculusInput (392)
[2019.07.20-08.20.12:704][601]LogModuleManager: Shutting down and abandoning module MobilePatchingUtils (390)
[2019.07.20-08.20.12:704][601]LogModuleManager: Shutting down and abandoning module EditableMesh (388)
[2019.07.20-08.20.12:710][601]LogModuleManager: Shutting down and abandoning module CustomMeshComponent (386)
[2019.07.20-08.20.12:710][601]LogModuleManager: Shutting down and abandoning module CableComponent (384)
[2019.07.20-08.20.12:712][601]LogModuleManager: Shutting down and abandoning module AudioCapture (382)
[2019.07.20-08.20.12:712][601]LogModuleManager: Shutting down and abandoning module ArchVisCharacter (380)
[2019.07.20-08.20.12:712][601]LogModuleManager: Shutting down and abandoning module AndroidPermission (378)
[2019.07.20-08.20.12:712][601]LogModuleManager: Shutting down and abandoning module NUTUnrealEngine4 (376)
[2019.07.20-08.20.12:721][601]LogModuleManager: Shutting down and abandoning module NetcodeUnitTest (374)
[2019.07.20-08.20.12:727][601]LogModuleManager: Shutting down and abandoning module MediaCompositing (372)
[2019.07.20-08.20.12:727][601]LogModuleManager: Shutting down and abandoning module LinearTimecode (370)
[2019.07.20-08.20.12:727][601]LogModuleManager: Shutting down and abandoning module ImgMedia (368)
[2019.07.20-08.20.12:756][601]LogModuleManager: Shutting down and abandoning module HTML5Networking (366)
[2019.07.20-08.20.12:756][601]LogModuleManager: Shutting down and abandoning module GeometryCacheTracks (364)
[2019.07.20-08.20.12:756][601]LogModuleManager: Shutting down and abandoning module GeometryCacheSequencer (362)
[2019.07.20-08.20.12:756][601]LogModuleManager: Shutting down and abandoning module BackChannel (360)
[2019.07.20-08.20.12:776][601]LogModuleManager: Shutting down and abandoning module AppleVision (358)
[2019.07.20-08.20.12:776][601]LogModuleManager: Shutting down and abandoning module AppleImageUtilsBlueprintSupport (356)
[2019.07.20-08.20.12:776][601]LogModuleManager: Shutting down and abandoning module AppleImageUtils (354)
[2019.07.20-08.20.12:776][601]LogModuleManager: Shutting down and abandoning module AlembicImporter (352)
[2019.07.20-08.20.12:776][601]LogModuleManager: Shutting down and abandoning module AlembicLibrary (351)
[2019.07.20-08.20.12:776][601]LogModuleManager: Shutting down and abandoning module GeometryCache (350)
[2019.07.20-08.20.12:776][601]LogModuleManager: Shutting down and abandoning module GeometryCacheEd (349)
[2019.07.20-08.20.12:776][601]LogModuleManager: Shutting down and abandoning module VariantManagerContent (344)
[2019.07.20-08.20.12:776][601]LogModuleManager: Shutting down and abandoning module DatasmithContentEditor (342)
[2019.07.20-08.20.12:783][601]LogModuleManager: Shutting down and abandoning module SpeedTreeImporter (340)
[2019.07.20-08.20.12:783][601]LogModuleManager: Shutting down and abandoning module PluginBrowser (338)
[2019.07.20-08.20.12:800][601]LogModuleManager: Shutting down and abandoning module MobileLauncherProfileWizard (336)
[2019.07.20-08.20.12:806][601]LogModuleManager: Shutting down and abandoning module PolygonModeling (334)
[2019.07.20-08.20.12:806][601]LogModuleManager: Shutting down and abandoning module MeshEditor (332)
[2019.07.20-08.20.12:823][601]LogModuleManager: Shutting down and abandoning module CryptoKeysOpenSSL (330)
[2019.07.20-08.20.12:835][601]LogModuleManager: Shutting down and abandoning module CryptoKeys (328)
[2019.07.20-08.20.12:835][601]LogModuleManager: Shutting down and abandoning module VisualStudioSourceCodeAccess (326)
[2019.07.20-08.20.12:835][601]LogModuleManager: Shutting down and abandoning module VisualStudioCodeSourceCodeAccess (324)
[2019.07.20-08.20.12:835][601]LogModuleManager: Shutting down and abandoning module UObjectPlugin (322)
[2019.07.20-08.20.12:835][601]LogModuleManager: Shutting down and abandoning module SubversionSourceControl (320)
[2019.07.20-08.20.12:847][601]LogModuleManager: Shutting down and abandoning module PerforceSourceControl (318)
[2019.07.20-08.20.12:862][601]LogModuleManager: Shutting down and abandoning module GitSourceControl (316)
[2019.07.20-08.20.12:877][601]LogModuleManager: Shutting down and abandoning module SourceControl (315)
[2019.07.20-08.20.12:877][601]LogModuleManager: Shutting down and abandoning module CLionSourceCodeAccess (312)
[2019.07.20-08.20.12:877][601]LogModuleManager: Shutting down and abandoning module ActorLayerUtilitiesEditor (310)
[2019.07.20-08.20.12:878][601]LogModuleManager: Shutting down and abandoning module ActorLayerUtilities (308)
[2019.07.20-08.20.12:878][601]LogModuleManager: Shutting down and abandoning module LightPropagationVolumeEditor (306)
[2019.07.20-08.20.12:878][601]LogModuleManager: Shutting down and abandoning module PaperTiledImporter (304)
[2019.07.20-08.20.12:878][601]LogModuleManager: Shutting down and abandoning module PaperSpriteSheetImporter (302)
[2019.07.20-08.20.12:891][601]LogModuleManager: Shutting down and abandoning module Paper2DEditor (300)
[2019.07.20-08.20.12:910][601]LogModuleManager: Shutting down and abandoning module MeshPaint (299)
[2019.07.20-08.20.12:926][601]LogModuleManager: Shutting down and abandoning module AboutCG (296)
[2019.07.20-08.20.12:926][601]LogModuleManager: Shutting down and abandoning module RuntimePhysXCooking (294)
[2019.07.20-08.20.12:926][601]LogModuleManager: Shutting down and abandoning module PhysXVehiclesEditor (292)
[2019.07.20-08.20.12:926][601]LogModuleManager: Shutting down and abandoning module PhysXVehicles (290)
[2019.07.20-08.20.12:926][601]LogModuleManager: Shutting down and abandoning module OculusEditor (288)
[2019.07.20-08.20.12:938][601]LogModuleManager: Shutting down and abandoning module LocationServicesBPLibrary (286)
[2019.07.20-08.20.12:938][601]LogModuleManager: Shutting down and abandoning module ActorSequence (284)
[2019.07.20-08.20.12:938][601]LogModuleManager: Shutting down and abandoning module UdpMessaging (282)
[2019.07.20-08.20.13:039][601]LogModuleManager: Shutting down and abandoning module TcpMessaging (280)
[2019.07.20-08.20.13:156][601]LogModuleManager: Shutting down and abandoning module MagicLeapAudio (278)
[2019.07.20-08.20.13:156][601]LogModuleManager: Shutting down and abandoning module GameplayTagsEditor (276)
[2019.07.20-08.20.13:169][601]LogModuleManager: Shutting down and abandoning module FacialAnimationEditor (274)
[2019.07.20-08.20.13:170][601]LogModuleManager: Shutting down and abandoning module FacialAnimation (272)
[2019.07.20-08.20.13:170][601]LogModuleManager: Shutting down and abandoning module DataValidation (270)
[2019.07.20-08.20.13:170][601]LogModuleManager: Shutting down and abandoning module AssetManagerEditor (268)
[2019.07.20-08.20.13:189][601]LogModuleManager: Shutting down and abandoning module LevelEditor (267)
[2019.07.20-08.20.13:191][601]LogModuleManager: Shutting down and abandoning module PixelInspectorModule (266)
[2019.07.20-08.20.13:216][601]LogModuleManager: Shutting down and abandoning module CommonMenuExtensions (264)
[2019.07.20-08.20.13:216][601]LogModuleManager: Shutting down and abandoning module MainFrame (262)
[2019.07.20-08.20.13:216][601]LogModuleManager: Shutting down and abandoning module HotReload (261)
[2019.07.20-08.20.13:232][601]LogModuleManager: Shutting down and abandoning module ContentBrowser (257)
[2019.07.20-08.20.13:233][601]LogModuleManager: Shutting down and abandoning module TreeMap (255)
[2019.07.20-08.20.13:243][601]LogModuleManager: Shutting down and abandoning module LightPropagationVolumeRuntime (252)
[2019.07.20-08.20.13:243][601]LogModuleManager: Shutting down and abandoning module AISupportModule (250)
[2019.07.20-08.20.13:243][601]LogModuleManager: Shutting down and abandoning module Paper2D (248)
[2019.07.20-08.20.13:255][601]LogModuleManager: Shutting down and abandoning module WindowsMoviePlayer (246)
[2019.07.20-08.20.13:266][601]LogModuleManager: Shutting down and abandoning module WebMMoviePlayer (244)
[2019.07.20-08.20.13:266][601]LogModuleManager: Shutting down and abandoning module WmfMedia (242)
[2019.07.20-08.20.13:278][601]LogModuleManager: Shutting down and abandoning module Media (241)
[2019.07.20-08.20.13:284][601]LogModuleManager: Shutting down and abandoning module PacketHandler (238)
[2019.07.20-08.20.13:284][601]LogModuleManager: Shutting down and abandoning module ClothingSystemEditor (236)
[2019.07.20-08.20.13:284][601]LogModuleManager: Shutting down and abandoning module ClothingSystemRuntime (234)
[2019.07.20-08.20.13:301][601]LogModuleManager: Shutting down and abandoning module MediaAssets (232)
[2019.07.20-08.20.13:301][601]LogModuleManager: Shutting down and abandoning module Overlay (230)
[2019.07.20-08.20.13:301][601]LogModuleManager: Shutting down and abandoning module OverlayEditor (229)
[2019.07.20-08.20.13:301][601]LogModuleManager: Shutting down and abandoning module VREditor (226)
[2019.07.20-08.20.13:320][601]LogModuleManager: Shutting down and abandoning module StringTableEditor (224)
[2019.07.20-08.20.13:332][601]LogModuleManager: Shutting down and abandoning module GameplayTasksEditor (222)
[2019.07.20-08.20.13:332][601]LogModuleManager: Shutting down and abandoning module BehaviorTreeEditor (220)
[2019.07.20-08.20.13:360][601]LogModuleManager: Shutting down and abandoning module FunctionalTesting (218)
[2019.07.20-08.20.13:376][601]LogModuleManager: Shutting down and abandoning module CollisionAnalyzer (216)
[2019.07.20-08.20.13:386][601]LogModuleManager: Shutting down and abandoning module WorkspaceMenuStructure (215)
[2019.07.20-08.20.13:386][601]LogModuleManager: Shutting down and abandoning module UMG (212)
[2019.07.20-08.20.13:386][601]LogModuleManager: Shutting down and abandoning module UMGEditor (211)
[2019.07.20-08.20.13:386][601]LogModuleManager: Shutting down and abandoning module Sequencer (210)
[2019.07.20-08.20.13:451][601]LogModuleManager: Shutting down and abandoning module MessageLog (207)
[2019.07.20-08.20.13:451][601]LogModuleManager: Shutting down and abandoning module SlateReflector (202)
[2019.07.20-08.20.13:477][601]LogModuleManager: Shutting down and abandoning module Slate (200)
[2019.07.20-08.20.13:477][601]LogModuleManager: Shutting down and abandoning module EditorStyle (198)
[2019.07.20-08.20.13:506][601]LogModuleManager: Shutting down and abandoning module MRMesh (196)
[2019.07.20-08.20.13:530][601]LogModuleManager: Shutting down and abandoning module SourceCodeAccess (194)
[2019.07.20-08.20.13:530][601]LogModuleManager: Shutting down and abandoning module HeadMountedDisplay (192)
[2019.07.20-08.20.13:530][601]LogModuleManager: Shutting down and abandoning module XAudio2 (190)
[2019.07.20-08.20.13:530][601]LogModuleManager: Shutting down and abandoning module Networking (188)
[2019.07.20-08.20.13:530][601]LogModuleManager: Shutting down and abandoning module Core (186)
[2019.07.20-08.20.13:530][601]LogModuleManager: Shutting down and abandoning module LevelSequence (184)
[2019.07.20-08.20.13:530][601]LogModuleManager: Shutting down and abandoning module KismetCompiler (182)
[2019.07.20-08.20.13:530][601]LogModuleManager: Shutting down and abandoning module MeshUtilities (180)
[2019.07.20-08.20.13:541][601]LogModuleManager: Shutting down and abandoning module MeshMergeUtilities (179)
[2019.07.20-08.20.13:556][601]LogModuleManager: Shutting down and abandoning module MeshReductionInterface (178)
[2019.07.20-08.20.13:556][601]LogModuleManager: Shutting down and abandoning module SimplygonSwarm (177)
[2019.07.20-08.20.13:564][601]LogModuleManager: Shutting down and abandoning module ProxyLODMeshReduction (175)
[2019.07.20-08.20.13:572][601]LogModuleManager: Shutting down and abandoning module SimplygonMeshReduction (173)
[2019.07.20-08.20.13:572][601]LogModuleManager: Shutting down and abandoning module QuadricMeshReduction (171)
[2019.07.20-08.20.13:581][601]LogModuleManager: Shutting down and abandoning module MaterialBaking (167)
[2019.07.20-08.20.13:589][601]LogModuleManager: Shutting down and abandoning module DirectoryWatcher (163)
[2019.07.20-08.20.13:616][601]LogModuleManager: Shutting down and abandoning module DerivedDataCache (160)
[2019.07.20-08.20.13:692][601]LogDerivedDataCache: Shutdown
[2019.07.20-08.20.13:692][601]LogModuleManager: Shutting down and abandoning module XGEController (158)
[2019.07.20-08.20.13:703][601]LogModuleManager: Shutting down and abandoning module TargetPlatform (156)
[2019.07.20-08.20.13:703][601]LogModuleManager: Shutting down and abandoning module VulkanShaderFormat (155)
[2019.07.20-08.20.13:709][601]LogModuleManager: Shutting down and abandoning module ShaderFormatVectorVM (153)
[2019.07.20-08.20.13:720][601]LogModuleManager: Shutting down and abandoning module ShaderFormatOpenGL (151)
[2019.07.20-08.20.13:730][601]LogModuleManager: Shutting down and abandoning module ShaderFormatD3D (149)
[2019.07.20-08.20.13:730][601]LogModuleManager: Shutting down and abandoning module MetalShaderFormat (147)
[2019.07.20-08.20.13:742][601]LogModuleManager: Shutting down and abandoning module TextureFormatUncompressed (145)
[2019.07.20-08.20.13:742][601]LogModuleManager: Shutting down and abandoning module TextureFormatPVR (143)
[2019.07.20-08.20.13:742][601]LogModuleManager: Shutting down and abandoning module TextureFormatDXT (141)
[2019.07.20-08.20.13:754][601]LogModuleManager: Shutting down and abandoning module TextureFormatIntelISPCTexComp (139)
[2019.07.20-08.20.13:762][601]LogModuleManager: Shutting down and abandoning module TextureFormatASTC (137)
[2019.07.20-08.20.13:762][601]LogModuleManager: Shutting down and abandoning module ImageWrapper (136)
[2019.07.20-08.20.13:762][601]LogModuleManager: Shutting down and abandoning module TextureFormatAndroid (133)
[2019.07.20-08.20.13:762][601]LogModuleManager: Shutting down and abandoning module AudioFormatOpus (131)
[2019.07.20-08.20.13:762][601]LogModuleManager: Shutting down and abandoning module AudioFormatOgg (129)
[2019.07.20-08.20.13:762][601]LogModuleManager: Shutting down and abandoning module AudioFormatADPCM (127)
[2019.07.20-08.20.13:762][601]LogModuleManager: Shutting down and abandoning module LuminTargetPlatform (125)
[2019.07.20-08.20.13:785][601]LogModuleManager: Shutting down and abandoning module LinuxTargetPlatform (123)
[2019.07.20-08.20.13:785][601]LogModuleManager: Shutting down and abandoning module LinuxServerTargetPlatform (121)
[2019.07.20-08.20.13:785][601]LogModuleManager: Shutting down and abandoning module LinuxNoEditorTargetPlatform (119)
[2019.07.20-08.20.13:786][601]LogModuleManager: Shutting down and abandoning module LinuxClientTargetPlatform (117)
[2019.07.20-08.20.13:786][601]LogModuleManager: Shutting down and abandoning module TVOSTargetPlatform (115)
[2019.07.20-08.20.13:813][601]LogModuleManager: Shutting down and abandoning module Messaging (113)
[2019.07.20-08.20.13:813][601]LogModuleManager: Shutting down and abandoning module IOSTargetPlatform (111)
[2019.07.20-08.20.13:821][601]LogModuleManager: Shutting down and abandoning module HTML5TargetPlatform (109)
[2019.07.20-08.20.13:821][601]LogModuleManager: Shutting down and abandoning module AndroidTargetPlatform (107)
[2019.07.20-08.20.13:856][601]LogModuleManager: Shutting down and abandoning module WindowsTargetPlatform (105)
[2019.07.20-08.20.13:856][601]LogModuleManager: Shutting down and abandoning module WindowsServerTargetPlatform (103)
[2019.07.20-08.20.13:856][601]LogModuleManager: Shutting down and abandoning module WindowsNoEditorTargetPlatform (101)
[2019.07.20-08.20.13:856][601]LogModuleManager: Shutting down and abandoning module WindowsClientTargetPlatform (99)
[2019.07.20-08.20.13:856][601]LogModuleManager: Shutting down and abandoning module MacTargetPlatform (97)
[2019.07.20-08.20.13:856][601]LogModuleManager: Shutting down and abandoning module MacServerTargetPlatform (95)
[2019.07.20-08.20.13:856][601]LogModuleManager: Shutting down and abandoning module MacNoEditorTargetPlatform (93)
[2019.07.20-08.20.13:856][601]LogModuleManager: Shutting down and abandoning module MacClientTargetPlatform (91)
[2019.07.20-08.20.13:856][601]LogModuleManager: Shutting down and abandoning module AllDesktopTargetPlatform (89)
[2019.07.20-08.20.13:856][601]LogModuleManager: Shutting down and abandoning module InputCore (86)
[2019.07.20-08.20.13:856][601]LogModuleManager: Shutting down and abandoning module Settings (84)
[2019.07.20-08.20.13:856][601]LogModuleManager: Shutting down and abandoning module PhysXCooking (82)
[2019.07.20-08.20.13:856][601]LogModuleManager: Shutting down and abandoning module SteamVR (80)
[2019.07.20-08.20.13:873][601]LogHMD: Freeing OpenVRDLLHandle.
[2019.07.20-08.20.13:873][601]LogModuleManager: Shutting down and abandoning module OculusHMD (78)
[2019.07.20-08.20.13:873][601]LogModuleManager: Shutting down and abandoning module ExampleDeviceProfileSelector (76)
[2019.07.20-08.20.13:873][601]LogModuleManager: Shutting down and abandoning module LauncherChunkInstaller (74)
[2019.07.20-08.20.13:873][601]LogModuleManager: Shutting down and abandoning module OnlineBlueprintSupport (72)
[2019.07.20-08.20.13:873][601]LogModuleManager: Shutting down and abandoning module OnlineSubsystem (68)
[2019.07.20-08.20.13:893][601]LogModuleManager: Shutting down and abandoning module XMPP (63)
[2019.07.20-08.20.13:919][601]LogModuleManager: Shutting down and abandoning module WebSockets (62)
[2019.07.20-08.20.13:981][601]LogModuleManager: Shutting down and abandoning module HTTP (59)
[2019.07.20-08.20.13:981][601]LogHttp: Display: Http module shutting down, but needs to wait on 1 outstanding Http requests:
[2019.07.20-08.20.13:981][601]LogHttp: Display: 	verb=[POST] url=[https://datarouter.ol.epicgames.com/datarouter/api/v1/public/data?SessionID=%7BD70B3F28-480F-EC35-AD7A-C3A996571DDA%7D&AppID=UEEditor.Rocket.Release&AppVersion=4.21.2-4753647%2B%2B%2BUE4%2BRelease-4.21&UserID=dc9c400342969088c50b8d93f2a37047%7C82a635845ccc412cbae6ee1343938b8c%7Caf512e22-2dc5-4979-8922-633ddf3b09f0&AppEnvironment=datacollector-binary&UploadType=eteventstream] status=Processing
[2019.07.20-08.20.14:016][601]LogModuleManager: Shutting down and abandoning module SSL (58)
[2019.07.20-08.20.14:019][601]LogModuleManager: Shutting down and abandoning module MagicLeapIdentity (54)
[2019.07.20-08.20.14:019][601]LogModuleManager: Shutting down and abandoning module MagicLeapHelperVulkan (52)
[2019.07.20-08.20.14:019][601]LogModuleManager: Shutting down and abandoning module MagicLeapHelperOpenGL (50)
[2019.07.20-08.20.14:019][601]LogModuleManager: Shutting down and abandoning module MagicLeapSecureStorage (48)
[2019.07.20-08.20.14:019][601]LogModuleManager: Shutting down and abandoning module MagicLeapHandTracking (46)
[2019.07.20-08.20.14:019][601]LogModuleManager: Shutting down and abandoning module MagicLeapEyeTracker (44)
[2019.07.20-08.20.14:019][601]LogModuleManager: Shutting down and abandoning module MagicLeapController (42)
[2019.07.20-08.20.14:020][601]LogSlate: Slate User Destroyed.  User Index 0, Is Virtual User: 0
[2019.07.20-08.20.14:020][601]LogModuleManager: Shutting down and abandoning module MagicLeap (40)
[2019.07.20-08.20.14:044][601]LogModuleManager: Shutting down and abandoning module DatasmithContent (38)
[2019.07.20-08.20.14:045][601]LogModuleManager: Shutting down and abandoning module AnimationModifiers (36)
[2019.07.20-08.20.14:062][601]LogModuleManager: Shutting down and abandoning module PropertyEditor (35)
[2019.07.20-08.20.14:072][601]LogModuleManager: Shutting down and abandoning module AudioEditor (32)
[2019.07.20-08.20.14:088][601]LogModuleManager: Shutting down and abandoning module TextureCompressor (30)
[2019.07.20-08.20.14:098][601]LogModuleManager: Shutting down and abandoning module ShaderCore (28)
[2019.07.20-08.20.14:098][601]LogModuleManager: Shutting down and abandoning module Landscape (26)
[2019.07.20-08.20.14:098][601]LogModuleManager: Shutting down and abandoning module SlateRHIRenderer (24)
[2019.07.20-08.20.14:107][601]LogModuleManager: Shutting down and abandoning module OpenGLDrv (22)
[2019.07.20-08.20.14:128][601]LogModuleManager: Shutting down and abandoning module D3D11RHI (20)
[2019.07.20-08.20.14:128][601]LogModuleManager: Shutting down and abandoning module AnimGraphRuntime (18)
[2019.07.20-08.20.14:128][601]LogModuleManager: Shutting down and abandoning module Renderer (16)
[2019.07.20-08.20.14:128][601]LogModuleManager: Shutting down and abandoning module Engine (14)
[2019.07.20-08.20.14:128][601]LogModuleManager: Shutting down and abandoning module CoreUObject (12)
[2019.07.20-08.20.14:128][601]LogModuleManager: Shutting down and abandoning module NetworkFile (10)
[2019.07.20-08.20.14:137][601]LogModuleManager: Shutting down and abandoning module CookedIterativeFile (8)
[2019.07.20-08.20.14:137][601]LogModuleManager: Shutting down and abandoning module StreamingFile (6)
[2019.07.20-08.20.14:144][601]LogModuleManager: Shutting down and abandoning module SandboxFile (4)
[2019.07.20-08.20.14:144][601]LogModuleManager: Shutting down and abandoning module PakFile (2)
[2019.07.20-08.20.14:197][601]LogExit: Exiting.
[2019.07.20-08.20.14:214][601]Log file closed, 07/20/19 16:20:14
