Log file open, 07/22/19 15:12:53
LogWindows: Failed to load 'aqProf.dll' (GetLastError=126)
LogWindows: File 'aqProf.dll' does not exist
LogWindows: Failed to load 'VtuneApi.dll' (GetLastError=126)
LogWindows: File 'VtuneApi.dll' does not exist
LogWindows: Failed to load 'VtuneApi32e.dll' (GetLastError=126)
LogWindows: File 'VtuneApi32e.dll' does not exist
LogConsoleResponse: Display: Failed to find resolution value strings in scalability ini. Falling back to default.
LogInit: Display: Running engine for game: AboutCG
LogPakFile: Registered encryption key '00000000000000000000000000000000': 0 pak files mounted, 0 remain pending
LogPlatformFile: Not using cached read wrapper
LogTaskGraph: Started task graph with 5 named threads and 23 total threads with 3 sets of task threads.
LogStats: Stats thread started at 0.317213
LogD3D11RHI: Loaded GFSDK_Aftermath_Lib.x64.dll
LogICUInternationalization: ICU TimeZone Detection - Raw Offset: +8:00, Platform Override: ''
LogPluginManager: Mounting plugin Paper2D
LogPluginManager: Mounting plugin AISupport
LogPluginManager: Mounting plugin LightPropagationVolume
LogPluginManager: Mounting plugin ActorLayerUtilities
LogPluginManager: Mounting plugin AnimationSharing
LogPluginManager: Mounting plugin CLionSourceCodeAccess
LogPluginManager: Mounting plugin CodeLiteSourceCodeAccess
LogPluginManager: Mounting plugin GitSourceControl
LogPluginManager: Mounting plugin KDevelopSourceCodeAccess
LogPluginManager: Mounting plugin NullSourceCodeAccess
LogPluginManager: Mounting plugin PerforceSourceControl
LogPluginManager: Mounting plugin SubversionSourceControl
LogPluginManager: Mounting plugin UObjectPlugin
LogPluginManager: Mounting plugin VisualStudioCodeSourceCodeAccess
LogPluginManager: Mounting plugin VisualStudioSourceCodeAccess
LogPluginManager: Mounting plugin XCodeSourceCodeAccess
LogPluginManager: Mounting plugin AssetManagerEditor
LogPluginManager: Mounting plugin CryptoKeys
LogPluginManager: Mounting plugin DataValidation
LogPluginManager: Mounting plugin FacialAnimation
LogPluginManager: Mounting plugin GameplayTagsEditor
LogPluginManager: Mounting plugin MacGraphicsSwitching
LogPluginManager: Mounting plugin MaterialAnalyzer
LogPluginManager: Mounting plugin MobileLauncherProfileWizard
LogPluginManager: Mounting plugin PluginBrowser
LogPluginManager: Mounting plugin SpeedTreeImporter
LogPluginManager: Mounting plugin DatasmithContent
LogPluginManager: Mounting plugin VariantManagerContent
LogPluginManager: Mounting plugin AlembicImporter
LogPluginManager: Mounting plugin AppleImageUtils
LogPluginManager: Mounting plugin AppleVision
LogPluginManager: Mounting plugin BackChannel
LogPluginManager: Mounting plugin CharacterAI
LogPluginManager: Mounting plugin GeometryCache
LogPluginManager: Mounting plugin HTML5Networking
LogPluginManager: Mounting plugin ProxyLODPlugin
LogPluginManager: Mounting plugin SkeletalReduction
LogPluginManager: Mounting plugin MagicLeap
LogPluginManager: Mounting plugin MagicLeapMedia
LogPluginManager: Mounting plugin AndroidMedia
LogPluginManager: Mounting plugin AvfMedia
LogPluginManager: Mounting plugin ImgMedia
LogPluginManager: Mounting plugin LinearTimecode
LogPluginManager: Mounting plugin MediaCompositing
LogPluginManager: Mounting plugin MediaPlayerEditor
LogPluginManager: Mounting plugin WebMMedia
LogPluginManager: Mounting plugin WmfMedia
LogPluginManager: Mounting plugin TcpMessaging
LogPluginManager: Mounting plugin UdpMessaging
LogPluginManager: Mounting plugin ActorSequence
LogPluginManager: Mounting plugin LevelSequenceEditor
LogPluginManager: Mounting plugin MatineeToLevelSequence
LogPluginManager: Mounting plugin NetcodeUnitTest
LogPluginManager: Mounting plugin NUTUnrealEngine4
LogPluginManager: Mounting plugin OnlineSubsystemGooglePlay
LogPluginManager: Mounting plugin OnlineSubsystemIOS
LogPluginManager: Mounting plugin OnlineSubsystem
LogPluginManager: Mounting plugin OnlineSubsystemNull
LogPluginManager: Mounting plugin OnlineSubsystemUtils
LogPluginManager: Mounting plugin LauncherChunkInstaller
LogPluginManager: Mounting plugin AndroidDeviceProfileSelector
LogPluginManager: Mounting plugin AndroidMoviePlayer
LogPluginManager: Mounting plugin AndroidPermission
LogPluginManager: Mounting plugin AppleMoviePlayer
LogPluginManager: Mounting plugin ArchVisCharacter
LogPluginManager: Mounting plugin AudioCapture
LogPluginManager: Mounting plugin CableComponent
LogPluginManager: Mounting plugin CustomMeshComponent
LogPluginManager: Mounting plugin EditableMesh
LogPluginManager: Mounting plugin ExampleDeviceProfileSelector
LogPluginManager: Mounting plugin Firebase
LogPluginManager: Mounting plugin GoogleCloudMessaging
LogPluginManager: Mounting plugin IOSDeviceProfileSelector
LogPluginManager: Mounting plugin LinuxDeviceProfileSelector
LogPluginManager: Mounting plugin LocationServicesBPLibrary
LogPluginManager: Mounting plugin MobilePatchingUtils
LogPluginManager: Mounting plugin OculusVR
LogPluginManager: Mounting plugin PhysXVehicles
LogPluginManager: Mounting plugin ProceduralMeshComponent
LogPluginManager: Mounting plugin RuntimePhysXCooking
LogPluginManager: Mounting plugin SignificanceManager
LogPluginManager: Mounting plugin SteamVR
LogPluginManager: Mounting plugin WebMMoviePlayer
LogPluginManager: Mounting plugin WindowsMoviePlayer
LogPluginManager: Mounting plugin MyEditorStandalonePlugin
LogPluginManager: Mounting plugin MyPlugin
LogInit: Using libcurl 7.55.1-DEV
LogInit:  - built for x86_64-pc-win32
LogInit:  - supports SSL with OpenSSL/1.1.1
LogInit:  - supports HTTP deflate (compression) using libz 1.2.8
LogInit:  - other features:
LogInit:      CURL_VERSION_SSL
LogInit:      CURL_VERSION_LIBZ
LogInit:      CURL_VERSION_IPV6
LogInit:      CURL_VERSION_ASYNCHDNS
LogInit:      CURL_VERSION_LARGEFILE
LogInit:      CURL_VERSION_IDN
LogInit:  CurlRequestOptions (configurable via config and command line):
LogInit:  - bVerifyPeer = true  - Libcurl will verify peer certificate
LogInit:  - bUseHttpProxy = false  - Libcurl will NOT use HTTP proxy
LogInit:  - bDontReuseConnections = false  - Libcurl will reuse connections
LogInit:  - MaxHostConnections = 16  - Libcurl will limit the number of connections to a host
LogInit:  - LocalHostAddr = Default
LogInit:  - BufferSize = 65536
LogInit: WinSock: version 1.1 (2.2), MaxSocks=32767, MaxUdp=65467
LogInit: Build: ++UE4+Release-4.22-CL-6063286
LogInit: Engine Version: 4.22.1-6063286+++UE4+Release-4.22
LogInit: Compatible Engine Version: 4.22.0-5660361+++UE4+Release-4.22
LogInit: Net CL: 5660361
LogInit: OS: Windows 10 (Release 1803) (), CPU: Intel(R) Xeon(R) CPU E3-1230 v5 @ 3.40GHz, GPU: NVIDIA GeForce GTX 1070
LogInit: Compiled (64-bit): Apr 24 2019 04:36:48
LogInit: Compiled with Visual C++: 19.16.27025.01
LogInit: Build Configuration: Development
LogInit: Branch Name: ++UE4+Release-4.22
LogInit: Command Line:  E:/MyUEProject.git/AboutCG/AboutCG.uproject -run=GatherText -config=Config/Localization/Game_Compile.ini
LogInit: Base Directory: E:/Epic Games/UE_4.22/Engine/Binaries/Win64/
LogInit: Installed Engine Build: 1
LogDevObjectVersion: Number of dev versions registered: 23
LogDevObjectVersion:   Dev-Blueprints (B0D832E4-1F89-4F0D-ACCF-7EB736FD4AA2): 10
LogDevObjectVersion:   Dev-Build (E1C64328-A22C-4D53-A36C-8E866417BD8C): 0
LogDevObjectVersion:   Dev-Core (375EC13C-06E4-48FB-B500-84F0262A717E): 3
LogDevObjectVersion:   Dev-Editor (E4B068ED-F494-42E9-A231-DA0B2E46BB41): 30
LogDevObjectVersion:   Dev-Framework (CFFC743F-43B0-4480-9391-14DF171D2073): 35
LogDevObjectVersion:   Dev-Mobile (B02B49B5-BB20-44E9-A304-32B752E40360): 2
LogDevObjectVersion:   Dev-Networking (A4E4105C-59A1-49B5-A7C5-40C4547EDFEE): 0
LogDevObjectVersion:   Dev-Online (39C831C9-5AE6-47DC-9A44-9C173E1C8E7C): 0
LogDevObjectVersion:   Dev-Physics (78F01B33-EBEA-4F98-B9B4-84EACCB95AA2): 0
LogDevObjectVersion:   Dev-Platform (6631380F-2D4D-43E0-8009-CF276956A95A): 0
LogDevObjectVersion:   Dev-Rendering (12F88B9F-8875-4AFC-A67C-D90C383ABD29): 28
LogDevObjectVersion:   Dev-Sequencer (7B5AE74C-D270-4C10-A958-57980B212A5A): 11
LogDevObjectVersion:   Dev-VR (D7296918-1DD6-4BDD-9DE2-64A83CC13884): 2
LogDevObjectVersion:   Dev-LoadTimes (C2A15278-BFE7-4AFE-6C17-90FF531DF755): 1
LogDevObjectVersion:   Private-Geometry (6EACA3D4-40EC-4CC1-B786-8BED09428FC5): 3
LogDevObjectVersion:   Dev-AnimPhys (29E575DD-E0A3-4627-9D10-D276232CDCEA): 17
LogDevObjectVersion:   Dev-Anim (AF43A65D-7FD3-4947-9873-3E8ED9C1BB05): 2
LogDevObjectVersion:   Dev-ReflectionCapture (6B266CEC-1EC7-4B8F-A30B-E4D90942FC07): 1
LogDevObjectVersion:   Dev-Automation (0DF73D61-A23F-47EA-B727-89E90C41499A): 1
LogDevObjectVersion:   FortniteMain (601D1886-AC64-4F84-AA16-D3DE0DEAC7D6): 25
LogDevObjectVersion:   Dev-Enterprise (9DFFBCD6-494F-0158-E221-12823C92A888): 6
LogDevObjectVersion:   Dev-Niagara (F2AED0AC-9AFE-416F-8664-AA7FFA26D6FC): 1
LogDevObjectVersion:   Dev-Destruction (174F1F0B-B4C6-45A5-B13F-2EE8D0FB917D): 2
LogInit: Presizing for max 16777216 objects, including 0 objects not considered by GC, pre-allocating 0 bytes for permanent pool.
LogInit: Object subsystem initialized
LogConfig: Setting CVar [[con.DebugEarlyDefault:1]]
LogConfig: Setting CVar [[r.setres:1280x720]]
[2019.07.22-07.12.53:661][  0]LogConfig: Setting CVar [[con.DebugEarlyDefault:1]]
[2019.07.22-07.12.53:661][  0]LogConfig: Setting CVar [[r.setres:1280x720]]
[2019.07.22-07.12.53:662][  0]LogConfig: Applying CVar settings from Section [/Script/Engine.RendererSettings] File [E:/MyUEProject.git/AboutCG/Saved/Config/Windows/Engine.ini]
[2019.07.22-07.12.53:662][  0]LogConfig: Setting CVar [[r.GPUCrashDebugging:0]]
[2019.07.22-07.12.53:662][  0]LogConfig: Applying CVar settings from Section [/Script/Engine.RendererOverrideSettings] File [E:/MyUEProject.git/AboutCG/Saved/Config/Windows/Engine.ini]
[2019.07.22-07.12.53:662][  0]LogConfig: Setting CVar [[r.SupportAllShaderPermutations:1]]
[2019.07.22-07.12.53:662][  0]LogConfig: Setting CVar [[r.SkinCache.ForceRecomputeTangents:1]]
[2019.07.22-07.12.53:662][  0]LogConfig: Applying CVar settings from Section [/Script/Engine.StreamingSettings] File [E:/MyUEProject.git/AboutCG/Saved/Config/Windows/Engine.ini]
[2019.07.22-07.12.53:662][  0]LogConfig: Setting CVar [[s.MinBulkDataSizeForAsyncLoading:131072]]
[2019.07.22-07.12.53:662][  0]LogConfig: Setting CVar [[s.AsyncLoadingThreadEnabled:0]]
[2019.07.22-07.12.53:662][  0]LogConfig: Setting CVar [[s.EventDrivenLoaderEnabled:1]]
[2019.07.22-07.12.53:662][  0]LogConfig: Setting CVar [[s.WarnIfTimeLimitExceeded:0]]
[2019.07.22-07.12.53:662][  0]LogConfig: Setting CVar [[s.TimeLimitExceededMultiplier:1.5]]
[2019.07.22-07.12.53:662][  0]LogConfig: Setting CVar [[s.TimeLimitExceededMinTime:0.005]]
[2019.07.22-07.12.53:662][  0]LogConfig: Setting CVar [[s.UseBackgroundLevelStreaming:1]]
[2019.07.22-07.12.53:662][  0]LogConfig: Setting CVar [[s.PriorityAsyncLoadingExtraTime:15.0]]
[2019.07.22-07.12.53:662][  0]LogConfig: Setting CVar [[s.LevelStreamingActorsUpdateTimeLimit:5.0]]
[2019.07.22-07.12.53:662][  0]LogConfig: Setting CVar [[s.PriorityLevelStreamingActorsUpdateExtraTime:5.0]]
[2019.07.22-07.12.53:662][  0]LogConfig: Setting CVar [[s.LevelStreamingComponentsRegistrationGranularity:10]]
[2019.07.22-07.12.53:662][  0]LogConfig: Setting CVar [[s.UnregisterComponentsTimeLimit:1.0]]
[2019.07.22-07.12.53:662][  0]LogConfig: Setting CVar [[s.LevelStreamingComponentsUnregistrationGranularity:5]]
[2019.07.22-07.12.53:662][  0]LogConfig: Applying CVar settings from Section [/Script/Engine.GarbageCollectionSettings] File [E:/MyUEProject.git/AboutCG/Saved/Config/Windows/Engine.ini]
[2019.07.22-07.12.53:662][  0]LogConfig: Setting CVar [[gc.MaxObjectsNotConsideredByGC:1]]
[2019.07.22-07.12.53:662][  0]LogConfig: Setting CVar [[gc.SizeOfPermanentObjectPool:0]]
[2019.07.22-07.12.53:662][  0]LogConfig: Setting CVar [[gc.FlushStreamingOnGC:0]]
[2019.07.22-07.12.53:662][  0]LogConfig: Setting CVar [[gc.NumRetriesBeforeForcingGC:10]]
[2019.07.22-07.12.53:662][  0]LogConfig: Setting CVar [[gc.AllowParallelGC:1]]
[2019.07.22-07.12.53:662][  0]LogConfig: Setting CVar [[gc.TimeBetweenPurgingPendingKillObjects:61.1]]
[2019.07.22-07.12.53:662][  0]LogConfig: Setting CVar [[gc.MaxObjectsInEditor:16777216]]
[2019.07.22-07.12.53:662][  0]LogConfig: Setting CVar [[gc.IncrementalBeginDestroyEnabled:1]]
[2019.07.22-07.12.53:662][  0]LogConfig: Setting CVar [[gc.CreateGCClusters:1]]
[2019.07.22-07.12.53:662][  0]LogConfig: Setting CVar [[gc.MinGCClusterSize:5]]
[2019.07.22-07.12.53:662][  0]LogConfig: Setting CVar [[gc.ActorClusteringEnabled:0]]
[2019.07.22-07.12.53:662][  0]LogConfig: Setting CVar [[gc.BlueprintClusteringEnabled:0]]
[2019.07.22-07.12.53:662][  0]LogConfig: Setting CVar [[gc.UseDisregardForGCOnDedicatedServers:0]]
[2019.07.22-07.12.53:662][  0]LogConfig: Applying CVar settings from Section [/Script/Engine.NetworkSettings] File [E:/MyUEProject.git/AboutCG/Saved/Config/Windows/Engine.ini]
[2019.07.22-07.12.53:662][  0]LogConfig: Applying CVar settings from Section [/Script/UnrealEd.CookerSettings] File [E:/MyUEProject.git/AboutCG/Saved/Config/Windows/Engine.ini]
[2019.07.22-07.12.53:662][  0]LogConfig: Applying CVar settings from Section [ViewDistanceQuality@3] File [E:/MyUEProject.git/AboutCG/Saved/Config/Windows/Scalability.ini]
[2019.07.22-07.12.53:662][  0]LogConfig: Setting CVar [[r.SkeletalMeshLODBias:0]]
[2019.07.22-07.12.53:662][  0]LogConfig: Setting CVar [[r.ViewDistanceScale:1.0]]
[2019.07.22-07.12.53:662][  0]LogConfig: Applying CVar settings from Section [AntiAliasingQuality@3] File [E:/MyUEProject.git/AboutCG/Saved/Config/Windows/Scalability.ini]
[2019.07.22-07.12.53:663][  0]LogConfig: Setting CVar [[r.PostProcessAAQuality:4]]
[2019.07.22-07.12.53:663][  0]LogConfig: Applying CVar settings from Section [ShadowQuality@3] File [E:/MyUEProject.git/AboutCG/Saved/Config/Windows/Scalability.ini]
[2019.07.22-07.12.53:663][  0]LogConfig: Setting CVar [[r.LightFunctionQuality:1]]
[2019.07.22-07.12.53:663][  0]LogConfig: Setting CVar [[r.ShadowQuality:5]]
[2019.07.22-07.12.53:663][  0]LogConfig: Setting CVar [[r.Shadow.CSM.MaxCascades:10]]
[2019.07.22-07.12.53:663][  0]LogConfig: Setting CVar [[r.Shadow.MaxResolution:2048]]
[2019.07.22-07.12.53:663][  0]LogConfig: Setting CVar [[r.Shadow.MaxCSMResolution:2048]]
[2019.07.22-07.12.53:663][  0]LogConfig: Setting CVar [[r.Shadow.RadiusThreshold:0.01]]
[2019.07.22-07.12.53:663][  0]LogConfig: Setting CVar [[r.Shadow.DistanceScale:1.0]]
[2019.07.22-07.12.53:663][  0]LogConfig: Setting CVar [[r.Shadow.CSM.TransitionScale:1.0]]
[2019.07.22-07.12.53:663][  0]LogConfig: Setting CVar [[r.Shadow.PreShadowResolutionFactor:1.0]]
[2019.07.22-07.12.53:663][  0]LogConfig: Setting CVar [[r.DistanceFieldShadowing:1]]
[2019.07.22-07.12.53:663][  0]LogConfig: Setting CVar [[r.DistanceFieldAO:1]]
[2019.07.22-07.12.53:663][  0]LogConfig: Setting CVar [[r.AOQuality:2]]
[2019.07.22-07.12.53:663][  0]LogConfig: Setting CVar [[r.VolumetricFog:1]]
[2019.07.22-07.12.53:663][  0]LogConfig: Setting CVar [[r.VolumetricFog.GridPixelSize:8]]
[2019.07.22-07.12.53:663][  0]LogConfig: Setting CVar [[r.VolumetricFog.GridSizeZ:128]]
[2019.07.22-07.12.53:663][  0]LogConfig: Setting CVar [[r.VolumetricFog.HistoryMissSupersampleCount:4]]
[2019.07.22-07.12.53:663][  0]LogConfig: Setting CVar [[r.LightMaxDrawDistanceScale:1]]
[2019.07.22-07.12.53:663][  0]LogConfig: Setting CVar [[r.CapsuleShadows:1]]
[2019.07.22-07.12.53:663][  0]LogConfig: Applying CVar settings from Section [PostProcessQuality@3] File [E:/MyUEProject.git/AboutCG/Saved/Config/Windows/Scalability.ini]
[2019.07.22-07.12.53:663][  0]LogConfig: Setting CVar [[r.MotionBlurQuality:4]]
[2019.07.22-07.12.53:663][  0]LogConfig: Setting CVar [[r.AmbientOcclusionMipLevelFactor:0.4]]
[2019.07.22-07.12.53:663][  0]LogConfig: Setting CVar [[r.AmbientOcclusionMaxQuality:100]]
[2019.07.22-07.12.53:663][  0]LogConfig: Setting CVar [[r.AmbientOcclusionLevels:-1]]
[2019.07.22-07.12.53:663][  0]LogConfig: Setting CVar [[r.AmbientOcclusionRadiusScale:1.0]]
[2019.07.22-07.12.53:663][  0]LogConfig: Setting CVar [[r.DepthOfFieldQuality:2]]
[2019.07.22-07.12.53:663][  0]LogConfig: Setting CVar [[r.RenderTargetPoolMin:400]]
[2019.07.22-07.12.53:663][  0]LogConfig: Setting CVar [[r.LensFlareQuality:2]]
[2019.07.22-07.12.53:663][  0]LogConfig: Setting CVar [[r.SceneColorFringeQuality:1]]
[2019.07.22-07.12.53:663][  0]LogConfig: Setting CVar [[r.EyeAdaptationQuality:2]]
[2019.07.22-07.12.53:663][  0]LogConfig: Setting CVar [[r.BloomQuality:5]]
[2019.07.22-07.12.53:663][  0]LogConfig: Setting CVar [[r.FastBlurThreshold:100]]
[2019.07.22-07.12.53:663][  0]LogConfig: Setting CVar [[r.Upscale.Quality:3]]
[2019.07.22-07.12.53:663][  0]LogConfig: Setting CVar [[r.Tonemapper.GrainQuantization:1]]
[2019.07.22-07.12.53:663][  0]LogConfig: Setting CVar [[r.LightShaftQuality:1]]
[2019.07.22-07.12.53:663][  0]LogConfig: Setting CVar [[r.Filter.SizeScale:1]]
[2019.07.22-07.12.53:663][  0]LogConfig: Setting CVar [[r.Tonemapper.Quality:5]]
[2019.07.22-07.12.53:663][  0]LogConfig: Setting CVar [[r.DOF.Gather.AccumulatorQuality:1        ; higher gathering accumulator quality]]
[2019.07.22-07.12.53:663][  0]LogConfig: Setting CVar [[r.DOF.Gather.PostfilterMethod:1          ; Median3x3 postfilering method]]
[2019.07.22-07.12.53:663][  0]LogConfig: Setting CVar [[r.DOF.Gather.EnableBokehSettings:0       ; no bokeh simulation when gathering]]
[2019.07.22-07.12.53:663][  0]LogConfig: Setting CVar [[r.DOF.Gather.RingCount:4                 ; medium number of samples when gathering]]
[2019.07.22-07.12.53:663][  0]LogConfig: Setting CVar [[r.DOF.Scatter.ForegroundCompositing:1    ; additive foreground scattering]]
[2019.07.22-07.12.53:663][  0]LogConfig: Setting CVar [[r.DOF.Scatter.BackgroundCompositing:2    ; additive background scattering]]
[2019.07.22-07.12.53:663][  0]LogConfig: Setting CVar [[r.DOF.Scatter.EnableBokehSettings:1      ; bokeh simulation when scattering]]
[2019.07.22-07.12.53:663][  0]LogConfig: Setting CVar [[r.DOF.Scatter.MaxSpriteRatio:0.1         ; only a maximum of 10% of scattered bokeh]]
[2019.07.22-07.12.53:663][  0]LogConfig: Setting CVar [[r.DOF.Recombine.Quality:1                ; cheap slight out of focus]]
[2019.07.22-07.12.53:663][  0]LogConfig: Setting CVar [[r.DOF.Recombine.EnableBokehSettings:0    ; no bokeh simulation on slight out of focus]]
[2019.07.22-07.12.53:663][  0]LogConfig: Setting CVar [[r.DOF.TemporalAAQuality:1                ; more stable temporal accumulation]]
[2019.07.22-07.12.53:663][  0]LogConfig: Setting CVar [[r.DOF.Kernel.MaxForegroundRadius:0.025]]
[2019.07.22-07.12.53:663][  0]LogConfig: Setting CVar [[r.DOF.Kernel.MaxBackgroundRadius:0.025]]
[2019.07.22-07.12.53:663][  0]LogConfig: Applying CVar settings from Section [TextureQuality@3] File [E:/MyUEProject.git/AboutCG/Saved/Config/Windows/Scalability.ini]
[2019.07.22-07.12.53:663][  0]LogConfig: Setting CVar [[r.Streaming.MipBias:0]]
[2019.07.22-07.12.53:663][  0]LogConfig: Setting CVar [[r.Streaming.AmortizeCPUToGPUCopy:0]]
[2019.07.22-07.12.53:663][  0]LogConfig: Setting CVar [[r.Streaming.MaxNumTexturesToStreamPerFrame:0]]
[2019.07.22-07.12.53:663][  0]LogConfig: Setting CVar [[r.Streaming.Boost:1]]
[2019.07.22-07.12.53:663][  0]LogConfig: Setting CVar [[r.MaxAnisotropy:8]]
[2019.07.22-07.12.53:663][  0]LogConfig: Setting CVar [[r.Streaming.LimitPoolSizeToVRAM:0]]
[2019.07.22-07.12.53:663][  0]LogConfig: Setting CVar [[r.Streaming.PoolSize:1000]]
[2019.07.22-07.12.53:663][  0]LogConfig: Setting CVar [[r.Streaming.MaxEffectiveScreenSize:0]]
[2019.07.22-07.12.53:663][  0]LogConfig: Applying CVar settings from Section [EffectsQuality@3] File [E:/MyUEProject.git/AboutCG/Saved/Config/Windows/Scalability.ini]
[2019.07.22-07.12.53:663][  0]LogConfig: Setting CVar [[r.TranslucencyLightingVolumeDim:64]]
[2019.07.22-07.12.53:663][  0]LogConfig: Setting CVar [[r.RefractionQuality:2]]
[2019.07.22-07.12.53:663][  0]LogConfig: Setting CVar [[r.SSR.Quality:3]]
[2019.07.22-07.12.53:663][  0]LogConfig: Setting CVar [[r.SceneColorFormat:4]]
[2019.07.22-07.12.53:663][  0]LogConfig: Setting CVar [[r.DetailMode:2]]
[2019.07.22-07.12.53:663][  0]LogConfig: Setting CVar [[r.TranslucencyVolumeBlur:1]]
[2019.07.22-07.12.53:663][  0]LogConfig: Setting CVar [[r.MaterialQualityLevel:1 ; High quality]]
[2019.07.22-07.12.53:663][  0]LogConfig: Setting CVar [[r.SSS.Scale:1]]
[2019.07.22-07.12.53:663][  0]LogConfig: Setting CVar [[r.SSS.SampleSet:2]]
[2019.07.22-07.12.53:663][  0]LogConfig: Setting CVar [[r.SSS.Quality:1]]
[2019.07.22-07.12.53:663][  0]LogConfig: Setting CVar [[r.SSS.HalfRes:1]]
[2019.07.22-07.12.53:663][  0]LogConfig: Setting CVar [[r.EmitterSpawnRateScale:1.0]]
[2019.07.22-07.12.53:663][  0]LogConfig: Setting CVar [[r.ParticleLightQuality:2]]
[2019.07.22-07.12.53:663][  0]LogConfig: Applying CVar settings from Section [FoliageQuality@3] File [E:/MyUEProject.git/AboutCG/Saved/Config/Windows/Scalability.ini]
[2019.07.22-07.12.53:663][  0]LogConfig: Setting CVar [[foliage.DensityScale:1.0]]
[2019.07.22-07.12.53:663][  0]LogConfig: Setting CVar [[grass.DensityScale:1.0]]
[2019.07.22-07.12.53:665][  0]LogInit: Selected Device Profile: [Windows]
[2019.07.22-07.12.53:665][  0]LogInit: Applying CVar settings loaded from the selected device profile: [Windows]
[2019.07.22-07.12.53:673][  0]LogHAL: Display: Platform has ~ 16 GB [17116987392 / 17179869184 / 16], which maps to Larger [LargestMinGB=32, LargerMinGB=12, DefaultMinGB=8, SmallerMinGB=6, SmallestMinGB=0)
[2019.07.22-07.12.53:673][  0]LogConfig: Setting CVar [[r.Vulkan.UseRealUBs:0		; Required until we fix HLR fall-out]]
[2019.07.22-07.12.53:673][  0]LogInit: Going up to parent DeviceProfile []
[2019.07.22-07.12.53:674][  0]LogConfig: Applying CVar settings from Section [ViewDistanceQuality@3] File [E:/MyUEProject.git/AboutCG/Saved/Config/Windows/Scalability.ini]
[2019.07.22-07.12.53:674][  0]LogConfig: Setting CVar [[r.SkeletalMeshLODBias:0]]
[2019.07.22-07.12.53:674][  0]LogConfig: Setting CVar [[r.ViewDistanceScale:1.0]]
[2019.07.22-07.12.53:674][  0]LogConfig: Applying CVar settings from Section [AntiAliasingQuality@3] File [E:/MyUEProject.git/AboutCG/Saved/Config/Windows/Scalability.ini]
[2019.07.22-07.12.53:674][  0]LogConfig: Setting CVar [[r.PostProcessAAQuality:4]]
[2019.07.22-07.12.53:674][  0]LogConfig: Applying CVar settings from Section [ShadowQuality@3] File [E:/MyUEProject.git/AboutCG/Saved/Config/Windows/Scalability.ini]
[2019.07.22-07.12.53:674][  0]LogConfig: Setting CVar [[r.LightFunctionQuality:1]]
[2019.07.22-07.12.53:674][  0]LogConfig: Setting CVar [[r.ShadowQuality:5]]
[2019.07.22-07.12.53:674][  0]LogConfig: Setting CVar [[r.Shadow.CSM.MaxCascades:10]]
[2019.07.22-07.12.53:674][  0]LogConfig: Setting CVar [[r.Shadow.MaxResolution:2048]]
[2019.07.22-07.12.53:674][  0]LogConfig: Setting CVar [[r.Shadow.MaxCSMResolution:2048]]
[2019.07.22-07.12.53:674][  0]LogConfig: Setting CVar [[r.Shadow.RadiusThreshold:0.01]]
[2019.07.22-07.12.53:674][  0]LogConfig: Setting CVar [[r.Shadow.DistanceScale:1.0]]
[2019.07.22-07.12.53:674][  0]LogConfig: Setting CVar [[r.Shadow.CSM.TransitionScale:1.0]]
[2019.07.22-07.12.53:674][  0]LogConfig: Setting CVar [[r.Shadow.PreShadowResolutionFactor:1.0]]
[2019.07.22-07.12.53:674][  0]LogConfig: Setting CVar [[r.DistanceFieldShadowing:1]]
[2019.07.22-07.12.53:674][  0]LogConfig: Setting CVar [[r.DistanceFieldAO:1]]
[2019.07.22-07.12.53:674][  0]LogConfig: Setting CVar [[r.AOQuality:2]]
[2019.07.22-07.12.53:674][  0]LogConfig: Setting CVar [[r.VolumetricFog:1]]
[2019.07.22-07.12.53:674][  0]LogConfig: Setting CVar [[r.VolumetricFog.GridPixelSize:8]]
[2019.07.22-07.12.53:674][  0]LogConfig: Setting CVar [[r.VolumetricFog.GridSizeZ:128]]
[2019.07.22-07.12.53:674][  0]LogConfig: Setting CVar [[r.VolumetricFog.HistoryMissSupersampleCount:4]]
[2019.07.22-07.12.53:674][  0]LogConfig: Setting CVar [[r.LightMaxDrawDistanceScale:1]]
[2019.07.22-07.12.53:674][  0]LogConfig: Setting CVar [[r.CapsuleShadows:1]]
[2019.07.22-07.12.53:674][  0]LogConfig: Applying CVar settings from Section [PostProcessQuality@3] File [E:/MyUEProject.git/AboutCG/Saved/Config/Windows/Scalability.ini]
[2019.07.22-07.12.53:674][  0]LogConfig: Setting CVar [[r.MotionBlurQuality:4]]
[2019.07.22-07.12.53:674][  0]LogConfig: Setting CVar [[r.AmbientOcclusionMipLevelFactor:0.4]]
[2019.07.22-07.12.53:674][  0]LogConfig: Setting CVar [[r.AmbientOcclusionMaxQuality:100]]
[2019.07.22-07.12.53:674][  0]LogConfig: Setting CVar [[r.AmbientOcclusionLevels:-1]]
[2019.07.22-07.12.53:674][  0]LogConfig: Setting CVar [[r.AmbientOcclusionRadiusScale:1.0]]
[2019.07.22-07.12.53:674][  0]LogConfig: Setting CVar [[r.DepthOfFieldQuality:2]]
[2019.07.22-07.12.53:674][  0]LogConfig: Setting CVar [[r.RenderTargetPoolMin:400]]
[2019.07.22-07.12.53:674][  0]LogConfig: Setting CVar [[r.LensFlareQuality:2]]
[2019.07.22-07.12.53:674][  0]LogConfig: Setting CVar [[r.SceneColorFringeQuality:1]]
[2019.07.22-07.12.53:674][  0]LogConfig: Setting CVar [[r.EyeAdaptationQuality:2]]
[2019.07.22-07.12.53:674][  0]LogConfig: Setting CVar [[r.BloomQuality:5]]
[2019.07.22-07.12.53:674][  0]LogConfig: Setting CVar [[r.FastBlurThreshold:100]]
[2019.07.22-07.12.53:674][  0]LogConfig: Setting CVar [[r.Upscale.Quality:3]]
[2019.07.22-07.12.53:674][  0]LogConfig: Setting CVar [[r.Tonemapper.GrainQuantization:1]]
[2019.07.22-07.12.53:674][  0]LogConfig: Setting CVar [[r.LightShaftQuality:1]]
[2019.07.22-07.12.53:674][  0]LogConfig: Setting CVar [[r.Filter.SizeScale:1]]
[2019.07.22-07.12.53:674][  0]LogConfig: Setting CVar [[r.Tonemapper.Quality:5]]
[2019.07.22-07.12.53:674][  0]LogConfig: Setting CVar [[r.DOF.Gather.AccumulatorQuality:1        ; higher gathering accumulator quality]]
[2019.07.22-07.12.53:674][  0]LogConfig: Setting CVar [[r.DOF.Gather.PostfilterMethod:1          ; Median3x3 postfilering method]]
[2019.07.22-07.12.53:674][  0]LogConfig: Setting CVar [[r.DOF.Gather.EnableBokehSettings:0       ; no bokeh simulation when gathering]]
[2019.07.22-07.12.53:674][  0]LogConfig: Setting CVar [[r.DOF.Gather.RingCount:4                 ; medium number of samples when gathering]]
[2019.07.22-07.12.53:674][  0]LogConfig: Setting CVar [[r.DOF.Scatter.ForegroundCompositing:1    ; additive foreground scattering]]
[2019.07.22-07.12.53:674][  0]LogConfig: Setting CVar [[r.DOF.Scatter.BackgroundCompositing:2    ; additive background scattering]]
[2019.07.22-07.12.53:674][  0]LogConfig: Setting CVar [[r.DOF.Scatter.EnableBokehSettings:1      ; bokeh simulation when scattering]]
[2019.07.22-07.12.53:674][  0]LogConfig: Setting CVar [[r.DOF.Scatter.MaxSpriteRatio:0.1         ; only a maximum of 10% of scattered bokeh]]
[2019.07.22-07.12.53:674][  0]LogConfig: Setting CVar [[r.DOF.Recombine.Quality:1                ; cheap slight out of focus]]
[2019.07.22-07.12.53:674][  0]LogConfig: Setting CVar [[r.DOF.Recombine.EnableBokehSettings:0    ; no bokeh simulation on slight out of focus]]
[2019.07.22-07.12.53:674][  0]LogConfig: Setting CVar [[r.DOF.TemporalAAQuality:1                ; more stable temporal accumulation]]
[2019.07.22-07.12.53:674][  0]LogConfig: Setting CVar [[r.DOF.Kernel.MaxForegroundRadius:0.025]]
[2019.07.22-07.12.53:674][  0]LogConfig: Setting CVar [[r.DOF.Kernel.MaxBackgroundRadius:0.025]]
[2019.07.22-07.12.53:674][  0]LogConfig: Applying CVar settings from Section [TextureQuality@3] File [E:/MyUEProject.git/AboutCG/Saved/Config/Windows/Scalability.ini]
[2019.07.22-07.12.53:674][  0]LogConfig: Setting CVar [[r.Streaming.MipBias:0]]
[2019.07.22-07.12.53:674][  0]LogConfig: Setting CVar [[r.Streaming.AmortizeCPUToGPUCopy:0]]
[2019.07.22-07.12.53:674][  0]LogConfig: Setting CVar [[r.Streaming.MaxNumTexturesToStreamPerFrame:0]]
[2019.07.22-07.12.53:674][  0]LogConfig: Setting CVar [[r.Streaming.Boost:1]]
[2019.07.22-07.12.53:674][  0]LogConfig: Setting CVar [[r.MaxAnisotropy:8]]
[2019.07.22-07.12.53:674][  0]LogConfig: Setting CVar [[r.Streaming.LimitPoolSizeToVRAM:0]]
[2019.07.22-07.12.53:674][  0]LogConfig: Setting CVar [[r.Streaming.PoolSize:1000]]
[2019.07.22-07.12.53:674][  0]LogConfig: Setting CVar [[r.Streaming.MaxEffectiveScreenSize:0]]
[2019.07.22-07.12.53:674][  0]LogConfig: Applying CVar settings from Section [EffectsQuality@3] File [E:/MyUEProject.git/AboutCG/Saved/Config/Windows/Scalability.ini]
[2019.07.22-07.12.53:674][  0]LogConfig: Setting CVar [[r.TranslucencyLightingVolumeDim:64]]
[2019.07.22-07.12.53:674][  0]LogConfig: Setting CVar [[r.RefractionQuality:2]]
[2019.07.22-07.12.53:674][  0]LogConfig: Setting CVar [[r.SSR.Quality:3]]
[2019.07.22-07.12.53:674][  0]LogConfig: Setting CVar [[r.SceneColorFormat:4]]
[2019.07.22-07.12.53:674][  0]LogConfig: Setting CVar [[r.DetailMode:2]]
[2019.07.22-07.12.53:674][  0]LogConfig: Setting CVar [[r.TranslucencyVolumeBlur:1]]
[2019.07.22-07.12.53:674][  0]LogConfig: Setting CVar [[r.MaterialQualityLevel:1 ; High quality]]
[2019.07.22-07.12.53:674][  0]LogConfig: Setting CVar [[r.SSS.Scale:1]]
[2019.07.22-07.12.53:674][  0]LogConfig: Setting CVar [[r.SSS.SampleSet:2]]
[2019.07.22-07.12.53:674][  0]LogConfig: Setting CVar [[r.SSS.Quality:1]]
[2019.07.22-07.12.53:675][  0]LogConfig: Setting CVar [[r.SSS.HalfRes:1]]
[2019.07.22-07.12.53:675][  0]LogConfig: Setting CVar [[r.EmitterSpawnRateScale:1.0]]
[2019.07.22-07.12.53:675][  0]LogConfig: Setting CVar [[r.ParticleLightQuality:2]]
[2019.07.22-07.12.53:675][  0]LogConfig: Applying CVar settings from Section [FoliageQuality@3] File [E:/MyUEProject.git/AboutCG/Saved/Config/Windows/Scalability.ini]
[2019.07.22-07.12.53:675][  0]LogConfig: Setting CVar [[foliage.DensityScale:1.0]]
[2019.07.22-07.12.53:675][  0]LogConfig: Setting CVar [[grass.DensityScale:1.0]]
[2019.07.22-07.12.53:675][  0]LogConfig: Applying CVar settings from Section [Startup] File [../../../Engine/Config/ConsoleVariables.ini]
[2019.07.22-07.12.53:675][  0]LogConfig: Setting CVar [[net.UseAdaptiveNetUpdateFrequency:0]]
[2019.07.22-07.12.53:675][  0]LogConfig: Setting CVar [[p.chaos.AllowCreatePhysxBodies:1]]
[2019.07.22-07.12.53:675][  0]LogConfig: Applying CVar settings from Section [ConsoleVariables] File [E:/MyUEProject.git/AboutCG/Saved/Config/Windows/Engine.ini]
[2019.07.22-07.12.53:675][  0]LogInit: Computer: DESKTOP-KUTOO4O
[2019.07.22-07.12.53:675][  0]LogInit: User: GuoZi
[2019.07.22-07.12.53:675][  0]LogInit: CPU Page size=4096, Cores=4
[2019.07.22-07.12.53:675][  0]LogInit: High frequency timer resolution =3.328127 MHz
[2019.07.22-07.12.53:675][  0]LogMemory: Memory total: Physical=15.9GB (16GB approx)
[2019.07.22-07.12.53:675][  0]LogMemory: Platform Memory Stats for Windows
[2019.07.22-07.12.53:675][  0]LogMemory: Process Physical Memory: 97.24 MB used, 97.24 MB peak
[2019.07.22-07.12.53:675][  0]LogMemory: Process Virtual Memory: 92.36 MB used, 92.36 MB peak
[2019.07.22-07.12.53:675][  0]LogMemory: Physical Memory: 10763.88 MB used,  5560.15 MB free, 16324.03 MB total
[2019.07.22-07.12.53:675][  0]LogMemory: Virtual Memory: 4662.28 MB used,  134213064.00 MB free, 134217728.00 MB total
[2019.07.22-07.12.53:708][  0]LogInit: Overriding language with editor language configuration option (zh-CN).
[2019.07.22-07.12.53:708][  0]LogInit: Overriding locale with editor locale configuration option (zh-CN).
[2019.07.22-07.12.53:709][  0]LogPaths: Warning: No paths for game localization data were specifed in the game configuration.
[2019.07.22-07.12.53:709][  0]LogTextLocalizationResource: LocRes '../../../Engine/Content/Localization/Editor/zh-Hans-CN/Editor.locres' could not be opened for reading!
[2019.07.22-07.12.53:709][  0]LogTextLocalizationResource: LocRes '../../../Engine/Content/Localization/EditorTutorials/zh-Hans-CN/EditorTutorials.locres' could not be opened for reading!
[2019.07.22-07.12.53:709][  0]LogTextLocalizationResource: LocRes '../../../Engine/Content/Localization/Keywords/zh-Hans-CN/Keywords.locres' could not be opened for reading!
[2019.07.22-07.12.53:709][  0]LogTextLocalizationResource: LocRes '../../../Engine/Content/Localization/Category/zh-Hans-CN/Category.locres' could not be opened for reading!
[2019.07.22-07.12.53:709][  0]LogTextLocalizationResource: LocRes '../../../Engine/Content/Localization/ToolTips/zh-Hans-CN/ToolTips.locres' could not be opened for reading!
[2019.07.22-07.12.53:709][  0]LogTextLocalizationResource: LocRes '../../../Engine/Content/Localization/PropertyNames/zh-Hans-CN/PropertyNames.locres' could not be opened for reading!
[2019.07.22-07.12.53:710][  0]LogTextLocalizationResource: LocRes '../../../Engine/Content/Localization/Engine/zh-Hans-CN/Engine.locres' could not be opened for reading!
[2019.07.22-07.12.53:710][  0]LogTextLocalizationResource: LocRes '../../../../../MyUEProject.git/AboutCG/Content/Localization/Game/zh-Hans-CN/Game.locres' could not be opened for reading!
[2019.07.22-07.12.53:710][  0]LogTextLocalizationResource: LocRes '../../../Engine/Plugins/Online/Android/OnlineSubsystemGooglePlay/Content/Localization/OnlineSubsystemGooglePlay/zh-Hans-CN/OnlineSubsystemGooglePlay.locres' could not be opened for reading!
[2019.07.22-07.12.53:710][  0]LogTextLocalizationResource: LocRes '../../../Engine/Plugins/Online/IOS/OnlineSubsystemIOS/Content/Localization/OnlineSubsystemIOS/zh-Hans-CN/OnlineSubsystemIOS.locres' could not be opened for reading!
[2019.07.22-07.12.53:710][  0]LogTextLocalizationResource: LocRes '../../../Engine/Plugins/Online/OnlineSubsystem/Content/Localization/OnlineSubsystem/zh-Hans-CN/OnlineSubsystem.locres' could not be opened for reading!
[2019.07.22-07.12.53:710][  0]LogTextLocalizationResource: LocRes '../../../Engine/Plugins/Online/OnlineSubsystemUtils/Content/Localization/OnlineSubsystemUtils/zh-Hans-CN/OnlineSubsystemUtils.locres' could not be opened for reading!
[2019.07.22-07.12.53:763][  0]LogTextLocalizationResource: LocRes '../../../Engine/Plugins/Online/Android/OnlineSubsystemGooglePlay/Content/Localization/OnlineSubsystemGooglePlay/zh-CN/OnlineSubsystemGooglePlay.locres' could not be opened for reading!
[2019.07.22-07.12.53:763][  0]LogTextLocalizationResource: LocRes '../../../Engine/Plugins/Online/IOS/OnlineSubsystemIOS/Content/Localization/OnlineSubsystemIOS/zh-CN/OnlineSubsystemIOS.locres' could not be opened for reading!
[2019.07.22-07.12.53:763][  0]LogTextLocalizationResource: LocRes '../../../Engine/Plugins/Online/OnlineSubsystem/Content/Localization/OnlineSubsystem/zh-CN/OnlineSubsystem.locres' could not be opened for reading!
[2019.07.22-07.12.53:763][  0]LogTextLocalizationResource: LocRes '../../../Engine/Plugins/Online/OnlineSubsystemUtils/Content/Localization/OnlineSubsystemUtils/zh-CN/OnlineSubsystemUtils.locres' could not be opened for reading!
[2019.07.22-07.12.53:763][  0]LogTextLocalizationResource: LocRes '../../../Engine/Content/Localization/Editor/zh-Hans/Editor.locres' could not be opened for reading!
[2019.07.22-07.12.53:763][  0]LogTextLocalizationResource: LocRes '../../../Engine/Content/Localization/EditorTutorials/zh-Hans/EditorTutorials.locres' could not be opened for reading!
[2019.07.22-07.12.53:763][  0]LogTextLocalizationResource: LocRes '../../../Engine/Content/Localization/Keywords/zh-Hans/Keywords.locres' could not be opened for reading!
[2019.07.22-07.12.53:763][  0]LogTextLocalizationResource: LocRes '../../../Engine/Content/Localization/Category/zh-Hans/Category.locres' could not be opened for reading!
[2019.07.22-07.12.53:764][  0]LogTextLocalizationResource: LocRes '../../../Engine/Content/Localization/ToolTips/zh-Hans/ToolTips.locres' could not be opened for reading!
[2019.07.22-07.12.53:764][  0]LogTextLocalizationResource: LocRes '../../../Engine/Content/Localization/PropertyNames/zh-Hans/PropertyNames.locres' could not be opened for reading!
[2019.07.22-07.12.53:764][  0]LogTextLocalizationResource: LocRes '../../../Engine/Content/Localization/Engine/zh-Hans/Engine.locres' could not be opened for reading!
[2019.07.22-07.12.53:764][  0]LogTextLocalizationResource: LocRes '../../../../../MyUEProject.git/AboutCG/Content/Localization/Game/zh-Hans/Game.locres' could not be opened for reading!
[2019.07.22-07.12.53:766][  0]LogTextLocalizationResource: LocRes '../../../Engine/Content/Localization/Editor/zh/Editor.locres' could not be opened for reading!
[2019.07.22-07.12.53:766][  0]LogTextLocalizationResource: LocRes '../../../Engine/Content/Localization/EditorTutorials/zh/EditorTutorials.locres' could not be opened for reading!
[2019.07.22-07.12.53:766][  0]LogTextLocalizationResource: LocRes '../../../Engine/Content/Localization/Keywords/zh/Keywords.locres' could not be opened for reading!
[2019.07.22-07.12.53:766][  0]LogTextLocalizationResource: LocRes '../../../Engine/Content/Localization/Category/zh/Category.locres' could not be opened for reading!
[2019.07.22-07.12.53:766][  0]LogTextLocalizationResource: LocRes '../../../Engine/Content/Localization/ToolTips/zh/ToolTips.locres' could not be opened for reading!
[2019.07.22-07.12.53:766][  0]LogTextLocalizationResource: LocRes '../../../Engine/Content/Localization/PropertyNames/zh/PropertyNames.locres' could not be opened for reading!
[2019.07.22-07.12.53:766][  0]LogTextLocalizationResource: LocRes '../../../Engine/Content/Localization/Engine/zh/Engine.locres' could not be opened for reading!
[2019.07.22-07.12.53:766][  0]LogTextLocalizationResource: LocRes '../../../../../MyUEProject.git/AboutCG/Content/Localization/Game/zh/Game.locres' could not be opened for reading!
[2019.07.22-07.12.53:767][  0]LogTextLocalizationResource: LocRes '../../../Engine/Plugins/Online/Android/OnlineSubsystemGooglePlay/Content/Localization/OnlineSubsystemGooglePlay/zh/OnlineSubsystemGooglePlay.locres' could not be opened for reading!
[2019.07.22-07.12.53:767][  0]LogTextLocalizationResource: LocRes '../../../Engine/Plugins/Online/IOS/OnlineSubsystemIOS/Content/Localization/OnlineSubsystemIOS/zh/OnlineSubsystemIOS.locres' could not be opened for reading!
[2019.07.22-07.12.53:767][  0]LogTextLocalizationResource: LocRes '../../../Engine/Plugins/Online/OnlineSubsystem/Content/Localization/OnlineSubsystem/zh/OnlineSubsystem.locres' could not be opened for reading!
[2019.07.22-07.12.53:767][  0]LogTextLocalizationResource: LocRes '../../../Engine/Plugins/Online/OnlineSubsystemUtils/Content/Localization/OnlineSubsystemUtils/zh/OnlineSubsystemUtils.locres' could not be opened for reading!
[2019.07.22-07.12.53:958][  0]LogRendererCore: FGlobalReadBuffer::InitRHI
[2019.07.22-07.12.53:958][  0]LogRendererCore: FGlobalReadBuffer::InitRHI
[2019.07.22-07.12.53:958][  0]LogRendererCore: FGlobalReadBuffer::InitRHI
[2019.07.22-07.12.54:333][  0]LogTemp: Display: Module 'AllDesktopTargetPlatform' loaded TargetPlatform 'AllDesktop'
[2019.07.22-07.12.54:348][  0]LogTemp: Display: Module 'MacClientTargetPlatform' loaded TargetPlatform 'MacClient'
[2019.07.22-07.12.54:363][  0]LogTemp: Display: Module 'MacNoEditorTargetPlatform' loaded TargetPlatform 'MacNoEditor'
[2019.07.22-07.12.54:378][  0]LogTemp: Display: Module 'MacServerTargetPlatform' loaded TargetPlatform 'MacServer'
[2019.07.22-07.12.54:394][  0]LogTemp: Display: Module 'MacTargetPlatform' loaded TargetPlatform 'Mac'
[2019.07.22-07.12.54:409][  0]LogTemp: Display: Module 'WindowsClientTargetPlatform' loaded TargetPlatform 'WindowsClient'
[2019.07.22-07.12.54:429][  0]LogTemp: Display: Module 'WindowsNoEditorTargetPlatform' loaded TargetPlatform 'WindowsNoEditor'
[2019.07.22-07.12.54:449][  0]LogTemp: Display: Module 'WindowsServerTargetPlatform' loaded TargetPlatform 'WindowsServer'
[2019.07.22-07.12.54:459][  0]LogTemp: Display: Module 'WindowsTargetPlatform' loaded TargetPlatform 'Windows'
[2019.07.22-07.12.54:565][  0]LogTemp: Display: Module 'AndroidTargetPlatform' loaded TargetPlatform 'Android'
[2019.07.22-07.12.54:565][  0]LogTemp: Display: Module 'AndroidTargetPlatform' loaded TargetPlatform 'Android_ASTC'
[2019.07.22-07.12.54:565][  0]LogTemp: Display: Module 'AndroidTargetPlatform' loaded TargetPlatform 'Android_ATC'
[2019.07.22-07.12.54:565][  0]LogTemp: Display: Module 'AndroidTargetPlatform' loaded TargetPlatform 'Android_DXT'
[2019.07.22-07.12.54:565][  0]LogTemp: Display: Module 'AndroidTargetPlatform' loaded TargetPlatform 'Android_ETC1'
[2019.07.22-07.12.54:565][  0]LogTemp: Display: Module 'AndroidTargetPlatform' loaded TargetPlatform 'Android_ETC1a'
[2019.07.22-07.12.54:565][  0]LogTemp: Display: Module 'AndroidTargetPlatform' loaded TargetPlatform 'Android_ETC2'
[2019.07.22-07.12.54:566][  0]LogTemp: Display: Module 'AndroidTargetPlatform' loaded TargetPlatform 'Android_PVRTC'
[2019.07.22-07.12.54:566][  0]LogTemp: Display: Module 'AndroidTargetPlatform' loaded TargetPlatform 'AndroidClient'
[2019.07.22-07.12.54:566][  0]LogTemp: Display: Module 'AndroidTargetPlatform' loaded TargetPlatform 'Android_ASTCClient'
[2019.07.22-07.12.54:566][  0]LogTemp: Display: Module 'AndroidTargetPlatform' loaded TargetPlatform 'Android_ATCClient'
[2019.07.22-07.12.54:566][  0]LogTemp: Display: Module 'AndroidTargetPlatform' loaded TargetPlatform 'Android_DXTClient'
[2019.07.22-07.12.54:566][  0]LogTemp: Display: Module 'AndroidTargetPlatform' loaded TargetPlatform 'Android_ETC1Client'
[2019.07.22-07.12.54:566][  0]LogTemp: Display: Module 'AndroidTargetPlatform' loaded TargetPlatform 'Android_ETC1aClient'
[2019.07.22-07.12.54:566][  0]LogTemp: Display: Module 'AndroidTargetPlatform' loaded TargetPlatform 'Android_ETC2Client'
[2019.07.22-07.12.54:566][  0]LogTemp: Display: Module 'AndroidTargetPlatform' loaded TargetPlatform 'Android_PVRTCClient'
[2019.07.22-07.12.54:566][  0]LogTemp: Display: Module 'AndroidTargetPlatform' loaded TargetPlatform 'Android_Multi'
[2019.07.22-07.12.54:566][  0]LogTemp: Display: Module 'AndroidTargetPlatform' loaded TargetPlatform 'Android_MultiClient'
[2019.07.22-07.12.54:568][  0]LogTemp: Display: Module 'HTML5TargetPlatform' loaded TargetPlatform 'HTML5'
[2019.07.22-07.12.54:628][  0]LogTemp: Display: Module 'IOSTargetPlatform' loaded TargetPlatform 'IOSClient'
[2019.07.22-07.12.54:628][  0]LogTemp: Display: Module 'IOSTargetPlatform' loaded TargetPlatform 'IOS'
[2019.07.22-07.12.54:656][  0]LogTemp: Display: Module 'TVOSTargetPlatform' loaded TargetPlatform 'TVOSClient'
[2019.07.22-07.12.54:656][  0]LogTemp: Display: Module 'TVOSTargetPlatform' loaded TargetPlatform 'TVOS'
[2019.07.22-07.12.54:674][  0]LogTemp: Display: Module 'LinuxClientTargetPlatform' loaded TargetPlatform 'LinuxClient'
[2019.07.22-07.12.54:689][  0]LogTemp: Display: Module 'LinuxNoEditorTargetPlatform' loaded TargetPlatform 'LinuxNoEditor'
[2019.07.22-07.12.54:705][  0]LogTemp: Display: Module 'LinuxServerTargetPlatform' loaded TargetPlatform 'LinuxServer'
[2019.07.22-07.12.54:722][  0]LogTemp: Display: Module 'LinuxTargetPlatform' loaded TargetPlatform 'Linux'
[2019.07.22-07.12.54:778][  0]LogTemp: Display: Module 'LuminTargetPlatform' loaded TargetPlatform 'Lumin'
[2019.07.22-07.12.54:778][  0]LogTemp: Display: Module 'LuminTargetPlatform' loaded TargetPlatform 'LuminClient'
[2019.07.22-07.12.54:778][  0]LogTargetPlatformManager: Display: Building Assets For Windows
[2019.07.22-07.12.54:787][  0]LogAudioDebug: Display: Lib vorbis DLL was dynamically loaded.
[2019.07.22-07.12.54:859][  0]LogShaderCompilers: Guid format shader working directory is 3 characters bigger than the processId version (../../../../../MyUEProject.git/AboutCG/Intermediate/Shaders/WorkingDirectory/14416/).
[2019.07.22-07.12.54:859][  0]LogShaderCompilers: Cleaned the shader compiler working directory 'C:/Users/p/AppData/Local/Temp/UnrealShaderWorkingDir/C83AD8CA493D444F6C7A52817D77BCCB/'.
[2019.07.22-07.12.54:862][  0]LogXGEController: Cannot use XGE Controller as Incredibuild is not installed on this machine.
[2019.07.22-07.12.54:863][  0]LogShaderCompilers: Cannot use XGE Shader Compiler as Incredibuild is not installed on this machine.
[2019.07.22-07.12.54:863][  0]LogShaderCompilers: Display: Using Local Shader Compiler.
[2019.07.22-07.12.55:520][  0]LogDerivedDataCache: Display: Max Cache Size: 512 MB
[2019.07.22-07.12.55:529][  0]LogDerivedDataCache: Loaded boot cache 0.01s 9MB C:/Users/p/AppData/Local/UnrealEngine/4.22/DerivedDataCache/Boot.ddc.
[2019.07.22-07.12.55:530][  0]LogDerivedDataCache: Display: Loaded Boot cache: C:/Users/p/AppData/Local/UnrealEngine/4.22/DerivedDataCache/Boot.ddc
[2019.07.22-07.12.55:530][  0]LogDerivedDataCache: FDerivedDataBackendGraph:  Pak pak cache file ../../../../../MyUEProject.git/AboutCG/DerivedDataCache/DDC.ddp not found, will not use a pak cache.
[2019.07.22-07.12.55:530][  0]LogDerivedDataCache: Unable to find inner node Pak for hierarchical cache Hierarchy.
[2019.07.22-07.12.55:530][  0]LogDerivedDataCache: FDerivedDataBackendGraph:  CompressedPak pak cache file ../../../../../MyUEProject.git/AboutCG/DerivedDataCache/Compressed.ddp not found, will not use a pak cache.
[2019.07.22-07.12.55:530][  0]LogDerivedDataCache: Unable to find inner node CompressedPak for hierarchical cache Hierarchy.
[2019.07.22-07.12.55:548][  0]LogDerivedDataCache: Display: Pak cache opened for reading ../../../Engine/DerivedDataCache/Compressed.ddp.
[2019.07.22-07.12.55:554][  0]LogDerivedDataCache: Display: Pak cache opened for reading ../../../Enterprise/DerivedDataCache/Compressed.ddp.
[2019.07.22-07.12.55:567][  0]LogDerivedDataCache: Using Local data cache path C:/Users/p/AppData/Local/UnrealEngine/Common/DerivedDataCache: Writable
[2019.07.22-07.12.55:567][  0]LogDerivedDataCache: Shared data cache path not found in *engine.ini, will not use an Shared cache.
[2019.07.22-07.12.55:567][  0]LogDerivedDataCache: Unable to find inner node Shared for hierarchical cache Hierarchy.
[2019.07.22-07.12.55:595][  0]LogMaterial: Verifying Global Shaders for PCD3D_SM5
[2019.07.22-07.12.55:618][  0]LogAssetRegistry: FAssetRegistry took 0.0181 seconds to start up
[2019.07.22-07.12.56:054][  0]LogInit: Selected Device Profile: [Windows]
[2019.07.22-07.12.56:091][  0]LogMeshReduction: Using QuadricMeshReduction for automatic static mesh reduction
[2019.07.22-07.12.56:091][  0]LogMeshReduction: Using SimplygonMeshReduction for automatic skeletal mesh reduction
[2019.07.22-07.12.56:091][  0]LogMeshReduction: Using ProxyLODMeshReduction for automatic mesh merging
[2019.07.22-07.12.56:091][  0]LogMeshReduction: No distributed automatic mesh merging module available
[2019.07.22-07.12.56:091][  0]LogMeshMerging: No distributed automatic mesh merging module available
[2019.07.22-07.12.56:092][  0]LogNetVersion: AboutCG 1.0.0, NetCL: 5660361, EngineNetVer: 10, GameNetVer: 0 (Checksum: 1837290603)
[2019.07.22-07.12.56:505][  0]LogPackageLocalizationCache: Processed 11 localized package path(s) for 4 prioritized culture(s) in 0.216492 seconds
[2019.07.22-07.12.56:642][  0]LogCollectionManager: Loaded 0 collections in 0.001460 seconds
[2019.07.22-07.12.56:676][  0]LogFileCache: Scanning file cache for directory 'E:/MyUEProject.git/AboutCG/Saved/Collections/' took 0.01s
[2019.07.22-07.12.56:676][  0]LogFileCache: Scanning file cache for directory 'E:/MyUEProject.git/AboutCG/Content/Developers/GuoZi/Collections/' took 0.01s
[2019.07.22-07.12.56:676][  0]LogFileCache: Scanning file cache for directory 'E:/MyUEProject.git/AboutCG/Content/Collections/' took 0.01s
[2019.07.22-07.12.56:676][  0]LogCollectionManager: Rebuilt the object cache for 0 collections in 0.000000 seconds (found 0 objects)
[2019.07.22-07.12.56:676][  0]LogCollectionManager: Fixed up redirectors for 0 collections in 0.000111 seconds (updated 0 objects)
[2019.07.22-07.12.56:993][  0]SourceControl: 源码控制已禁用
[2019.07.22-07.12.56:993][  0]SourceControl: 源码控制已禁用
[2019.07.22-07.12.56:996][  0]SourceControl: 源码控制已禁用
[2019.07.22-07.12.56:998][  0]SourceControl: 源码控制已禁用
[2019.07.22-07.12.57:073][  0]LogAndroidPermission: UAndroidPermissionCallbackProxy::GetInstance
[2019.07.22-07.12.57:177][  0]LogOcInput: OculusInput pre-init called
[2019.07.22-07.12.57:217][  0]LogUObjectArray: 47903 objects as part of root set at end of initial load.
[2019.07.22-07.12.57:218][  0]LogUObjectAllocator: 8724840 out of 0 bytes used by permanent object pool.
[2019.07.22-07.12.57:218][  0]LogUObjectArray: CloseDisregardForGC: 0/0 objects in disregard for GC pool
[2019.07.22-07.12.57:253][  0]LogInit: Executing Class /Script/UnrealEd.GatherTextCommandlet
[2019.07.22-07.12.57:253][  0]LogInit: Initializing Editor Engine...
[2019.07.22-07.12.57:253][  0]LogEngine: Initializing Engine...
[2019.07.22-07.12.57:255][  0]LogStats: UGameplayTagsManager::InitializeManager -  0.000 s
[2019.07.22-07.12.57:314][  0]LogInit: Initializing FReadOnlyCVARCache
[2019.07.22-07.12.57:327][  0]LogAIModule: Creating AISystem for world Untitled
[2019.07.22-07.12.57:328][  0]LogNetVersion: Set ProjectVersion to 1.0.0.0. Version Checksum will be recalculated on next use.
[2019.07.22-07.12.57:337][  0]LogDerivedDataCache: Saved boot cache 0.01s 9MB C:/Users/p/AppData/Local/UnrealEngine/4.22/DerivedDataCache/Boot.ddc.
[2019.07.22-07.12.57:338][  0]LogInit: Texture streaming: Disabled
[2019.07.22-07.12.57:426][  0]LogInit: Initializing Editor Engine Completed
[2019.07.22-07.12.57:501][  0]BlueprintLog: New page: 编辑器加载
[2019.07.22-07.12.57:579][  0]LogGatherTextCommandlet: Display: Beginning GatherText Commandlet for '../../../../../MyUEProject.git/AboutCG/Config/Localization/Game_Compile.ini'
[2019.07.22-07.12.57:579][  0]LogGatherTextCommandlet: Display: Executing GatherTextStep0: GenerateTextLocalizationResourceCommandlet
[2019.07.22-07.12.57:583][  0]LogGatherTextCommandlet: Display: Completed GatherTextStep0: GenerateTextLocalizationResourceCommandlet in 0.003771 seconds
[2019.07.22-07.12.57:584][  0]LogInit: Display: 
[2019.07.22-07.12.57:584][  0]LogInit: Display: Warning/Error Summary (Unique only)
[2019.07.22-07.12.57:584][  0]LogInit: Display: -----------------------------------
[2019.07.22-07.12.57:585][  0]LogInit: Display: LogPaths: Warning: No paths for game localization data were specifed in the game configuration.
[2019.07.22-07.12.57:585][  0]LogInit: Display: 
[2019.07.22-07.12.57:585][  0]LogInit: Display: Success - 0 error(s), 1 warning(s)
[2019.07.22-07.12.57:586][  0]LogInit: Display: 
Execution of commandlet took:  0.01 seconds
[2019.07.22-07.12.57:587][  0]LogExit: Preparing to exit.
[2019.07.22-07.12.57:601][  0]LogExit: Editor shut down
[2019.07.22-07.12.57:660][  0]LogExit: Object subsystem successfully closed.
[2019.07.22-07.12.57:677][  0]LogShaderCompilers: Display: Shaders left to compile 0
[2019.07.22-07.12.57:704][  0]LogModuleManager: Shutting down and abandoning module OculusMR (482)
[2019.07.22-07.12.57:704][  0]LogModuleManager: Shutting down and abandoning module AudioCaptureEditor (480)
[2019.07.22-07.12.57:704][  0]LogModuleManager: Shutting down and abandoning module MatineeToLevelSequence (478)
[2019.07.22-07.12.57:704][  0]LogModuleManager: Shutting down and abandoning module LevelSequenceEditor (476)
[2019.07.22-07.12.57:704][  0]LogModuleManager: Shutting down and abandoning module PlacementMode (475)
[2019.07.22-07.12.57:705][  0]LogModuleManager: Shutting down and abandoning module MaterialEditor (474)
[2019.07.22-07.12.57:705][  0]LogModuleManager: Shutting down and abandoning module ActorSequenceEditor (470)
[2019.07.22-07.12.57:705][  0]LogModuleManager: Shutting down and abandoning module Kismet (469)
[2019.07.22-07.12.57:705][  0]LogModuleManager: Shutting down and abandoning module WmfMediaFactory (466)
[2019.07.22-07.12.57:705][  0]LogModuleManager: Shutting down and abandoning module WmfMediaEditor (464)
[2019.07.22-07.12.57:705][  0]LogModuleManager: Shutting down and abandoning module WebMMediaFactory (462)
[2019.07.22-07.12.57:705][  0]LogModuleManager: Shutting down and abandoning module WebMMediaEditor (460)
[2019.07.22-07.12.57:705][  0]LogModuleManager: Shutting down and abandoning module MediaPlayerEditor (458)
[2019.07.22-07.12.57:705][  0]LogModuleManager: Shutting down and abandoning module MediaCompositingEditor (456)
[2019.07.22-07.12.57:705][  0]LogModuleManager: Shutting down and abandoning module SequenceRecorder (455)
[2019.07.22-07.12.57:705][  0]LogModuleManager: Shutting down and abandoning module Persona (454)
[2019.07.22-07.12.57:705][  0]LogModuleManager: Shutting down and abandoning module AdvancedPreviewScene (453)
[2019.07.22-07.12.57:705][  0]LogModuleManager: Shutting down and abandoning module AnimGraph (451)
[2019.07.22-07.12.57:705][  0]LogModuleManager: Shutting down and abandoning module ImgMediaFactory (446)
[2019.07.22-07.12.57:705][  0]LogModuleManager: Shutting down and abandoning module ImgMediaEditor (444)
[2019.07.22-07.12.57:705][  0]LogModuleManager: Shutting down and abandoning module AvfMediaFactory (442)
[2019.07.22-07.12.57:705][  0]LogModuleManager: Shutting down and abandoning module AvfMediaEditor (440)
[2019.07.22-07.12.57:705][  0]LogModuleManager: Shutting down and abandoning module AndroidMediaFactory (438)
[2019.07.22-07.12.57:705][  0]LogModuleManager: Shutting down and abandoning module AndroidMediaEditor (436)
[2019.07.22-07.12.57:705][  0]LogModuleManager: Shutting down and abandoning module MagicLeapMediaEditor (434)
[2019.07.22-07.12.57:706][  0]LogModuleManager: Shutting down and abandoning module CharacterAI (432)
[2019.07.22-07.12.57:706][  0]LogModuleManager: Shutting down and abandoning module SmartSnapping (430)
[2019.07.22-07.12.57:706][  0]LogModuleManager: Shutting down and abandoning module MeshPaint (428)
[2019.07.22-07.12.57:706][  0]LogModuleManager: Shutting down and abandoning module Settings (427)
[2019.07.22-07.12.57:706][  0]LogModuleManager: Shutting down and abandoning module LiveCoding (424)
[2019.07.22-07.12.57:706][  0]LogModuleManager: Shutting down and abandoning module LevelSequence (422)
[2019.07.22-07.12.57:706][  0]LogModuleManager: Shutting down and abandoning module MovieSceneTracks (420)
[2019.07.22-07.12.57:706][  0]LogModuleManager: Shutting down and abandoning module MovieScene (418)
[2019.07.22-07.12.57:706][  0]LogModuleManager: Shutting down and abandoning module StreamingPauseRendering (416)
[2019.07.22-07.12.57:706][  0]LogModuleManager: Shutting down and abandoning module ImageWriteQueue (414)
[2019.07.22-07.12.57:708][  0]LogModuleManager: Shutting down and abandoning module AIModule (412)
[2019.07.22-07.12.57:708][  0]LogModuleManager: Shutting down and abandoning module GameplayDebugger (411)
[2019.07.22-07.12.57:708][  0]LogModuleManager: Shutting down and abandoning module AITestSuite (409)
[2019.07.22-07.12.57:708][  0]LogModuleManager: Shutting down and abandoning module NavigationSystem (407)
[2019.07.22-07.12.57:708][  0]LogModuleManager: Shutting down and abandoning module MyPlugin (404)
[2019.07.22-07.12.57:708][  0]LogModuleManager: Shutting down and abandoning module MyEditorStandalonePlugin (402)
[2019.07.22-07.12.57:708][  0]LogModuleManager: Shutting down and abandoning module SteamVRController (400)
[2019.07.22-07.12.57:708][  0]LogModuleManager: Shutting down and abandoning module ProceduralMeshComponentEditor (398)
[2019.07.22-07.12.57:708][  0]LogModuleManager: Shutting down and abandoning module ProceduralMeshComponent (396)
[2019.07.22-07.12.57:708][  0]LogModuleManager: Shutting down and abandoning module OculusEditor (394)
[2019.07.22-07.12.57:708][  0]LogModuleManager: Shutting down and abandoning module OculusInput (392)
[2019.07.22-07.12.57:708][  0]LogModuleManager: Shutting down and abandoning module MobilePatchingUtils (390)
[2019.07.22-07.12.57:708][  0]LogModuleManager: Shutting down and abandoning module EditableMesh (388)
[2019.07.22-07.12.57:708][  0]LogModuleManager: Shutting down and abandoning module CustomMeshComponent (386)
[2019.07.22-07.12.57:708][  0]LogModuleManager: Shutting down and abandoning module CableComponent (384)
[2019.07.22-07.12.57:709][  0]LogModuleManager: Shutting down and abandoning module AudioCapture (382)
[2019.07.22-07.12.57:709][  0]LogModuleManager: Shutting down and abandoning module ArchVisCharacter (380)
[2019.07.22-07.12.57:709][  0]LogModuleManager: Shutting down and abandoning module AndroidPermission (378)
[2019.07.22-07.12.57:709][  0]LogModuleManager: Shutting down and abandoning module NUTUnrealEngine4 (376)
[2019.07.22-07.12.57:709][  0]LogModuleManager: Shutting down and abandoning module NetcodeUnitTest (374)
[2019.07.22-07.12.57:709][  0]LogModuleManager: Shutting down and abandoning module MediaCompositing (372)
[2019.07.22-07.12.57:709][  0]LogModuleManager: Shutting down and abandoning module LinearTimecode (370)
[2019.07.22-07.12.57:709][  0]LogModuleManager: Shutting down and abandoning module MagicLeapHelperVulkan (368)
[2019.07.22-07.12.57:709][  0]LogModuleManager: Shutting down and abandoning module MagicLeapHelperOpenGL (366)
[2019.07.22-07.12.57:709][  0]LogModuleManager: Shutting down and abandoning module MagicLeapAudio (364)
[2019.07.22-07.12.57:709][  0]LogModuleManager: Shutting down and abandoning module HTML5Networking (362)
[2019.07.22-07.12.57:709][  0]LogModuleManager: Shutting down and abandoning module GeometryCacheTracks (360)
[2019.07.22-07.12.57:709][  0]LogModuleManager: Shutting down and abandoning module GeometryCacheSequencer (358)
[2019.07.22-07.12.57:709][  0]LogModuleManager: Shutting down and abandoning module AppleVision (356)
[2019.07.22-07.12.57:709][  0]LogModuleManager: Shutting down and abandoning module AppleImageUtilsBlueprintSupport (354)
[2019.07.22-07.12.57:709][  0]LogModuleManager: Shutting down and abandoning module AppleImageUtils (352)
[2019.07.22-07.12.57:709][  0]LogModuleManager: Shutting down and abandoning module AlembicImporter (350)
[2019.07.22-07.12.57:709][  0]LogModuleManager: Shutting down and abandoning module AlembicLibrary (349)
[2019.07.22-07.12.57:709][  0]LogModuleManager: Shutting down and abandoning module GeometryCache (348)
[2019.07.22-07.12.57:709][  0]LogModuleManager: Shutting down and abandoning module GeometryCacheEd (347)
[2019.07.22-07.12.57:709][  0]LogModuleManager: Shutting down and abandoning module VariantManagerContent (342)
[2019.07.22-07.12.57:709][  0]LogModuleManager: Shutting down and abandoning module DatasmithContentEditor (340)
[2019.07.22-07.12.57:709][  0]LogModuleManager: Shutting down and abandoning module SpeedTreeImporter (338)
[2019.07.22-07.12.57:709][  0]LogModuleManager: Shutting down and abandoning module PluginBrowser (336)
[2019.07.22-07.12.57:709][  0]LogModuleManager: Shutting down and abandoning module MobileLauncherProfileWizard (334)
[2019.07.22-07.12.57:709][  0]LogModuleManager: Shutting down and abandoning module MaterialAnalyzer (332)
[2019.07.22-07.12.57:709][  0]LogModuleManager: Shutting down and abandoning module CryptoKeysOpenSSL (330)
[2019.07.22-07.12.57:709][  0]LogModuleManager: Shutting down and abandoning module CryptoKeys (328)
[2019.07.22-07.12.57:709][  0]LogModuleManager: Shutting down and abandoning module VisualStudioSourceCodeAccess (326)
[2019.07.22-07.12.57:709][  0]LogModuleManager: Shutting down and abandoning module VisualStudioCodeSourceCodeAccess (324)
[2019.07.22-07.12.57:709][  0]LogModuleManager: Shutting down and abandoning module UObjectPlugin (322)
[2019.07.22-07.12.57:709][  0]LogModuleManager: Shutting down and abandoning module SubversionSourceControl (320)
[2019.07.22-07.12.57:709][  0]LogModuleManager: Shutting down and abandoning module PerforceSourceControl (318)
[2019.07.22-07.12.57:709][  0]LogModuleManager: Shutting down and abandoning module GitSourceControl (316)
[2019.07.22-07.12.57:709][  0]LogModuleManager: Shutting down and abandoning module SourceControl (315)
[2019.07.22-07.12.57:710][  0]LogModuleManager: Shutting down and abandoning module CLionSourceCodeAccess (312)
[2019.07.22-07.12.57:710][  0]LogModuleManager: Shutting down and abandoning module AnimationSharingEd (310)
[2019.07.22-07.12.57:710][  0]LogModuleManager: Shutting down and abandoning module ActorLayerUtilitiesEditor (308)
[2019.07.22-07.12.57:710][  0]LogModuleManager: Shutting down and abandoning module ActorLayerUtilities (306)
[2019.07.22-07.12.57:710][  0]LogModuleManager: Shutting down and abandoning module LightPropagationVolumeEditor (304)
[2019.07.22-07.12.57:710][  0]LogModuleManager: Shutting down and abandoning module PaperTiledImporter (302)
[2019.07.22-07.12.57:710][  0]LogModuleManager: Shutting down and abandoning module PaperSpriteSheetImporter (300)
[2019.07.22-07.12.57:710][  0]LogModuleManager: Shutting down and abandoning module Paper2DEditor (298)
[2019.07.22-07.12.57:710][  0]LogModuleManager: Shutting down and abandoning module AboutCG (296)
[2019.07.22-07.12.57:710][  0]LogModuleManager: Shutting down and abandoning module SignificanceManager (294)
[2019.07.22-07.12.57:710][  0]LogModuleManager: Shutting down and abandoning module RuntimePhysXCooking (292)
[2019.07.22-07.12.57:710][  0]LogModuleManager: Shutting down and abandoning module PhysXVehiclesEditor (290)
[2019.07.22-07.12.57:710][  0]LogModuleManager: Shutting down and abandoning module PhysXVehicles (288)
[2019.07.22-07.12.57:710][  0]LogModuleManager: Shutting down and abandoning module LocationServicesBPLibrary (286)
[2019.07.22-07.12.57:710][  0]LogModuleManager: Shutting down and abandoning module ActorSequence (284)
[2019.07.22-07.12.57:710][  0]LogModuleManager: Shutting down and abandoning module UdpMessaging (282)
[2019.07.22-07.12.57:710][  0]LogModuleManager: Shutting down and abandoning module TcpMessaging (280)
[2019.07.22-07.12.57:710][  0]LogModuleManager: Shutting down and abandoning module MagicLeapIdentity (278)
[2019.07.22-07.12.57:710][  0]LogModuleManager: Shutting down and abandoning module MagicLeapSecureStorage (276)
[2019.07.22-07.12.57:710][  0]LogModuleManager: Shutting down and abandoning module MagicLeapHandTracking (274)
[2019.07.22-07.12.57:710][  0]LogModuleManager: Shutting down and abandoning module MagicLeapEyeTracker (272)
[2019.07.22-07.12.57:710][  0]LogModuleManager: Shutting down and abandoning module MagicLeapController (270)
[2019.07.22-07.12.57:710][  0]LogModuleManager: Shutting down and abandoning module MagicLeapAR (268)
[2019.07.22-07.12.57:710][  0]LogModuleManager: Shutting down and abandoning module AugmentedReality (267)
[2019.07.22-07.12.57:710][  0]LogModuleManager: Shutting down and abandoning module GameplayTagsEditor (264)
[2019.07.22-07.12.57:710][  0]LogModuleManager: Shutting down and abandoning module FacialAnimationEditor (262)
[2019.07.22-07.12.57:711][  0]LogModuleManager: Shutting down and abandoning module FacialAnimation (260)
[2019.07.22-07.12.57:711][  0]LogModuleManager: Shutting down and abandoning module DataValidation (258)
[2019.07.22-07.12.57:711][  0]LogModuleManager: Shutting down and abandoning module AssetManagerEditor (256)
[2019.07.22-07.12.57:711][  0]LogModuleManager: Shutting down and abandoning module TreeMap (255)
[2019.07.22-07.12.57:711][  0]LogModuleManager: Shutting down and abandoning module AnimationSharing (252)
[2019.07.22-07.12.57:711][  0]LogModuleManager: Shutting down and abandoning module LightPropagationVolumeRuntime (250)
[2019.07.22-07.12.57:711][  0]LogModuleManager: Shutting down and abandoning module AISupportModule (248)
[2019.07.22-07.12.57:711][  0]LogModuleManager: Shutting down and abandoning module Paper2D (246)
[2019.07.22-07.12.57:711][  0]LogModuleManager: Shutting down and abandoning module PacketHandler (244)
[2019.07.22-07.12.57:711][  0]LogModuleManager: Shutting down and abandoning module ClothingSystemEditor (242)
[2019.07.22-07.12.57:711][  0]LogModuleManager: Shutting down and abandoning module ClothingSystemRuntime (240)
[2019.07.22-07.12.57:711][  0]LogModuleManager: Shutting down and abandoning module MediaAssets (238)
[2019.07.22-07.12.57:711][  0]LogModuleManager: Shutting down and abandoning module Overlay (236)
[2019.07.22-07.12.57:711][  0]LogModuleManager: Shutting down and abandoning module OverlayEditor (235)
[2019.07.22-07.12.57:711][  0]LogModuleManager: Shutting down and abandoning module Blutility (232)
[2019.07.22-07.12.57:711][  0]LogModuleManager: Shutting down and abandoning module LevelEditor (231)
[2019.07.22-07.12.57:712][  0]LogModuleManager: Shutting down and abandoning module PixelInspectorModule (230)
[2019.07.22-07.12.57:712][  0]LogModuleManager: Shutting down and abandoning module CommonMenuExtensions (228)
[2019.07.22-07.12.57:712][  0]LogModuleManager: Shutting down and abandoning module MainFrame (226)
[2019.07.22-07.12.57:712][  0]LogModuleManager: Shutting down and abandoning module HotReload (225)
[2019.07.22-07.12.57:713][  0]LogModuleManager: Shutting down and abandoning module ContentBrowser (221)
[2019.07.22-07.12.57:713][  0]LogModuleManager: Shutting down and abandoning module CollectionManager (220)
[2019.07.22-07.12.57:713][  0]LogModuleManager: Shutting down and abandoning module IntroTutorials (216)
[2019.07.22-07.12.57:713][  0]LogModuleManager: Shutting down and abandoning module VREditor (214)
[2019.07.22-07.12.57:713][  0]LogModuleManager: Shutting down and abandoning module StringTableEditor (212)
[2019.07.22-07.12.57:713][  0]LogModuleManager: Shutting down and abandoning module GameplayTasksEditor (210)
[2019.07.22-07.12.57:713][  0]LogModuleManager: Shutting down and abandoning module BehaviorTreeEditor (208)
[2019.07.22-07.12.57:713][  0]LogModuleManager: Shutting down and abandoning module FunctionalTesting (206)
[2019.07.22-07.12.57:713][  0]LogModuleManager: Shutting down and abandoning module CollisionAnalyzer (204)
[2019.07.22-07.12.57:713][  0]LogModuleManager: Shutting down and abandoning module WorkspaceMenuStructure (203)
[2019.07.22-07.12.57:713][  0]LogModuleManager: Shutting down and abandoning module UMG (200)
[2019.07.22-07.12.57:713][  0]LogModuleManager: Shutting down and abandoning module UMGEditor (199)
[2019.07.22-07.12.57:713][  0]LogModuleManager: Shutting down and abandoning module Sequencer (198)
[2019.07.22-07.12.57:713][  0]LogModuleManager: Shutting down and abandoning module MessageLog (195)
[2019.07.22-07.12.57:713][  0]LogModuleManager: Shutting down and abandoning module SlateReflector (190)
[2019.07.22-07.12.57:713][  0]LogModuleManager: Shutting down and abandoning module Slate (188)
[2019.07.22-07.12.57:713][  0]LogModuleManager: Shutting down and abandoning module EditorStyle (186)
[2019.07.22-07.12.57:714][  0]LogModuleManager: Shutting down and abandoning module UnrealEd (184)
[2019.07.22-07.12.57:715][  0]LogModuleManager: Shutting down and abandoning module MRMesh (182)
[2019.07.22-07.12.57:715][  0]LogModuleManager: Shutting down and abandoning module SourceCodeAccess (180)
[2019.07.22-07.12.57:715][  0]LogModuleManager: Shutting down and abandoning module HeadMountedDisplay (178)
[2019.07.22-07.12.57:715][  0]LogModuleManager: Shutting down and abandoning module XAudio2 (176)
[2019.07.22-07.12.57:715][  0]LogModuleManager: Shutting down and abandoning module Networking (174)
[2019.07.22-07.12.57:715][  0]LogModuleManager: Shutting down and abandoning module Core (172)
[2019.07.22-07.12.57:715][  0]LogModuleManager: Shutting down and abandoning module KismetCompiler (170)
[2019.07.22-07.12.57:715][  0]LogModuleManager: Shutting down and abandoning module MeshUtilities (168)
[2019.07.22-07.12.57:715][  0]LogModuleManager: Shutting down and abandoning module MeshMergeUtilities (167)
[2019.07.22-07.12.57:715][  0]LogModuleManager: Shutting down and abandoning module MeshReductionInterface (166)
[2019.07.22-07.12.57:715][  0]LogModuleManager: Shutting down and abandoning module SkeletalMeshReduction (165)
[2019.07.22-07.12.57:715][  0]LogModuleManager: Shutting down and abandoning module ProxyLODMeshReduction (163)
[2019.07.22-07.12.57:715][  0]LogModuleManager: Shutting down and abandoning module QuadricMeshReduction (161)
[2019.07.22-07.12.57:715][  0]LogModuleManager: Shutting down and abandoning module MaterialBaking (157)
[2019.07.22-07.12.57:715][  0]LogModuleManager: Shutting down and abandoning module DirectoryWatcher (153)
[2019.07.22-07.12.57:715][  0]LogModuleManager: Shutting down and abandoning module DerivedDataCache (150)
[2019.07.22-07.12.58:061][  0]LogDerivedDataCache: Shutdown
[2019.07.22-07.12.58:061][  0]LogModuleManager: Shutting down and abandoning module XGEController (148)
[2019.07.22-07.12.58:062][  0]LogModuleManager: Shutting down and abandoning module TargetPlatform (146)
[2019.07.22-07.12.58:062][  0]LogModuleManager: Shutting down and abandoning module VulkanShaderFormat (145)
[2019.07.22-07.12.58:062][  0]LogModuleManager: Shutting down and abandoning module ShaderFormatVectorVM (143)
[2019.07.22-07.12.58:062][  0]LogModuleManager: Shutting down and abandoning module ShaderFormatOpenGL (141)
[2019.07.22-07.12.58:062][  0]LogModuleManager: Shutting down and abandoning module ShaderFormatD3D (139)
[2019.07.22-07.12.58:062][  0]LogModuleManager: Shutting down and abandoning module MetalShaderFormat (137)
[2019.07.22-07.12.58:062][  0]LogModuleManager: Shutting down and abandoning module TextureFormatUncompressed (135)
[2019.07.22-07.12.58:062][  0]LogModuleManager: Shutting down and abandoning module TextureFormatPVR (133)
[2019.07.22-07.12.58:062][  0]LogModuleManager: Shutting down and abandoning module TextureFormatDXT (131)
[2019.07.22-07.12.58:062][  0]LogModuleManager: Shutting down and abandoning module TextureFormatIntelISPCTexComp (129)
[2019.07.22-07.12.58:062][  0]LogModuleManager: Shutting down and abandoning module TextureFormatASTC (127)
[2019.07.22-07.12.58:062][  0]LogModuleManager: Shutting down and abandoning module ImageWrapper (126)
[2019.07.22-07.12.58:062][  0]LogModuleManager: Shutting down and abandoning module TextureFormatAndroid (123)
[2019.07.22-07.12.58:062][  0]LogModuleManager: Shutting down and abandoning module AudioFormatOpus (121)
[2019.07.22-07.12.58:062][  0]LogModuleManager: Shutting down and abandoning module AudioFormatOgg (119)
[2019.07.22-07.12.58:062][  0]LogModuleManager: Shutting down and abandoning module AudioFormatADPCM (117)
[2019.07.22-07.12.58:062][  0]LogModuleManager: Shutting down and abandoning module LuminTargetPlatform (115)
[2019.07.22-07.12.58:063][  0]LogModuleManager: Shutting down and abandoning module LinuxTargetPlatform (113)
[2019.07.22-07.12.58:063][  0]LogModuleManager: Shutting down and abandoning module LinuxServerTargetPlatform (111)
[2019.07.22-07.12.58:063][  0]LogModuleManager: Shutting down and abandoning module LinuxNoEditorTargetPlatform (109)
[2019.07.22-07.12.58:063][  0]LogModuleManager: Shutting down and abandoning module LinuxClientTargetPlatform (107)
[2019.07.22-07.12.58:063][  0]LogModuleManager: Shutting down and abandoning module TVOSTargetPlatform (105)
[2019.07.22-07.12.58:063][  0]LogModuleManager: Shutting down and abandoning module Messaging (103)
[2019.07.22-07.12.58:063][  0]LogModuleManager: Shutting down and abandoning module IOSTargetPlatform (101)
[2019.07.22-07.12.58:064][  0]LogModuleManager: Shutting down and abandoning module HTML5TargetPlatform (99)
[2019.07.22-07.12.58:064][  0]LogModuleManager: Shutting down and abandoning module AndroidTargetPlatform (97)
[2019.07.22-07.12.58:070][  0]LogModuleManager: Shutting down and abandoning module WindowsTargetPlatform (95)
[2019.07.22-07.12.58:070][  0]LogModuleManager: Shutting down and abandoning module WindowsServerTargetPlatform (93)
[2019.07.22-07.12.58:070][  0]LogModuleManager: Shutting down and abandoning module WindowsNoEditorTargetPlatform (91)
[2019.07.22-07.12.58:070][  0]LogModuleManager: Shutting down and abandoning module WindowsClientTargetPlatform (89)
[2019.07.22-07.12.58:070][  0]LogModuleManager: Shutting down and abandoning module MacTargetPlatform (87)
[2019.07.22-07.12.58:070][  0]LogModuleManager: Shutting down and abandoning module MacServerTargetPlatform (85)
[2019.07.22-07.12.58:070][  0]LogModuleManager: Shutting down and abandoning module MacNoEditorTargetPlatform (83)
[2019.07.22-07.12.58:070][  0]LogModuleManager: Shutting down and abandoning module MacClientTargetPlatform (81)
[2019.07.22-07.12.58:070][  0]LogModuleManager: Shutting down and abandoning module AllDesktopTargetPlatform (79)
[2019.07.22-07.12.58:070][  0]LogModuleManager: Shutting down and abandoning module NullDrv (76)
[2019.07.22-07.12.58:070][  0]LogModuleManager: Shutting down and abandoning module PhysXCooking (74)
[2019.07.22-07.12.58:070][  0]LogModuleManager: Shutting down and abandoning module ExampleDeviceProfileSelector (72)
[2019.07.22-07.12.58:070][  0]LogModuleManager: Shutting down and abandoning module SteamVR (70)
[2019.07.22-07.12.58:070][  0]LogHMD: Freeing OpenVRDLLHandle.
[2019.07.22-07.12.58:070][  0]LogModuleManager: Shutting down and abandoning module OculusHMD (68)
[2019.07.22-07.12.58:070][  0]LogModuleManager: Shutting down and abandoning module LauncherChunkInstaller (66)
[2019.07.22-07.12.58:070][  0]LogModuleManager: Shutting down and abandoning module OnlineBlueprintSupport (64)
[2019.07.22-07.12.58:070][  0]LogModuleManager: Shutting down and abandoning module OnlineSubsystem (60)
[2019.07.22-07.12.58:071][  0]LogModuleManager: Shutting down and abandoning module XMPP (55)
[2019.07.22-07.12.58:071][  0]LogModuleManager: Shutting down and abandoning module WebSockets (54)
[2019.07.22-07.12.58:084][  0]LogModuleManager: Shutting down and abandoning module HTTP (51)
[2019.07.22-07.12.58:086][  0]LogModuleManager: Shutting down and abandoning module SSL (50)
[2019.07.22-07.12.58:087][  0]LogModuleManager: Shutting down and abandoning module WmfMedia (46)
[2019.07.22-07.12.58:088][  0]LogModuleManager: Shutting down and abandoning module Media (45)
[2019.07.22-07.12.58:094][  0]LogModuleManager: Shutting down and abandoning module MagicLeap (42)
[2019.07.22-07.12.58:094][  0]LogModuleManager: Shutting down and abandoning module DatasmithContent (40)
[2019.07.22-07.12.58:095][  0]LogModuleManager: Shutting down and abandoning module AnimationModifiers (38)
[2019.07.22-07.12.58:095][  0]LogModuleManager: Shutting down and abandoning module PropertyEditor (37)
[2019.07.22-07.12.58:095][  0]LogModuleManager: Shutting down and abandoning module AudioEditor (34)
[2019.07.22-07.12.58:095][  0]LogModuleManager: Shutting down and abandoning module TextureCompressor (32)
[2019.07.22-07.12.58:095][  0]LogModuleManager: Shutting down and abandoning module RenderCore (30)
[2019.07.22-07.12.58:095][  0]LogModuleManager: Shutting down and abandoning module Landscape (28)
[2019.07.22-07.12.58:095][  0]LogModuleManager: Shutting down and abandoning module SlateRHIRenderer (26)
[2019.07.22-07.12.58:095][  0]LogModuleManager: Shutting down and abandoning module OpenGLDrv (24)
[2019.07.22-07.12.58:095][  0]LogModuleManager: Shutting down and abandoning module D3D11RHI (22)
[2019.07.22-07.12.58:095][  0]LogModuleManager: Shutting down and abandoning module AnimGraphRuntime (20)
[2019.07.22-07.12.58:095][  0]LogModuleManager: Shutting down and abandoning module Renderer (18)
[2019.07.22-07.12.58:095][  0]LogModuleManager: Shutting down and abandoning module Engine (16)
[2019.07.22-07.12.58:095][  0]LogModuleManager: Shutting down and abandoning module CoreUObject (14)
[2019.07.22-07.12.58:095][  0]LogModuleManager: Shutting down and abandoning module NetworkFile (12)
[2019.07.22-07.12.58:095][  0]LogModuleManager: Shutting down and abandoning module CookedIterativeFile (10)
[2019.07.22-07.12.58:095][  0]LogModuleManager: Shutting down and abandoning module StreamingFile (8)
[2019.07.22-07.12.58:095][  0]LogModuleManager: Shutting down and abandoning module SandboxFile (6)
[2019.07.22-07.12.58:095][  0]LogModuleManager: Shutting down and abandoning module PakFile (4)
[2019.07.22-07.12.58:095][  0]LogModuleManager: Shutting down and abandoning module RSA (3)
[2019.07.22-07.12.58:106][  0]LogExit: Exiting.
[2019.07.22-07.12.58:174][  0]Log file closed, 07/22/19 15:12:58
