Log file open, 08/01/19 15:13:56
LogWindows: Failed to load 'aqProf.dll' (GetLastError=126)
LogWindows: File 'aqProf.dll' does not exist
LogWindows: Failed to load 'VtuneApi.dll' (GetLastError=126)
LogWindows: File 'VtuneApi.dll' does not exist
LogWindows: Failed to load 'VtuneApi32e.dll' (GetLastError=126)
LogWindows: File 'VtuneApi32e.dll' does not exist
LogConsoleResponse: Display: Failed to find resolution value strings in scalability ini. Falling back to default.
LogInit: Display: Running engine for game: MyUEProject
LogPakFile: Registered encryption key '00000000000000000000000000000000': 0 pak files mounted, 0 remain pending
LogPlatformFile: Not using cached read wrapper
LogTaskGraph: Started task graph with 5 named threads and 23 total threads with 3 sets of task threads.
LogStats: Stats thread started at 0.570356
LogD3D11RHI: Loaded GFSDK_Aftermath_Lib.x64.dll
LogICUInternationalization: ICU TimeZone Detection - Raw Offset: +8:00, Platform Override: ''
LogPluginManager: Mounting plugin Paper2D
LogPluginManager: Mounting plugin AISupport
LogPluginManager: Mounting plugin LightPropagationVolume
LogPluginManager: Mounting plugin ActorLayerUtilities
LogPluginManager: Mounting plugin AnimationSharing
LogPluginManager: Mounting plugin BlankPlugin
LogPluginManager: Mounting plugin CLionSourceCodeAccess
LogPluginManager: Mounting plugin CodeLiteSourceCodeAccess
LogPluginManager: Mounting plugin GitSourceControl
LogPluginManager: Mounting plugin KDevelopSourceCodeAccess
LogPluginManager: Mounting plugin NullSourceCodeAccess
LogPluginManager: Mounting plugin PerforceSourceControl
LogPluginManager: Mounting plugin SubversionSourceControl
LogPluginManager: Mounting plugin UObjectPlugin
LogPluginManager: Mounting plugin VisualStudioCodeSourceCodeAccess
LogPluginManager: Mounting plugin VisualStudioSourceCodeAccess
LogPluginManager: Mounting plugin XCodeSourceCodeAccess
LogPluginManager: Mounting plugin AssetManagerEditor
LogPluginManager: Mounting plugin CryptoKeys
LogPluginManager: Mounting plugin DataValidation
LogPluginManager: Mounting plugin EditorScriptingUtilities
LogPluginManager: Mounting plugin FacialAnimation
LogPluginManager: Mounting plugin GameplayTagsEditor
LogPluginManager: Mounting plugin MacGraphicsSwitching
LogPluginManager: Mounting plugin MaterialAnalyzer
LogPluginManager: Mounting plugin MobileLauncherProfileWizard
LogPluginManager: Mounting plugin PluginBrowser
LogPluginManager: Mounting plugin SpeedTreeImporter
LogPluginManager: Mounting plugin DatasmithContent
LogPluginManager: Mounting plugin VariantManagerContent
LogPluginManager: Mounting plugin AlembicImporter
LogPluginManager: Mounting plugin AppleImageUtils
LogPluginManager: Mounting plugin AppleVision
LogPluginManager: Mounting plugin BackChannel
LogPluginManager: Mounting plugin BlueprintStats
LogPluginManager: Mounting plugin CharacterAI
LogPluginManager: Mounting plugin CodeEditor
LogPluginManager: Mounting plugin CodeView
LogPluginManager: Mounting plugin GeometryCache
LogPluginManager: Mounting plugin HTML5Networking
LogPluginManager: Mounting plugin ProxyLODPlugin
LogPluginManager: Mounting plugin SkeletalReduction
LogPluginManager: Mounting plugin MagicLeap
LogPluginManager: Mounting plugin MagicLeapMedia
LogPluginManager: Mounting plugin SaveExtension
LogPluginManager: Mounting plugin AndroidMedia
LogPluginManager: Mounting plugin AvfMedia
LogPluginManager: Mounting plugin ImgMedia
LogPluginManager: Mounting plugin LinearTimecode
LogPluginManager: Mounting plugin MediaCompositing
LogPluginManager: Mounting plugin MediaPlayerEditor
LogPluginManager: Mounting plugin WebMMedia
LogPluginManager: Mounting plugin WmfMedia
LogPluginManager: Mounting plugin TcpMessaging
LogPluginManager: Mounting plugin UdpMessaging
LogPluginManager: Mounting plugin ActorSequence
LogPluginManager: Mounting plugin LevelSequenceEditor
LogPluginManager: Mounting plugin MatineeToLevelSequence
LogPluginManager: Mounting plugin NetcodeUnitTest
LogPluginManager: Mounting plugin NUTUnrealEngine4
LogPluginManager: Mounting plugin OnlineSubsystemGooglePlay
LogPluginManager: Mounting plugin OnlineSubsystemIOS
LogPluginManager: Mounting plugin OnlineSubsystem
LogPluginManager: Mounting plugin OnlineSubsystemNull
LogPluginManager: Mounting plugin OnlineSubsystemUtils
LogPluginManager: Mounting plugin LauncherChunkInstaller
LogPluginManager: Mounting plugin AndroidDeviceProfileSelector
LogPluginManager: Mounting plugin AndroidMoviePlayer
LogPluginManager: Mounting plugin AndroidPermission
LogPluginManager: Mounting plugin AppleMoviePlayer
LogPluginManager: Mounting plugin ArchVisCharacter
LogPluginManager: Mounting plugin AudioCapture
LogPluginManager: Mounting plugin CableComponent
LogPluginManager: Mounting plugin CustomMeshComponent
LogPluginManager: Mounting plugin EditableMesh
LogPluginManager: Mounting plugin ExampleDeviceProfileSelector
LogPluginManager: Mounting plugin Firebase
LogPluginManager: Mounting plugin GoogleCloudMessaging
LogPluginManager: Mounting plugin IOSDeviceProfileSelector
LogPluginManager: Mounting plugin LinuxDeviceProfileSelector
LogPluginManager: Mounting plugin LocationServicesBPLibrary
LogPluginManager: Mounting plugin MobilePatchingUtils
LogPluginManager: Mounting plugin OculusVR
LogPluginManager: Mounting plugin PhysXVehicles
LogPluginManager: Mounting plugin ProceduralMeshComponent
LogPluginManager: Mounting plugin RuntimePhysXCooking
LogPluginManager: Mounting plugin SignificanceManager
LogPluginManager: Mounting plugin SoundMod
LogPluginManager: Mounting plugin SteamVR
LogPluginManager: Mounting plugin WebBrowserWidget
LogPluginManager: Mounting plugin WebMMoviePlayer
LogPluginManager: Mounting plugin WindowsMoviePlayer
LogPluginManager: Mounting plugin ScriptPlugin
LogPluginManager: Mounting plugin EditorTests
LogPluginManager: Mounting plugin FunctionalTestingEditor
LogPluginManager: Mounting plugin RuntimeTests
LogPluginManager: Mounting plugin ScreenshotTools
LogPluginManager: Mounting plugin Takes
LogPluginManager: Mounting plugin BlueprintReflection
LogInit: Using libcurl 7.55.1-DEV
LogInit:  - built for x86_64-pc-win32
LogInit:  - supports SSL with OpenSSL/1.1.1
LogInit:  - supports HTTP deflate (compression) using libz 1.2.8
LogInit:  - other features:
LogInit:      CURL_VERSION_SSL
LogInit:      CURL_VERSION_LIBZ
LogInit:      CURL_VERSION_IPV6
LogInit:      CURL_VERSION_ASYNCHDNS
LogInit:      CURL_VERSION_LARGEFILE
LogInit:      CURL_VERSION_IDN
LogInit:  CurlRequestOptions (configurable via config and command line):
LogInit:  - bVerifyPeer = true  - Libcurl will verify peer certificate
LogInit:  - bUseHttpProxy = false  - Libcurl will NOT use HTTP proxy
LogInit:  - bDontReuseConnections = false  - Libcurl will reuse connections
LogInit:  - MaxHostConnections = 16  - Libcurl will limit the number of connections to a host
LogInit:  - LocalHostAddr = Default
LogInit:  - BufferSize = 65536
LogInit: WinSock: version 1.1 (2.2), MaxSocks=32767, MaxUdp=65467
LogInit: Build: ++UE4+Release-4.22-CL-6063286
LogInit: Engine Version: 4.22.1-6063286+++UE4+Release-4.22
LogInit: Compatible Engine Version: 4.22.0-5660361+++UE4+Release-4.22
LogInit: Net CL: 5660361
LogInit: OS: Windows 10 (Release 1803) (), CPU: Intel(R) Xeon(R) CPU E3-1230 v5 @ 3.40GHz, GPU: NVIDIA GeForce GTX 1070
LogInit: Compiled (64-bit): Apr 24 2019 04:36:48
LogInit: Compiled with Visual C++: 19.16.27025.01
LogInit: Build Configuration: Development
LogInit: Branch Name: ++UE4+Release-4.22
LogInit: Command Line: 
LogInit: Base Directory: E:/Epic Games/UE_4.22/Engine/Binaries/Win64/
LogInit: Installed Engine Build: 1
LogDevObjectVersion: Number of dev versions registered: 23
LogDevObjectVersion:   Dev-Blueprints (B0D832E4-1F89-4F0D-ACCF-7EB736FD4AA2): 10
LogDevObjectVersion:   Dev-Build (E1C64328-A22C-4D53-A36C-8E866417BD8C): 0
LogDevObjectVersion:   Dev-Core (375EC13C-06E4-48FB-B500-84F0262A717E): 3
LogDevObjectVersion:   Dev-Editor (E4B068ED-F494-42E9-A231-DA0B2E46BB41): 30
LogDevObjectVersion:   Dev-Framework (CFFC743F-43B0-4480-9391-14DF171D2073): 35
LogDevObjectVersion:   Dev-Mobile (B02B49B5-BB20-44E9-A304-32B752E40360): 2
LogDevObjectVersion:   Dev-Networking (A4E4105C-59A1-49B5-A7C5-40C4547EDFEE): 0
LogDevObjectVersion:   Dev-Online (39C831C9-5AE6-47DC-9A44-9C173E1C8E7C): 0
LogDevObjectVersion:   Dev-Physics (78F01B33-EBEA-4F98-B9B4-84EACCB95AA2): 0
LogDevObjectVersion:   Dev-Platform (6631380F-2D4D-43E0-8009-CF276956A95A): 0
LogDevObjectVersion:   Dev-Rendering (12F88B9F-8875-4AFC-A67C-D90C383ABD29): 28
LogDevObjectVersion:   Dev-Sequencer (7B5AE74C-D270-4C10-A958-57980B212A5A): 11
LogDevObjectVersion:   Dev-VR (D7296918-1DD6-4BDD-9DE2-64A83CC13884): 2
LogDevObjectVersion:   Dev-LoadTimes (C2A15278-BFE7-4AFE-6C17-90FF531DF755): 1
LogDevObjectVersion:   Private-Geometry (6EACA3D4-40EC-4CC1-B786-8BED09428FC5): 3
LogDevObjectVersion:   Dev-AnimPhys (29E575DD-E0A3-4627-9D10-D276232CDCEA): 17
LogDevObjectVersion:   Dev-Anim (AF43A65D-7FD3-4947-9873-3E8ED9C1BB05): 2
LogDevObjectVersion:   Dev-ReflectionCapture (6B266CEC-1EC7-4B8F-A30B-E4D90942FC07): 1
LogDevObjectVersion:   Dev-Automation (0DF73D61-A23F-47EA-B727-89E90C41499A): 1
LogDevObjectVersion:   FortniteMain (601D1886-AC64-4F84-AA16-D3DE0DEAC7D6): 25
LogDevObjectVersion:   Dev-Enterprise (9DFFBCD6-494F-0158-E221-12823C92A888): 6
LogDevObjectVersion:   Dev-Niagara (F2AED0AC-9AFE-416F-8664-AA7FFA26D6FC): 1
LogDevObjectVersion:   Dev-Destruction (174F1F0B-B4C6-45A5-B13F-2EE8D0FB917D): 2
LogInit: Presizing for max 16777216 objects, including 0 objects not considered by GC, pre-allocating 0 bytes for permanent pool.
LogInit: Object subsystem initialized
LogConfig: Setting CVar [[con.DebugEarlyDefault:1]]
LogConfig: Setting CVar [[r.setres:1280x720]]
[2019.08.01-07.14.11:717][  0]LogConfig: Setting CVar [[r.VSync:0]]
[2019.08.01-07.14.11:717][  0]LogConfig: Setting CVar [[r.RHICmdBypass:0]]
[2019.08.01-07.14.11:717][  0]LogConfig: Applying CVar settings from Section [/Script/Engine.RendererSettings] File [E:/MyUEProject.git/MyUEProject/Saved/Config/Windows/Engine.ini]
[2019.08.01-07.14.11:717][  0]LogConfig: Setting CVar [[r.GPUCrashDebugging:0]]
[2019.08.01-07.14.11:717][  0]LogConfig: Applying CVar settings from Section [/Script/Engine.RendererOverrideSettings] File [E:/MyUEProject.git/MyUEProject/Saved/Config/Windows/Engine.ini]
[2019.08.01-07.14.11:717][  0]LogConfig: Setting CVar [[r.SupportAllShaderPermutations:1]]
[2019.08.01-07.14.11:717][  0]LogConfig: Setting CVar [[r.SkinCache.ForceRecomputeTangents:1]]
[2019.08.01-07.14.11:717][  0]LogConfig: Applying CVar settings from Section [/Script/Engine.StreamingSettings] File [E:/MyUEProject.git/MyUEProject/Saved/Config/Windows/Engine.ini]
[2019.08.01-07.14.11:717][  0]LogConfig: Setting CVar [[s.MinBulkDataSizeForAsyncLoading:131072]]
[2019.08.01-07.14.11:717][  0]LogConfig: Setting CVar [[s.AsyncLoadingThreadEnabled:0]]
[2019.08.01-07.14.11:717][  0]LogConfig: Setting CVar [[s.EventDrivenLoaderEnabled:1]]
[2019.08.01-07.14.11:717][  0]LogConfig: Setting CVar [[s.WarnIfTimeLimitExceeded:0]]
[2019.08.01-07.14.11:717][  0]LogConfig: Setting CVar [[s.TimeLimitExceededMultiplier:1.5]]
[2019.08.01-07.14.11:717][  0]LogConfig: Setting CVar [[s.TimeLimitExceededMinTime:0.005]]
[2019.08.01-07.14.11:717][  0]LogConfig: Setting CVar [[s.UseBackgroundLevelStreaming:1]]
[2019.08.01-07.14.11:717][  0]LogConfig: Setting CVar [[s.PriorityAsyncLoadingExtraTime:15.0]]
[2019.08.01-07.14.11:717][  0]LogConfig: Setting CVar [[s.LevelStreamingActorsUpdateTimeLimit:5.0]]
[2019.08.01-07.14.11:717][  0]LogConfig: Setting CVar [[s.PriorityLevelStreamingActorsUpdateExtraTime:5.0]]
[2019.08.01-07.14.11:717][  0]LogConfig: Setting CVar [[s.LevelStreamingComponentsRegistrationGranularity:10]]
[2019.08.01-07.14.11:717][  0]LogConfig: Setting CVar [[s.UnregisterComponentsTimeLimit:1.0]]
[2019.08.01-07.14.11:717][  0]LogConfig: Setting CVar [[s.LevelStreamingComponentsUnregistrationGranularity:5]]
[2019.08.01-07.14.11:717][  0]LogConfig: Applying CVar settings from Section [/Script/Engine.GarbageCollectionSettings] File [E:/MyUEProject.git/MyUEProject/Saved/Config/Windows/Engine.ini]
[2019.08.01-07.14.11:717][  0]LogConfig: Setting CVar [[gc.MaxObjectsNotConsideredByGC:1]]
[2019.08.01-07.14.11:717][  0]LogConfig: Setting CVar [[gc.SizeOfPermanentObjectPool:0]]
[2019.08.01-07.14.11:717][  0]LogConfig: Setting CVar [[gc.FlushStreamingOnGC:0]]
[2019.08.01-07.14.11:717][  0]LogConfig: Setting CVar [[gc.NumRetriesBeforeForcingGC:10]]
[2019.08.01-07.14.11:717][  0]LogConfig: Setting CVar [[gc.AllowParallelGC:1]]
[2019.08.01-07.14.11:717][  0]LogConfig: Setting CVar [[gc.TimeBetweenPurgingPendingKillObjects:61.1]]
[2019.08.01-07.14.11:717][  0]LogConfig: Setting CVar [[gc.MaxObjectsInEditor:16777216]]
[2019.08.01-07.14.11:717][  0]LogConfig: Setting CVar [[gc.IncrementalBeginDestroyEnabled:1]]
[2019.08.01-07.14.11:717][  0]LogConfig: Setting CVar [[gc.CreateGCClusters:1]]
[2019.08.01-07.14.11:717][  0]LogConfig: Setting CVar [[gc.MinGCClusterSize:5]]
[2019.08.01-07.14.11:717][  0]LogConfig: Setting CVar [[gc.ActorClusteringEnabled:0]]
[2019.08.01-07.14.11:717][  0]LogConfig: Setting CVar [[gc.BlueprintClusteringEnabled:0]]
[2019.08.01-07.14.11:717][  0]LogConfig: Setting CVar [[gc.UseDisregardForGCOnDedicatedServers:0]]
[2019.08.01-07.14.11:717][  0]LogConfig: Applying CVar settings from Section [/Script/Engine.NetworkSettings] File [E:/MyUEProject.git/MyUEProject/Saved/Config/Windows/Engine.ini]
[2019.08.01-07.14.11:717][  0]LogConfig: Applying CVar settings from Section [/Script/UnrealEd.CookerSettings] File [E:/MyUEProject.git/MyUEProject/Saved/Config/Windows/Engine.ini]
[2019.08.01-07.14.11:812][  0]LogConfig: Applying CVar settings from Section [ViewDistanceQuality@3] File [E:/MyUEProject.git/MyUEProject/Saved/Config/Windows/Scalability.ini]
[2019.08.01-07.14.11:812][  0]LogConfig: Setting CVar [[r.SkeletalMeshLODBias:0]]
[2019.08.01-07.14.11:812][  0]LogConfig: Setting CVar [[r.ViewDistanceScale:1.0]]
[2019.08.01-07.14.11:812][  0]LogConfig: Applying CVar settings from Section [AntiAliasingQuality@3] File [E:/MyUEProject.git/MyUEProject/Saved/Config/Windows/Scalability.ini]
[2019.08.01-07.14.11:812][  0]LogConfig: Setting CVar [[r.PostProcessAAQuality:4]]
[2019.08.01-07.14.11:812][  0]LogConfig: Applying CVar settings from Section [ShadowQuality@3] File [E:/MyUEProject.git/MyUEProject/Saved/Config/Windows/Scalability.ini]
[2019.08.01-07.14.11:812][  0]LogConfig: Setting CVar [[r.LightFunctionQuality:1]]
[2019.08.01-07.14.11:813][  0]LogConfig: Setting CVar [[r.ShadowQuality:5]]
[2019.08.01-07.14.11:813][  0]LogConfig: Setting CVar [[r.Shadow.CSM.MaxCascades:10]]
[2019.08.01-07.14.11:813][  0]LogConfig: Setting CVar [[r.Shadow.MaxResolution:2048]]
[2019.08.01-07.14.11:813][  0]LogConfig: Setting CVar [[r.Shadow.MaxCSMResolution:2048]]
[2019.08.01-07.14.11:813][  0]LogConfig: Setting CVar [[r.Shadow.RadiusThreshold:0.01]]
[2019.08.01-07.14.11:813][  0]LogConfig: Setting CVar [[r.Shadow.DistanceScale:1.0]]
[2019.08.01-07.14.11:813][  0]LogConfig: Setting CVar [[r.Shadow.CSM.TransitionScale:1.0]]
[2019.08.01-07.14.11:813][  0]LogConfig: Setting CVar [[r.Shadow.PreShadowResolutionFactor:1.0]]
[2019.08.01-07.14.11:813][  0]LogConfig: Setting CVar [[r.DistanceFieldShadowing:1]]
[2019.08.01-07.14.11:813][  0]LogConfig: Setting CVar [[r.DistanceFieldAO:1]]
[2019.08.01-07.14.11:813][  0]LogConfig: Setting CVar [[r.AOQuality:2]]
[2019.08.01-07.14.11:813][  0]LogConfig: Setting CVar [[r.VolumetricFog:1]]
[2019.08.01-07.14.11:813][  0]LogConfig: Setting CVar [[r.VolumetricFog.GridPixelSize:8]]
[2019.08.01-07.14.11:813][  0]LogConfig: Setting CVar [[r.VolumetricFog.GridSizeZ:128]]
[2019.08.01-07.14.11:813][  0]LogConfig: Setting CVar [[r.VolumetricFog.HistoryMissSupersampleCount:4]]
[2019.08.01-07.14.11:813][  0]LogConfig: Setting CVar [[r.LightMaxDrawDistanceScale:1]]
[2019.08.01-07.14.11:813][  0]LogConfig: Setting CVar [[r.CapsuleShadows:1]]
[2019.08.01-07.14.11:813][  0]LogConfig: Applying CVar settings from Section [PostProcessQuality@3] File [E:/MyUEProject.git/MyUEProject/Saved/Config/Windows/Scalability.ini]
[2019.08.01-07.14.11:813][  0]LogConfig: Setting CVar [[r.MotionBlurQuality:4]]
[2019.08.01-07.14.11:813][  0]LogConfig: Setting CVar [[r.AmbientOcclusionMipLevelFactor:0.4]]
[2019.08.01-07.14.11:813][  0]LogConfig: Setting CVar [[r.AmbientOcclusionMaxQuality:100]]
[2019.08.01-07.14.11:813][  0]LogConfig: Setting CVar [[r.AmbientOcclusionLevels:-1]]
[2019.08.01-07.14.11:813][  0]LogConfig: Setting CVar [[r.AmbientOcclusionRadiusScale:1.0]]
[2019.08.01-07.14.11:813][  0]LogConfig: Setting CVar [[r.DepthOfFieldQuality:2]]
[2019.08.01-07.14.11:813][  0]LogConfig: Setting CVar [[r.RenderTargetPoolMin:400]]
[2019.08.01-07.14.11:813][  0]LogConfig: Setting CVar [[r.LensFlareQuality:2]]
[2019.08.01-07.14.11:813][  0]LogConfig: Setting CVar [[r.SceneColorFringeQuality:1]]
[2019.08.01-07.14.11:813][  0]LogConfig: Setting CVar [[r.EyeAdaptationQuality:2]]
[2019.08.01-07.14.11:813][  0]LogConfig: Setting CVar [[r.BloomQuality:5]]
[2019.08.01-07.14.11:813][  0]LogConfig: Setting CVar [[r.FastBlurThreshold:100]]
[2019.08.01-07.14.11:813][  0]LogConfig: Setting CVar [[r.Upscale.Quality:3]]
[2019.08.01-07.14.11:813][  0]LogConfig: Setting CVar [[r.Tonemapper.GrainQuantization:1]]
[2019.08.01-07.14.11:813][  0]LogConfig: Setting CVar [[r.LightShaftQuality:1]]
[2019.08.01-07.14.11:813][  0]LogConfig: Setting CVar [[r.Filter.SizeScale:1]]
[2019.08.01-07.14.11:813][  0]LogConfig: Setting CVar [[r.Tonemapper.Quality:5]]
[2019.08.01-07.14.11:813][  0]LogConfig: Setting CVar [[r.DOF.Gather.AccumulatorQuality:1        ; higher gathering accumulator quality]]
[2019.08.01-07.14.11:813][  0]LogConfig: Setting CVar [[r.DOF.Gather.PostfilterMethod:1          ; Median3x3 postfilering method]]
[2019.08.01-07.14.11:813][  0]LogConfig: Setting CVar [[r.DOF.Gather.EnableBokehSettings:0       ; no bokeh simulation when gathering]]
[2019.08.01-07.14.11:813][  0]LogConfig: Setting CVar [[r.DOF.Gather.RingCount:4                 ; medium number of samples when gathering]]
[2019.08.01-07.14.11:813][  0]LogConfig: Setting CVar [[r.DOF.Scatter.ForegroundCompositing:1    ; additive foreground scattering]]
[2019.08.01-07.14.11:813][  0]LogConfig: Setting CVar [[r.DOF.Scatter.BackgroundCompositing:2    ; additive background scattering]]
[2019.08.01-07.14.11:813][  0]LogConfig: Setting CVar [[r.DOF.Scatter.EnableBokehSettings:1      ; bokeh simulation when scattering]]
[2019.08.01-07.14.11:813][  0]LogConfig: Setting CVar [[r.DOF.Scatter.MaxSpriteRatio:0.1         ; only a maximum of 10% of scattered bokeh]]
[2019.08.01-07.14.11:813][  0]LogConfig: Setting CVar [[r.DOF.Recombine.Quality:1                ; cheap slight out of focus]]
[2019.08.01-07.14.11:813][  0]LogConfig: Setting CVar [[r.DOF.Recombine.EnableBokehSettings:0    ; no bokeh simulation on slight out of focus]]
[2019.08.01-07.14.11:813][  0]LogConfig: Setting CVar [[r.DOF.TemporalAAQuality:1                ; more stable temporal accumulation]]
[2019.08.01-07.14.11:813][  0]LogConfig: Setting CVar [[r.DOF.Kernel.MaxForegroundRadius:0.025]]
[2019.08.01-07.14.11:813][  0]LogConfig: Setting CVar [[r.DOF.Kernel.MaxBackgroundRadius:0.025]]
[2019.08.01-07.14.11:813][  0]LogConfig: Applying CVar settings from Section [TextureQuality@3] File [E:/MyUEProject.git/MyUEProject/Saved/Config/Windows/Scalability.ini]
[2019.08.01-07.14.11:813][  0]LogConfig: Setting CVar [[r.Streaming.MipBias:0]]
[2019.08.01-07.14.11:813][  0]LogConfig: Setting CVar [[r.Streaming.AmortizeCPUToGPUCopy:0]]
[2019.08.01-07.14.11:813][  0]LogConfig: Setting CVar [[r.Streaming.MaxNumTexturesToStreamPerFrame:0]]
[2019.08.01-07.14.11:813][  0]LogConfig: Setting CVar [[r.Streaming.Boost:1]]
[2019.08.01-07.14.11:813][  0]LogConfig: Setting CVar [[r.MaxAnisotropy:8]]
[2019.08.01-07.14.11:813][  0]LogConfig: Setting CVar [[r.Streaming.LimitPoolSizeToVRAM:0]]
[2019.08.01-07.14.11:813][  0]LogConfig: Setting CVar [[r.Streaming.PoolSize:1000]]
[2019.08.01-07.14.11:813][  0]LogConfig: Setting CVar [[r.Streaming.MaxEffectiveScreenSize:0]]
[2019.08.01-07.14.11:814][  0]LogConfig: Applying CVar settings from Section [EffectsQuality@3] File [E:/MyUEProject.git/MyUEProject/Saved/Config/Windows/Scalability.ini]
[2019.08.01-07.14.11:814][  0]LogConfig: Setting CVar [[r.TranslucencyLightingVolumeDim:64]]
[2019.08.01-07.14.11:814][  0]LogConfig: Setting CVar [[r.RefractionQuality:2]]
[2019.08.01-07.14.11:814][  0]LogConfig: Setting CVar [[r.SSR.Quality:3]]
[2019.08.01-07.14.11:814][  0]LogConfig: Setting CVar [[r.SceneColorFormat:4]]
[2019.08.01-07.14.11:814][  0]LogConfig: Setting CVar [[r.DetailMode:2]]
[2019.08.01-07.14.11:814][  0]LogConfig: Setting CVar [[r.TranslucencyVolumeBlur:1]]
[2019.08.01-07.14.11:814][  0]LogConfig: Setting CVar [[r.MaterialQualityLevel:1 ; High quality]]
[2019.08.01-07.14.11:814][  0]LogConfig: Setting CVar [[r.SSS.Scale:1]]
[2019.08.01-07.14.11:814][  0]LogConfig: Setting CVar [[r.SSS.SampleSet:2]]
[2019.08.01-07.14.11:814][  0]LogConfig: Setting CVar [[r.SSS.Quality:1]]
[2019.08.01-07.14.11:814][  0]LogConfig: Setting CVar [[r.SSS.HalfRes:1]]
[2019.08.01-07.14.11:814][  0]LogConfig: Setting CVar [[r.EmitterSpawnRateScale:1.0]]
[2019.08.01-07.14.11:814][  0]LogConfig: Setting CVar [[r.ParticleLightQuality:2]]
[2019.08.01-07.14.11:814][  0]LogConfig: Applying CVar settings from Section [FoliageQuality@3] File [E:/MyUEProject.git/MyUEProject/Saved/Config/Windows/Scalability.ini]
[2019.08.01-07.14.11:814][  0]LogConfig: Setting CVar [[foliage.DensityScale:1.0]]
[2019.08.01-07.14.11:814][  0]LogConfig: Setting CVar [[grass.DensityScale:1.0]]
[2019.08.01-07.14.11:960][  0]LogInit: Selected Device Profile: [Windows]
[2019.08.01-07.14.11:960][  0]LogInit: Applying CVar settings loaded from the selected device profile: [Windows]
[2019.08.01-07.14.12:008][  0]LogHAL: Display: Platform has ~ 16 GB [17116987392 / 17179869184 / 16], which maps to Larger [LargestMinGB=32, LargerMinGB=12, DefaultMinGB=8, SmallerMinGB=6, SmallestMinGB=0)
[2019.08.01-07.14.12:008][  0]LogConfig: Setting CVar [[r.Vulkan.UseRealUBs:0		; Required until we fix HLR fall-out]]
[2019.08.01-07.14.12:008][  0]LogInit: Going up to parent DeviceProfile []
[2019.08.01-07.14.12:008][  0]LogConfig: Applying CVar settings from Section [ViewDistanceQuality@3] File [E:/MyUEProject.git/MyUEProject/Saved/Config/Windows/Scalability.ini]
[2019.08.01-07.14.12:008][  0]LogConfig: Setting CVar [[r.SkeletalMeshLODBias:0]]
[2019.08.01-07.14.12:008][  0]LogConfig: Setting CVar [[r.ViewDistanceScale:1.0]]
[2019.08.01-07.14.12:008][  0]LogConfig: Applying CVar settings from Section [AntiAliasingQuality@3] File [E:/MyUEProject.git/MyUEProject/Saved/Config/Windows/Scalability.ini]
[2019.08.01-07.14.12:008][  0]LogConfig: Setting CVar [[r.PostProcessAAQuality:4]]
[2019.08.01-07.14.12:008][  0]LogConfig: Applying CVar settings from Section [ShadowQuality@3] File [E:/MyUEProject.git/MyUEProject/Saved/Config/Windows/Scalability.ini]
[2019.08.01-07.14.12:008][  0]LogConfig: Setting CVar [[r.LightFunctionQuality:1]]
[2019.08.01-07.14.12:008][  0]LogConfig: Setting CVar [[r.ShadowQuality:5]]
[2019.08.01-07.14.12:008][  0]LogConfig: Setting CVar [[r.Shadow.CSM.MaxCascades:10]]
[2019.08.01-07.14.12:008][  0]LogConfig: Setting CVar [[r.Shadow.MaxResolution:2048]]
[2019.08.01-07.14.12:008][  0]LogConfig: Setting CVar [[r.Shadow.MaxCSMResolution:2048]]
[2019.08.01-07.14.12:008][  0]LogConfig: Setting CVar [[r.Shadow.RadiusThreshold:0.01]]
[2019.08.01-07.14.12:008][  0]LogConfig: Setting CVar [[r.Shadow.DistanceScale:1.0]]
[2019.08.01-07.14.12:008][  0]LogConfig: Setting CVar [[r.Shadow.CSM.TransitionScale:1.0]]
[2019.08.01-07.14.12:008][  0]LogConfig: Setting CVar [[r.Shadow.PreShadowResolutionFactor:1.0]]
[2019.08.01-07.14.12:008][  0]LogConfig: Setting CVar [[r.DistanceFieldShadowing:1]]
[2019.08.01-07.14.12:008][  0]LogConfig: Setting CVar [[r.DistanceFieldAO:1]]
[2019.08.01-07.14.12:008][  0]LogConfig: Setting CVar [[r.AOQuality:2]]
[2019.08.01-07.14.12:008][  0]LogConfig: Setting CVar [[r.VolumetricFog:1]]
[2019.08.01-07.14.12:008][  0]LogConfig: Setting CVar [[r.VolumetricFog.GridPixelSize:8]]
[2019.08.01-07.14.12:009][  0]LogConfig: Setting CVar [[r.VolumetricFog.GridSizeZ:128]]
[2019.08.01-07.14.12:009][  0]LogConfig: Setting CVar [[r.VolumetricFog.HistoryMissSupersampleCount:4]]
[2019.08.01-07.14.12:009][  0]LogConfig: Setting CVar [[r.LightMaxDrawDistanceScale:1]]
[2019.08.01-07.14.12:009][  0]LogConfig: Setting CVar [[r.CapsuleShadows:1]]
[2019.08.01-07.14.12:009][  0]LogConfig: Applying CVar settings from Section [PostProcessQuality@3] File [E:/MyUEProject.git/MyUEProject/Saved/Config/Windows/Scalability.ini]
[2019.08.01-07.14.12:009][  0]LogConfig: Setting CVar [[r.MotionBlurQuality:4]]
[2019.08.01-07.14.12:009][  0]LogConfig: Setting CVar [[r.AmbientOcclusionMipLevelFactor:0.4]]
[2019.08.01-07.14.12:009][  0]LogConfig: Setting CVar [[r.AmbientOcclusionMaxQuality:100]]
[2019.08.01-07.14.12:009][  0]LogConfig: Setting CVar [[r.AmbientOcclusionLevels:-1]]
[2019.08.01-07.14.12:009][  0]LogConfig: Setting CVar [[r.AmbientOcclusionRadiusScale:1.0]]
[2019.08.01-07.14.12:009][  0]LogConfig: Setting CVar [[r.DepthOfFieldQuality:2]]
[2019.08.01-07.14.12:009][  0]LogConfig: Setting CVar [[r.RenderTargetPoolMin:400]]
[2019.08.01-07.14.12:009][  0]LogConfig: Setting CVar [[r.LensFlareQuality:2]]
[2019.08.01-07.14.12:009][  0]LogConfig: Setting CVar [[r.SceneColorFringeQuality:1]]
[2019.08.01-07.14.12:009][  0]LogConfig: Setting CVar [[r.EyeAdaptationQuality:2]]
[2019.08.01-07.14.12:009][  0]LogConfig: Setting CVar [[r.BloomQuality:5]]
[2019.08.01-07.14.12:009][  0]LogConfig: Setting CVar [[r.FastBlurThreshold:100]]
[2019.08.01-07.14.12:009][  0]LogConfig: Setting CVar [[r.Upscale.Quality:3]]
[2019.08.01-07.14.12:009][  0]LogConfig: Setting CVar [[r.Tonemapper.GrainQuantization:1]]
[2019.08.01-07.14.12:009][  0]LogConfig: Setting CVar [[r.LightShaftQuality:1]]
[2019.08.01-07.14.12:009][  0]LogConfig: Setting CVar [[r.Filter.SizeScale:1]]
[2019.08.01-07.14.12:009][  0]LogConfig: Setting CVar [[r.Tonemapper.Quality:5]]
[2019.08.01-07.14.12:009][  0]LogConfig: Setting CVar [[r.DOF.Gather.AccumulatorQuality:1        ; higher gathering accumulator quality]]
[2019.08.01-07.14.12:009][  0]LogConfig: Setting CVar [[r.DOF.Gather.PostfilterMethod:1          ; Median3x3 postfilering method]]
[2019.08.01-07.14.12:009][  0]LogConfig: Setting CVar [[r.DOF.Gather.EnableBokehSettings:0       ; no bokeh simulation when gathering]]
[2019.08.01-07.14.12:009][  0]LogConfig: Setting CVar [[r.DOF.Gather.RingCount:4                 ; medium number of samples when gathering]]
[2019.08.01-07.14.12:009][  0]LogConfig: Setting CVar [[r.DOF.Scatter.ForegroundCompositing:1    ; additive foreground scattering]]
[2019.08.01-07.14.12:009][  0]LogConfig: Setting CVar [[r.DOF.Scatter.BackgroundCompositing:2    ; additive background scattering]]
[2019.08.01-07.14.12:009][  0]LogConfig: Setting CVar [[r.DOF.Scatter.EnableBokehSettings:1      ; bokeh simulation when scattering]]
[2019.08.01-07.14.12:009][  0]LogConfig: Setting CVar [[r.DOF.Scatter.MaxSpriteRatio:0.1         ; only a maximum of 10% of scattered bokeh]]
[2019.08.01-07.14.12:009][  0]LogConfig: Setting CVar [[r.DOF.Recombine.Quality:1                ; cheap slight out of focus]]
[2019.08.01-07.14.12:009][  0]LogConfig: Setting CVar [[r.DOF.Recombine.EnableBokehSettings:0    ; no bokeh simulation on slight out of focus]]
[2019.08.01-07.14.12:009][  0]LogConfig: Setting CVar [[r.DOF.TemporalAAQuality:1                ; more stable temporal accumulation]]
[2019.08.01-07.14.12:009][  0]LogConfig: Setting CVar [[r.DOF.Kernel.MaxForegroundRadius:0.025]]
[2019.08.01-07.14.12:009][  0]LogConfig: Setting CVar [[r.DOF.Kernel.MaxBackgroundRadius:0.025]]
[2019.08.01-07.14.12:009][  0]LogConfig: Applying CVar settings from Section [TextureQuality@3] File [E:/MyUEProject.git/MyUEProject/Saved/Config/Windows/Scalability.ini]
[2019.08.01-07.14.12:009][  0]LogConfig: Setting CVar [[r.Streaming.MipBias:0]]
[2019.08.01-07.14.12:009][  0]LogConfig: Setting CVar [[r.Streaming.AmortizeCPUToGPUCopy:0]]
[2019.08.01-07.14.12:009][  0]LogConfig: Setting CVar [[r.Streaming.MaxNumTexturesToStreamPerFrame:0]]
[2019.08.01-07.14.12:009][  0]LogConfig: Setting CVar [[r.Streaming.Boost:1]]
[2019.08.01-07.14.12:009][  0]LogConfig: Setting CVar [[r.MaxAnisotropy:8]]
[2019.08.01-07.14.12:010][  0]LogConfig: Setting CVar [[r.Streaming.LimitPoolSizeToVRAM:0]]
[2019.08.01-07.14.12:010][  0]LogConfig: Setting CVar [[r.Streaming.PoolSize:1000]]
[2019.08.01-07.14.12:010][  0]LogConfig: Setting CVar [[r.Streaming.MaxEffectiveScreenSize:0]]
[2019.08.01-07.14.12:010][  0]LogConfig: Applying CVar settings from Section [EffectsQuality@3] File [E:/MyUEProject.git/MyUEProject/Saved/Config/Windows/Scalability.ini]
[2019.08.01-07.14.12:010][  0]LogConfig: Setting CVar [[r.TranslucencyLightingVolumeDim:64]]
[2019.08.01-07.14.12:010][  0]LogConfig: Setting CVar [[r.RefractionQuality:2]]
[2019.08.01-07.14.12:010][  0]LogConfig: Setting CVar [[r.SSR.Quality:3]]
[2019.08.01-07.14.12:010][  0]LogConfig: Setting CVar [[r.SceneColorFormat:4]]
[2019.08.01-07.14.12:010][  0]LogConfig: Setting CVar [[r.DetailMode:2]]
[2019.08.01-07.14.12:010][  0]LogConfig: Setting CVar [[r.TranslucencyVolumeBlur:1]]
[2019.08.01-07.14.12:010][  0]LogConfig: Setting CVar [[r.MaterialQualityLevel:1 ; High quality]]
[2019.08.01-07.14.12:010][  0]LogConfig: Setting CVar [[r.SSS.Scale:1]]
[2019.08.01-07.14.12:010][  0]LogConfig: Setting CVar [[r.SSS.SampleSet:2]]
[2019.08.01-07.14.12:010][  0]LogConfig: Setting CVar [[r.SSS.Quality:1]]
[2019.08.01-07.14.12:010][  0]LogConfig: Setting CVar [[r.SSS.HalfRes:1]]
[2019.08.01-07.14.12:010][  0]LogConfig: Setting CVar [[r.EmitterSpawnRateScale:1.0]]
[2019.08.01-07.14.12:010][  0]LogConfig: Setting CVar [[r.ParticleLightQuality:2]]
[2019.08.01-07.14.12:010][  0]LogConfig: Applying CVar settings from Section [FoliageQuality@3] File [E:/MyUEProject.git/MyUEProject/Saved/Config/Windows/Scalability.ini]
[2019.08.01-07.14.12:010][  0]LogConfig: Setting CVar [[foliage.DensityScale:1.0]]
[2019.08.01-07.14.12:010][  0]LogConfig: Setting CVar [[grass.DensityScale:1.0]]
[2019.08.01-07.14.12:010][  0]LogConfig: Applying CVar settings from Section [Startup] File [../../../Engine/Config/ConsoleVariables.ini]
[2019.08.01-07.14.12:051][  0]LogConfig: Setting CVar [[net.UseAdaptiveNetUpdateFrequency:0]]
[2019.08.01-07.14.12:051][  0]LogConfig: Setting CVar [[p.chaos.AllowCreatePhysxBodies:1]]
[2019.08.01-07.14.12:051][  0]LogConfig: Applying CVar settings from Section [ConsoleVariables] File [E:/MyUEProject.git/MyUEProject/Saved/Config/Windows/Engine.ini]
[2019.08.01-07.14.12:098][  0]LogInit: Computer: DESKTOP-KUTOO4O
[2019.08.01-07.14.12:098][  0]LogInit: User: GuoZi
[2019.08.01-07.14.12:098][  0]LogInit: CPU Page size=4096, Cores=4
[2019.08.01-07.14.12:098][  0]LogInit: High frequency timer resolution =3.328128 MHz
[2019.08.01-07.14.12:131][  0]LogMemory: Memory total: Physical=15.9GB (16GB approx)
[2019.08.01-07.14.12:131][  0]LogMemory: Platform Memory Stats for Windows
[2019.08.01-07.14.12:131][  0]LogMemory: Process Physical Memory: 98.92 MB used, 98.92 MB peak
[2019.08.01-07.14.12:131][  0]LogMemory: Process Virtual Memory: 91.12 MB used, 91.12 MB peak
[2019.08.01-07.14.12:131][  0]LogMemory: Physical Memory: 10118.30 MB used,  6205.73 MB free, 16324.03 MB total
[2019.08.01-07.14.12:131][  0]LogMemory: Virtual Memory: 4661.21 MB used,  134213064.00 MB free, 134217728.00 MB total
[2019.08.01-07.14.14:643][  0]LogInit: Overriding language with editor language configuration option (en).
[2019.08.01-07.14.14:643][  0]LogInit: Overriding locale with editor locale configuration option (en).
[2019.08.01-07.14.17:023][  0]LogInit: Setting process to per monitor DPI aware
[2019.08.01-07.14.22:936][  0]LogSlate: New Slate User Created.  User Index 0, Is Virtual User: 0
[2019.08.01-07.14.22:936][  0]LogSlate: Slate User Registered.  User Index 0, Is Virtual User: 0
[2019.08.01-07.14.28:399][  0]LogHMD: Failed to initialize OpenVR with code 110
[2019.08.01-07.14.28:399][  0]LogD3D11RHI: D3D11 adapters:
[2019.08.01-07.14.28:749][  0]LogD3D11RHI:    0. 'NVIDIA GeForce GTX 1070' (Feature Level 11_0)
[2019.08.01-07.14.28:749][  0]LogD3D11RHI:       8088/0/8162 MB DedicatedVideo/DedicatedSystem/SharedSystem, Outputs:2, VendorId:0x10de
[2019.08.01-07.14.28:755][  0]LogD3D11RHI:    1. 'Microsoft Basic Render Driver' (Feature Level 11_0)
[2019.08.01-07.14.28:755][  0]LogD3D11RHI:       0/0/8162 MB DedicatedVideo/DedicatedSystem/SharedSystem, Outputs:0, VendorId:0x1414
[2019.08.01-07.14.28:755][  0]LogD3D11RHI: Chosen D3D11 Adapter: 0
[2019.08.01-07.14.28:855][  0]LogD3D11RHI: Creating new Direct3DDevice
[2019.08.01-07.14.28:855][  0]LogD3D11RHI:     GPU DeviceId: 0x1b81 (for the marketing name, search the web for "GPU Device Id")
[2019.08.01-07.14.28:909][  0]LogWindows: EnumDisplayDevices:
[2019.08.01-07.14.28:910][  0]LogWindows:    0. 'NVIDIA GeForce GTX 1070' (P:1 D:1)
[2019.08.01-07.14.28:911][  0]LogWindows:    1. 'NVIDIA GeForce GTX 1070' (P:0 D:1)
[2019.08.01-07.14.28:911][  0]LogWindows:    2. 'NVIDIA GeForce GTX 1070' (P:0 D:0)
[2019.08.01-07.14.28:912][  0]LogWindows:    3. 'NVIDIA GeForce GTX 1070' (P:0 D:0)
[2019.08.01-07.14.28:913][  0]LogWindows: DebugString: FoundDriverCount:4 
[2019.08.01-07.14.28:913][  0]LogD3D11RHI:     Adapter Name: NVIDIA GeForce GTX 1070
[2019.08.01-07.14.28:913][  0]LogD3D11RHI:   Driver Version: 399.07 (internal:24.21.13.9907, unified:399.07)
[2019.08.01-07.14.28:913][  0]LogD3D11RHI:      Driver Date: 8-21-2018
[2019.08.01-07.14.28:913][  0]LogRHI: Texture pool is 5661 MB (70% of 8088 MB)
[2019.08.01-07.14.28:990][  0]LogD3D11RHI: Async texture creation enabled
[2019.08.01-07.14.29:359][  0]LogRendererCore: FGlobalReadBuffer::InitRHI
[2019.08.01-07.14.29:369][  0]LogRendererCore: FGlobalReadBuffer::InitRHI
[2019.08.01-07.14.29:369][  0]LogRendererCore: FGlobalReadBuffer::InitRHI
[2019.08.01-07.14.29:493][  0]LogD3D11RHI: GPU Timing Frequency: 1000.000000 (Debug: 2 2)
[2019.08.01-07.14.31:279][  0]LogTemp: Display: Module 'AllDesktopTargetPlatform' loaded TargetPlatform 'AllDesktop'
[2019.08.01-07.14.31:337][  0]LogTemp: Display: Module 'MacClientTargetPlatform' loaded TargetPlatform 'MacClient'
[2019.08.01-07.14.31:412][  0]LogTemp: Display: Module 'MacNoEditorTargetPlatform' loaded TargetPlatform 'MacNoEditor'
[2019.08.01-07.14.31:449][  0]LogTemp: Display: Module 'MacServerTargetPlatform' loaded TargetPlatform 'MacServer'
[2019.08.01-07.14.31:661][  0]LogTemp: Display: Module 'MacTargetPlatform' loaded TargetPlatform 'Mac'
[2019.08.01-07.14.31:892][  0]LogTemp: Display: Module 'WindowsClientTargetPlatform' loaded TargetPlatform 'WindowsClient'
[2019.08.01-07.14.32:023][  0]LogTemp: Display: Module 'WindowsNoEditorTargetPlatform' loaded TargetPlatform 'WindowsNoEditor'
[2019.08.01-07.14.32:586][  0]LogTemp: Display: Module 'WindowsServerTargetPlatform' loaded TargetPlatform 'WindowsServer'
[2019.08.01-07.14.32:631][  0]LogTemp: Display: Module 'WindowsTargetPlatform' loaded TargetPlatform 'Windows'
[2019.08.01-07.14.33:185][  0]LogTemp: Display: Module 'AndroidTargetPlatform' loaded TargetPlatform 'Android'
[2019.08.01-07.14.33:185][  0]LogTemp: Display: Module 'AndroidTargetPlatform' loaded TargetPlatform 'Android_ASTC'
[2019.08.01-07.14.33:185][  0]LogTemp: Display: Module 'AndroidTargetPlatform' loaded TargetPlatform 'Android_ATC'
[2019.08.01-07.14.33:185][  0]LogTemp: Display: Module 'AndroidTargetPlatform' loaded TargetPlatform 'Android_DXT'
[2019.08.01-07.14.33:185][  0]LogTemp: Display: Module 'AndroidTargetPlatform' loaded TargetPlatform 'Android_ETC1'
[2019.08.01-07.14.33:185][  0]LogTemp: Display: Module 'AndroidTargetPlatform' loaded TargetPlatform 'Android_ETC1a'
[2019.08.01-07.14.33:185][  0]LogTemp: Display: Module 'AndroidTargetPlatform' loaded TargetPlatform 'Android_ETC2'
[2019.08.01-07.14.33:185][  0]LogTemp: Display: Module 'AndroidTargetPlatform' loaded TargetPlatform 'Android_PVRTC'
[2019.08.01-07.14.33:185][  0]LogTemp: Display: Module 'AndroidTargetPlatform' loaded TargetPlatform 'AndroidClient'
[2019.08.01-07.14.33:185][  0]LogTemp: Display: Module 'AndroidTargetPlatform' loaded TargetPlatform 'Android_ASTCClient'
[2019.08.01-07.14.33:185][  0]LogTemp: Display: Module 'AndroidTargetPlatform' loaded TargetPlatform 'Android_ATCClient'
[2019.08.01-07.14.33:185][  0]LogTemp: Display: Module 'AndroidTargetPlatform' loaded TargetPlatform 'Android_DXTClient'
[2019.08.01-07.14.33:185][  0]LogTemp: Display: Module 'AndroidTargetPlatform' loaded TargetPlatform 'Android_ETC1Client'
[2019.08.01-07.14.33:185][  0]LogTemp: Display: Module 'AndroidTargetPlatform' loaded TargetPlatform 'Android_ETC1aClient'
[2019.08.01-07.14.33:185][  0]LogTemp: Display: Module 'AndroidTargetPlatform' loaded TargetPlatform 'Android_ETC2Client'
[2019.08.01-07.14.33:185][  0]LogTemp: Display: Module 'AndroidTargetPlatform' loaded TargetPlatform 'Android_PVRTCClient'
[2019.08.01-07.14.33:185][  0]LogTemp: Display: Module 'AndroidTargetPlatform' loaded TargetPlatform 'Android_Multi'
[2019.08.01-07.14.33:185][  0]LogTemp: Display: Module 'AndroidTargetPlatform' loaded TargetPlatform 'Android_MultiClient'
[2019.08.01-07.14.33:516][  0]LogTemp: Display: Module 'HTML5TargetPlatform' loaded TargetPlatform 'HTML5'
[2019.08.01-07.14.33:951][  0]LogTemp: Display: Module 'IOSTargetPlatform' loaded TargetPlatform 'IOSClient'
[2019.08.01-07.14.33:951][  0]LogTemp: Display: Module 'IOSTargetPlatform' loaded TargetPlatform 'IOS'
[2019.08.01-07.14.34:069][  0]LogTemp: Display: Module 'TVOSTargetPlatform' loaded TargetPlatform 'TVOSClient'
[2019.08.01-07.14.34:069][  0]LogTemp: Display: Module 'TVOSTargetPlatform' loaded TargetPlatform 'TVOS'
[2019.08.01-07.14.34:215][  0]LogTemp: Display: Module 'LinuxClientTargetPlatform' loaded TargetPlatform 'LinuxClient'
[2019.08.01-07.14.34:304][  0]LogTemp: Display: Module 'LinuxNoEditorTargetPlatform' loaded TargetPlatform 'LinuxNoEditor'
[2019.08.01-07.14.34:367][  0]LogTemp: Display: Module 'LinuxServerTargetPlatform' loaded TargetPlatform 'LinuxServer'
[2019.08.01-07.14.34:576][  0]LogTemp: Display: Module 'LinuxTargetPlatform' loaded TargetPlatform 'Linux'
[2019.08.01-07.14.34:652][  0]LogTemp: Display: Module 'LuminTargetPlatform' loaded TargetPlatform 'Lumin'
[2019.08.01-07.14.34:652][  0]LogTemp: Display: Module 'LuminTargetPlatform' loaded TargetPlatform 'LuminClient'
[2019.08.01-07.14.34:652][  0]LogTargetPlatformManager: Display: Building Assets For Windows
[2019.08.01-07.14.35:731][  0]LogAudioDebug: Display: Lib vorbis DLL was dynamically loaded.
[2019.08.01-07.14.37:213][  0]LogShaderCompilers: Guid format shader working directory is -1 characters bigger than the processId version (../../../../../MyUEProject.git/MyUEProject/Intermediate/Shaders/WorkingDirectory/10952/).
[2019.08.01-07.14.37:213][  0]LogShaderCompilers: Cleaned the shader compiler working directory 'C:/Users/p/AppData/Local/Temp/UnrealShaderWorkingDir/BBCBE0A54B60FE5B0C3E949FDA081528/'.
[2019.08.01-07.14.37:274][  0]LogXGEController: Cannot use XGE Controller as Incredibuild is not installed on this machine.
[2019.08.01-07.14.37:274][  0]LogShaderCompilers: Cannot use XGE Shader Compiler as Incredibuild is not installed on this machine.
[2019.08.01-07.14.37:274][  0]LogShaderCompilers: Display: Using Local Shader Compiler.
[2019.08.01-07.14.44:162][  0]LogDerivedDataCache: Display: Max Cache Size: 512 MB
[2019.08.01-07.14.44:430][  0]LogDerivedDataCache: Loaded boot cache 0.27s 98MB C:/Users/p/AppData/Local/UnrealEngine/4.22/DerivedDataCache/Boot.ddc.
[2019.08.01-07.14.44:430][  0]LogDerivedDataCache: Display: Loaded Boot cache: C:/Users/p/AppData/Local/UnrealEngine/4.22/DerivedDataCache/Boot.ddc
[2019.08.01-07.14.44:430][  0]LogDerivedDataCache: FDerivedDataBackendGraph:  Pak pak cache file ../../../../../MyUEProject.git/MyUEProject/DerivedDataCache/DDC.ddp not found, will not use a pak cache.
[2019.08.01-07.14.44:430][  0]LogDerivedDataCache: Unable to find inner node Pak for hierarchical cache Hierarchy.
[2019.08.01-07.14.44:430][  0]LogDerivedDataCache: FDerivedDataBackendGraph:  CompressedPak pak cache file ../../../../../MyUEProject.git/MyUEProject/DerivedDataCache/Compressed.ddp not found, will not use a pak cache.
[2019.08.01-07.14.44:430][  0]LogDerivedDataCache: Unable to find inner node CompressedPak for hierarchical cache Hierarchy.
[2019.08.01-07.14.44:501][  0]LogDerivedDataCache: Display: Pak cache opened for reading ../../../Engine/DerivedDataCache/Compressed.ddp.
[2019.08.01-07.14.44:550][  0]LogDerivedDataCache: Display: Pak cache opened for reading ../../../Enterprise/DerivedDataCache/Compressed.ddp.
[2019.08.01-07.14.44:563][  0]LogDerivedDataCache: Using Local data cache path C:/Users/p/AppData/Local/UnrealEngine/Common/DerivedDataCache: Writable
[2019.08.01-07.14.44:563][  0]LogDerivedDataCache: Shared data cache path not found in *engine.ini, will not use an Shared cache.
[2019.08.01-07.14.44:563][  0]LogDerivedDataCache: Unable to find inner node Shared for hierarchical cache Hierarchy.
[2019.08.01-07.14.44:589][  0]LogMaterial: Verifying Global Shaders for PCD3D_SM5
[2019.08.01-07.14.44:677][  0]LogSlate: Using FreeType 2.6.0
[2019.08.01-07.14.44:901][  0]LogSlate: SlateFontServices - WITH_FREETYPE: 1, WITH_HARFBUZZ: 1
[2019.08.01-07.14.46:288][  0]LogAssetRegistry: FAssetRegistry took 0.0344 seconds to start up
[2019.08.01-07.14.53:533][  0]LogInit: Selected Device Profile: [Windows]
[2019.08.01-07.14.55:267][  0]LogMeshReduction: Using QuadricMeshReduction for automatic static mesh reduction
[2019.08.01-07.14.55:267][  0]LogMeshReduction: Using SimplygonMeshReduction for automatic skeletal mesh reduction
[2019.08.01-07.14.55:267][  0]LogMeshReduction: Using ProxyLODMeshReduction for automatic mesh merging
[2019.08.01-07.14.55:267][  0]LogMeshReduction: No distributed automatic mesh merging module available
[2019.08.01-07.14.55:288][  0]LogMeshMerging: No distributed automatic mesh merging module available
[2019.08.01-07.14.55:625][  0]LogNetVersion: MyUEProject 1.0.0, NetCL: 5660361, EngineNetVer: 10, GameNetVer: 0 (Checksum: 2129940189)
[2019.08.01-07.15.01:225][  0]LogPackageLocalizationCache: Processed 14 localized package path(s) for 1 prioritized culture(s) in 0.111062 seconds
[2019.08.01-07.15.01:292][  0]LogUObjectArray: 42205 objects as part of root set at end of initial load.
[2019.08.01-07.15.01:292][  0]LogUObjectAllocator: 7325032 out of 0 bytes used by permanent object pool.
[2019.08.01-07.15.01:292][  0]LogUObjectArray: CloseDisregardForGC: 0/0 objects in disregard for GC pool
[2019.08.01-07.15.50:790][  0]LogTemp: Warning: SaveExtension: Initializing Plugin.
[2019.08.01-07.15.51:118][  0]LogTcpMessaging: Initializing TcpMessaging bridge
[2019.08.01-07.15.51:203][  0]LogUdpMessaging: Initializing bridge on interface 0.0.0.0:0 to multicast group 230.0.0.1:6666.
[2019.08.01-07.15.52:305][  0]LogLinker: Warning: Asset '../../Plugins/Runtime/WebBrowserWidget/Content/WebTexture_M.uasset' has been saved with empty engine version. The asset will be loaded but may be incompatible.
[2019.08.01-07.15.52:346][  0]LogLinker: Warning: Asset '../../Plugins/Runtime/WebBrowserWidget/Content/WebTexture_T.uasset' has been saved with empty engine version. The asset will be loaded but may be incompatible.
[2019.08.01-07.15.52:509][  0]LogLinker: Warning: Asset '../../Plugins/Runtime/WebBrowserWidget/Content/WebTexture_TM.uasset' has been saved with empty engine version. The asset will be loaded but may be incompatible.
[2019.08.01-07.16.19:140][  0]SourceControl: Source control is disabled
[2019.08.01-07.16.19:140][  0]SourceControl: Source control is disabled
[2019.08.01-07.16.19:643][  0]SourceControl: Source control is disabled
[2019.08.01-07.16.19:693][  0]SourceControl: Source control is disabled
[2019.08.01-07.16.22:539][  0]LogAndroidPermission: UAndroidPermissionCallbackProxy::GetInstance
[2019.08.01-07.16.24:443][  0]LogOcInput: OculusInput pre-init called
[2019.08.01-07.16.29:627][  0]LogEngine: Initializing Engine...
[2019.08.01-07.16.29:929][  0]LogHMD: Failed to initialize OpenVR with code 110
[2019.08.01-07.16.30:003][  0]LogStats: UGameplayTagsManager::InitializeManager -  0.062 s
[2019.08.01-07.16.31:218][  0]LogInit: Initializing FReadOnlyCVARCache
[2019.08.01-07.16.31:575][  0]LogAIModule: Creating AISystem for world Untitled
[2019.08.01-07.16.31:683][  0]LogInit: XAudio2 using '扬声器 (Realtek High Definition Audio)' : 2 channels at 48 kHz using 32 bits per sample (channel mask 0x3)
[2019.08.01-07.16.31:883][  0]LogInit: FAudioDevice initialized.
[2019.08.01-07.16.31:883][  0]LogNetVersion: Set ProjectVersion to 1.0.0.0. Version Checksum will be recalculated on next use.
[2019.08.01-07.16.31:969][  0]LogDerivedDataCache: Saved boot cache 0.09s 98MB C:/Users/p/AppData/Local/UnrealEngine/4.22/DerivedDataCache/Boot.ddc.
[2019.08.01-07.16.31:981][  0]LogInit: Texture streaming: Enabled
[2019.08.01-07.16.32:694][  0]LogInit: Transaction tracking system initialized
[2019.08.01-07.16.33:369][  0]BlueprintLog: New page: Editor Load
[2019.08.01-07.16.35:667][  0]LocalizationService: Localization service is disabled
[2019.08.01-07.16.41:260][  0]LogFileCache: Scanning file cache for directory 'E:/MyUEProject.git/MyUEProject/Content/' took 0.04s
[2019.08.01-07.16.41:260][  0]LogCook: Display: Max memory allowance for cook 16384mb min free memory 0mb
[2019.08.01-07.16.41:260][  0]LogCook: Display: Mobile HDR setting 1
[2019.08.01-07.16.49:414][  0]SourceControl: Source control is disabled
[2019.08.01-07.16.49:469][  0]Cmd: MAP LOAD FILE="../../../../../MyUEProject.git/MyUEProject/Content/Maps/ThirdPersonExampleMap.umap" TEMPLATE=0 SHOWPROGRESS=1 FEATURELEVEL=3
[2019.08.01-07.16.49:469][  0]LogEditorServer: Warning: Can't find file '../../../../../MyUEProject.git/MyUEProject/Content/Maps/ThirdPersonExampleMap.umap'
[2019.08.01-07.16.49:469][  0]Cmd: MAP CHECKDEP NOCLEARLOG
[2019.08.01-07.16.49:469][  0]MapCheck: Map check complete: 0 Error(s), 0 Warning(s), took 0.228ms to complete.
[2019.08.01-07.16.49:469][  0]LogFileHelpers: Loading map 'ThirdPersonExampleMap' took 0.001
[2019.08.01-07.16.50:544][  0]LogSlate: Updating window title bar state: overlay mode, drag disabled, window buttons hidden, title bar hidden
[2019.08.01-07.16.50:564][  0]LogSlate: Updating window title bar state: overlay mode, drag disabled, window buttons hidden, title bar hidden
[2019.08.01-07.16.50:575][  0]LogSlate: Updating window title bar state: overlay mode, drag disabled, window buttons hidden, title bar hidden
[2019.08.01-07.16.50:587][  0]LogSlate: Updating window title bar state: overlay mode, drag disabled, window buttons hidden, title bar hidden
[2019.08.01-07.16.50:815][  0]LogCollectionManager: Loaded 0 collections in 0.002044 seconds
[2019.08.01-07.16.51:201][  0]LogFileCache: Scanning file cache for directory 'E:/MyUEProject.git/MyUEProject/Saved/Collections/' took 0.01s
[2019.08.01-07.16.51:201][  0]LogFileCache: Scanning file cache for directory 'E:/MyUEProject.git/MyUEProject/Content/Developers/GuoZi/Collections/' took 0.01s
[2019.08.01-07.16.51:201][  0]LogFileCache: Scanning file cache for directory 'E:/MyUEProject.git/MyUEProject/Content/Collections/' took 0.01s
[2019.08.01-07.16.51:201][  0]LogCollectionManager: Rebuilt the GUID cache for 0 collections in 0.000000 seconds
[2019.08.01-07.16.51:242][  0]LogContentBrowser: Native class hierarchy populated in 0.0400 seconds. Added 2818 classes and 714 folders.
[2019.08.01-07.16.51:584][  0]LogContentBrowser: Native class hierarchy updated for 'WidgetCarousel' in 0.0003 seconds. Added 0 classes and 0 folders.
[2019.08.01-07.16.51:640][  0]LogPakFile: Registered encryption key '00000000000000000000000000000000': 0 pak files mounted, 0 remain pending
[2019.08.01-07.16.51:678][  0]LogPakFile: Registered encryption key '00000000000000000000000000000000': 0 pak files mounted, 0 remain pending
[2019.08.01-07.16.51:721][  0]LogPakFile: Registered encryption key '00000000000000000000000000000000': 0 pak files mounted, 0 remain pending
[2019.08.01-07.16.51:723][  0]LogPakFile: Registered encryption key '00000000000000000000000000000000': 0 pak files mounted, 0 remain pending
[2019.08.01-07.16.51:741][  0]LogPakFile: Registered encryption key '00000000000000000000000000000000': 0 pak files mounted, 0 remain pending
[2019.08.01-07.16.51:742][  0]LogPakFile: Registered encryption key '00000000000000000000000000000000': 0 pak files mounted, 0 remain pending
[2019.08.01-07.16.51:744][  0]LogPakFile: Registered encryption key '00000000000000000000000000000000': 0 pak files mounted, 0 remain pending
[2019.08.01-07.16.51:745][  0]LogPakFile: Registered encryption key '00000000000000000000000000000000': 0 pak files mounted, 0 remain pending
[2019.08.01-07.16.51:747][  0]LogPakFile: Registered encryption key '00000000000000000000000000000000': 0 pak files mounted, 0 remain pending
[2019.08.01-07.16.51:748][  0]LogPakFile: Registered encryption key '00000000000000000000000000000000': 0 pak files mounted, 0 remain pending
[2019.08.01-07.16.51:750][  0]LogPakFile: Registered encryption key '00000000000000000000000000000000': 0 pak files mounted, 0 remain pending
[2019.08.01-07.16.51:751][  0]LogPakFile: Registered encryption key '00000000000000000000000000000000': 0 pak files mounted, 0 remain pending
[2019.08.01-07.16.51:752][  0]LogPakFile: Registered encryption key '00000000000000000000000000000000': 0 pak files mounted, 0 remain pending
[2019.08.01-07.16.51:754][  0]LogPakFile: Registered encryption key '00000000000000000000000000000000': 0 pak files mounted, 0 remain pending
[2019.08.01-07.16.51:755][  0]LogPakFile: Registered encryption key '00000000000000000000000000000000': 0 pak files mounted, 0 remain pending
[2019.08.01-07.16.51:757][  0]LogPakFile: Registered encryption key '00000000000000000000000000000000': 0 pak files mounted, 0 remain pending
[2019.08.01-07.16.51:760][  0]LogPakFile: Registered encryption key '00000000000000000000000000000000': 0 pak files mounted, 0 remain pending
[2019.08.01-07.16.51:762][  0]LogPakFile: Registered encryption key '00000000000000000000000000000000': 0 pak files mounted, 0 remain pending
[2019.08.01-07.16.51:763][  0]LogPakFile: Registered encryption key '00000000000000000000000000000000': 0 pak files mounted, 0 remain pending
[2019.08.01-07.16.51:764][  0]LogPakFile: Registered encryption key '00000000000000000000000000000000': 0 pak files mounted, 0 remain pending
[2019.08.01-07.16.51:766][  0]LogPakFile: Registered encryption key '00000000000000000000000000000000': 0 pak files mounted, 0 remain pending
[2019.08.01-07.16.51:781][  0]LogPakFile: Registered encryption key '00000000000000000000000000000000': 0 pak files mounted, 0 remain pending
[2019.08.01-07.16.51:783][  0]LogPakFile: Registered encryption key '00000000000000000000000000000000': 0 pak files mounted, 0 remain pending
[2019.08.01-07.16.51:817][  0]LogPakFile: Registered encryption key '00000000000000000000000000000000': 0 pak files mounted, 0 remain pending
[2019.08.01-07.16.51:832][  0]LogPakFile: Registered encryption key '00000000000000000000000000000000': 0 pak files mounted, 0 remain pending
[2019.08.01-07.16.51:843][  0]LogPakFile: Registered encryption key '00000000000000000000000000000000': 0 pak files mounted, 0 remain pending
[2019.08.01-07.16.51:854][  0]LogPakFile: Registered encryption key '00000000000000000000000000000000': 0 pak files mounted, 0 remain pending
[2019.08.01-07.16.51:927][  0]LogPakFile: Registered encryption key '00000000000000000000000000000000': 0 pak files mounted, 0 remain pending
[2019.08.01-07.16.54:130][  0]LogContentBrowser: Native class hierarchy updated for 'AddContentDialog' in 0.0012 seconds. Added 0 classes and 0 folders.
[2019.08.01-07.16.54:218][  0]LogContentBrowser: Native class hierarchy updated for 'SceneOutliner' in 0.0004 seconds. Added 1 classes and 2 folders.
[2019.08.01-07.16.54:622][  0]LogSlate: Took 0.028364 seconds to synchronously load lazily loaded font '../../../Engine/Content/Slate/Fonts/Roboto-Regular.ttf' (155K)
[2019.08.01-07.16.54:658][  0]LogSlate: Took 0.034770 seconds to synchronously load lazily loaded font '../../../Engine/Content/Slate/Fonts/Roboto-Bold.ttf' (160K)
[2019.08.01-07.16.54:718][  0]LogSlate: Took 0.026477 seconds to synchronously load lazily loaded font '../../../Engine/Content/Editor/Slate/Fonts/FontAwesome.ttf' (139K)
[2019.08.01-07.16.55:312][  0]LogRenderer: Reallocating scene render targets to support 1020x572 Format 10 NumSamples 1 (Frame:1).
[2019.08.01-07.16.56:165][  0]LogContentBrowser: Native class hierarchy updated for 'HierarchicalLODOutliner' in 0.0005 seconds. Added 0 classes and 0 folders.
[2019.08.01-07.16.56:165][  0]LogLoad: (Engine Initialization) Total time: 228.60 seconds
[2019.08.01-07.16.56:165][  0]LogLoad: (Engine Initialization) Total Blueprint compile time: 0.00 seconds
[2019.08.01-07.16.56:441][  0]LogContentStreaming: Texture pool size now 1000 MB
[2019.08.01-07.16.57:054][  0]LogSlate: Took 0.311695 seconds to synchronously load lazily loaded font '../../../Engine/Content/Slate/Fonts/Roboto-Light.ttf' (167K)
[2019.08.01-07.16.57:513][  1]LogAssetRegistry: Asset discovery search completed in 131.2470 seconds
[2019.08.01-07.16.57:515][  1]LogCollectionManager: Rebuilt the object cache for 0 collections in 0.000000 seconds (found 0 objects)
[2019.08.01-07.16.57:515][  1]LogCollectionManager: Fixed up redirectors for 0 collections in 0.000061 seconds (updated 0 objects)
[2019.08.01-07.16.57:856][  2]LogSlate: Took 0.000241 seconds to synchronously load lazily loaded font '../../../Engine/Content/Slate/Fonts/Roboto-Light.ttf' (167K)
[2019.08.01-07.32.00:429][703]LogHotReload: New module detected: UE4Editor-MyUEProject-0019.dll
[2019.08.01-07.32.04:446][716]LogHotReload: Starting Hot-Reload from IDE
[2019.08.01-07.32.04:938][716]LogUObjectHash: Compacting FUObjectHashTables data took   2.25ms
[2019.08.01-07.32.04:941][716]LogClass: Could not find existing class GameManager in package /Script/MyUEProject for HotReload, assuming new class
[2019.08.01-07.32.04:941][716]LogClass: Function AddManager is new.
[2019.08.01-07.32.04:941][716]LogClass: Function GetGameManager is new.
[2019.08.01-07.32.04:941][716]LogClass: Function GetManager is new.
[2019.08.01-07.32.04:941][716]LogClass: Function InitManagerMap is new.
[2019.08.01-07.32.04:941][716]LogClass: Function RemoveAll is new.
[2019.08.01-07.32.04:941][716]LogClass: Function RemoveManager is new.
[2019.08.01-07.32.04:948][716]LogHotReload: Re-instancing GameManager after hot-reload.
[2019.08.01-07.32.05:225][716]LogContentBrowser: Native class hierarchy updated for 'MyUEProject' in 0.0004 seconds. Added 6 classes and 3 folders.
[2019.08.01-07.32.05:228][716]Display: HotReload successful (1 functions remapped  0 scriptstructs remapped)
[2019.08.01-07.32.05:520][716]LogUObjectHash: Compacting FUObjectHashTables data took   1.27ms
[2019.08.01-07.32.05:554][716]LogContentBrowser: Native class hierarchy populated in 0.0088 seconds. Added 2819 classes and 716 folders.
[2019.08.01-07.32.05:860][716]Display: HotReload took  1.4s.
[2019.08.01-07.32.17:944][988]LogSlate: FSceneViewport::OnFocusLost() reason 0
[2019.08.01-07.32.18:067][  0]LogUObjectHash: Compacting FUObjectHashTables data took   0.62ms
[2019.08.01-07.32.18:582][  0]LogSlate: Window 'MyUEProject - Unreal Editor' being destroyed
[2019.08.01-07.32.19:349][  1]Cmd: QUIT_EDITOR
[2019.08.01-07.32.20:329][  1]LogWindowsTextInputMethodSystem: Display: IME system now activated using TSF (搜狗拼音输入法).
[2019.08.01-07.32.20:596][  1]LogExit: Preparing to exit.
[2019.08.01-07.32.23:117][  1]LogExit: Editor shut down
[2019.08.01-07.32.23:118][  1]LogExit: Transaction tracking system shut down
[2019.08.01-07.32.27:256][  1]LogExit: Object subsystem successfully closed.
[2019.08.01-07.32.27:591][  1]LogShaderCompilers: Display: Shaders left to compile 0
[2019.08.01-07.32.27:614][  1]LogD3D11RHI: Shutdown
[2019.08.01-07.32.27:614][  1]LogD3D11RHI: CleanupD3DDevice
[2019.08.01-07.32.27:646][  1]LogRendererCore: FGlobalReadBuffer::ReleaseRHI
[2019.08.01-07.32.27:647][  1]LogRendererCore: FGlobalDynamicReadBuffer::Cleanup()
[2019.08.01-07.32.27:701][  1]LogRendererCore: FGlobalReadBuffer::ReleaseRHI
[2019.08.01-07.32.27:701][  1]LogRendererCore: FGlobalDynamicReadBuffer::Cleanup()
[2019.08.01-07.32.27:701][  1]LogRendererCore: FGlobalReadBuffer::ReleaseRHI
[2019.08.01-07.32.27:701][  1]LogRendererCore: FGlobalDynamicReadBuffer::Cleanup()
[2019.08.01-07.32.27:770][  1]LogD3D11RHI: ~FD3D11DynamicRHI
[2019.08.01-07.32.29:839][  1]LogModuleManager: Shutting down and abandoning module MyUEProject (685)
[2019.08.01-07.32.29:839][  1]LogModuleManager: Shutting down and abandoning module HierarchicalLODOutliner (684)
[2019.08.01-07.32.29:839][  1]LogModuleManager: Shutting down and abandoning module SceneOutliner (682)
[2019.08.01-07.32.29:839][  1]LogModuleManager: Shutting down and abandoning module AddContentDialog (680)
[2019.08.01-07.32.29:872][  1]LogModuleManager: Shutting down and abandoning module WidgetCarousel (679)
[2019.08.01-07.32.29:872][  1]LogModuleManager: Shutting down and abandoning module EditorWidgets (676)
[2019.08.01-07.32.29:872][  1]LogModuleManager: Shutting down and abandoning module CollectionManager (674)
[2019.08.01-07.32.29:904][  1]LogModuleManager: Shutting down and abandoning module LauncherPlatform (672)
[2019.08.01-07.32.29:904][  1]LogModuleManager: Shutting down and abandoning module FoliageEdit (670)
[2019.08.01-07.32.29:910][  1]LogModuleManager: Shutting down and abandoning module LandscapeEditor (668)
[2019.08.01-07.32.29:947][  1]LogModuleManager: Shutting down and abandoning module MeshPaintMode (666)
[2019.08.01-07.32.29:963][  1]LogModuleManager: Shutting down and abandoning module SceneDepthPickerMode (664)
[2019.08.01-07.32.29:963][  1]LogModuleManager: Shutting down and abandoning module ActorPickerMode (662)
[2019.08.01-07.32.29:963][  1]LogModuleManager: Shutting down and abandoning module GeometryMode (660)
[2019.08.01-07.32.29:963][  1]LogModuleManager: Shutting down and abandoning module TextureAlignMode (658)
[2019.08.01-07.32.29:963][  1]LogModuleManager: Shutting down and abandoning module BspMode (656)
[2019.08.01-07.32.29:963][  1]LogModuleManager: Shutting down and abandoning module PIEPreviewDeviceProfileSelector (654)
[2019.08.01-07.32.29:995][  1]LogModuleManager: Shutting down and abandoning module SequenceRecorderSections (652)
[2019.08.01-07.32.30:020][  1]LogModuleManager: Shutting down and abandoning module AutomationWorker (650)
[2019.08.01-07.32.30:026][  1]LogModuleManager: Shutting down and abandoning module TakeRecorderSources (648)
[2019.08.01-07.32.30:178][  1]LogModuleManager: Shutting down and abandoning module TakeRecorder (647)
[2019.08.01-07.32.30:273][  1]LogModuleManager: Shutting down and abandoning module TakeTrackRecorders (644)
[2019.08.01-07.32.30:282][  1]LogModuleManager: Shutting down and abandoning module TakesCore (642)
[2019.08.01-07.32.30:289][  1]LogModuleManager: Shutting down and abandoning module OculusMR (640)
[2019.08.01-07.32.30:289][  1]LogModuleManager: Shutting down and abandoning module AudioCaptureEditor (638)
[2019.08.01-07.32.30:300][  1]LogModuleManager: Shutting down and abandoning module MatineeToLevelSequence (636)
[2019.08.01-07.32.30:305][  1]LogModuleManager: Shutting down and abandoning module LevelSequenceEditor (634)
[2019.08.01-07.32.30:351][  1]LogModuleManager: Shutting down and abandoning module PlacementMode (633)
[2019.08.01-07.32.30:351][  1]LogModuleManager: Shutting down and abandoning module MaterialEditor (632)
[2019.08.01-07.32.30:442][  1]LogModuleManager: Shutting down and abandoning module ActorSequenceEditor (628)
[2019.08.01-07.32.30:448][  1]LogModuleManager: Shutting down and abandoning module WmfMediaFactory (626)
[2019.08.01-07.32.30:448][  1]LogModuleManager: Shutting down and abandoning module WmfMediaEditor (624)
[2019.08.01-07.32.30:448][  1]LogModuleManager: Shutting down and abandoning module WebMMediaFactory (622)
[2019.08.01-07.32.30:448][  1]LogModuleManager: Shutting down and abandoning module WebMMediaEditor (620)
[2019.08.01-07.32.30:448][  1]LogModuleManager: Shutting down and abandoning module WebMMedia (618)
[2019.08.01-07.32.30:460][  1]LogModuleManager: Shutting down and abandoning module MediaPlayerEditor (616)
[2019.08.01-07.32.30:491][  1]LogModuleManager: Shutting down and abandoning module MediaCompositingEditor (614)
[2019.08.01-07.32.30:511][  1]LogModuleManager: Shutting down and abandoning module SequenceRecorder (613)
[2019.08.01-07.32.30:511][  1]LogModuleManager: Shutting down and abandoning module OpenExrWrapper (610)
[2019.08.01-07.32.30:511][  1]LogModuleManager: Shutting down and abandoning module ImgMediaFactory (608)
[2019.08.01-07.32.30:511][  1]LogModuleManager: Shutting down and abandoning module ImgMediaEditor (606)
[2019.08.01-07.32.30:511][  1]LogModuleManager: Shutting down and abandoning module AvfMediaFactory (604)
[2019.08.01-07.32.30:511][  1]LogModuleManager: Shutting down and abandoning module AvfMediaEditor (602)
[2019.08.01-07.32.30:511][  1]LogModuleManager: Shutting down and abandoning module AndroidMediaFactory (600)
[2019.08.01-07.32.30:511][  1]LogModuleManager: Shutting down and abandoning module AndroidMediaEditor (598)
[2019.08.01-07.32.30:511][  1]LogModuleManager: Shutting down and abandoning module SaveExtensionEditor (596)
[2019.08.01-07.32.30:511][  1]LogModuleManager: Shutting down and abandoning module MagicLeapCameraPreviewFactory (594)
[2019.08.01-07.32.30:511][  1]LogModuleManager: Shutting down and abandoning module MagicLeapMediaCodecFactory (592)
[2019.08.01-07.32.30:511][  1]LogModuleManager: Shutting down and abandoning module MagicLeapMediaFactory (590)
[2019.08.01-07.32.30:511][  1]LogModuleManager: Shutting down and abandoning module MagicLeapMediaEditor (588)
[2019.08.01-07.32.30:511][  1]LogModuleManager: Shutting down and abandoning module CharacterAI (586)
[2019.08.01-07.32.30:511][  1]LogModuleManager: Shutting down and abandoning module SmartSnapping (584)
[2019.08.01-07.32.30:511][  1]LogModuleManager: Shutting down and abandoning module SessionServices (582)
[2019.08.01-07.32.30:511][  1]LogModuleManager: Shutting down and abandoning module MeshPaint (580)
[2019.08.01-07.32.30:521][  1]LogModuleManager: Shutting down and abandoning module ViewportSnapping (578)
[2019.08.01-07.32.30:521][  1]LogModuleManager: Shutting down and abandoning module ViewportInteraction (576)
[2019.08.01-07.32.30:521][  1]LogModuleManager: Shutting down and abandoning module ClothPainter (574)
[2019.08.01-07.32.30:536][  1]LogModuleManager: Shutting down and abandoning module SkeletalMeshEditor (573)
[2019.08.01-07.32.30:576][  1]LogModuleManager: Shutting down and abandoning module LogVisualizer (570)
[2019.08.01-07.32.30:598][  1]LogModuleManager: Shutting down and abandoning module IntroTutorials (568)
[2019.08.01-07.32.30:635][  1]LogModuleManager: Shutting down and abandoning module GameProjectGeneration (567)
[2019.08.01-07.32.30:698][  1]LogModuleManager: Shutting down and abandoning module LuminPlatformEditor (564)
[2019.08.01-07.32.30:698][  1]LogModuleManager: Shutting down and abandoning module IOSPlatformEditor (562)
[2019.08.01-07.32.30:698][  1]LogModuleManager: Shutting down and abandoning module HTML5PlatformEditor (560)
[2019.08.01-07.32.30:698][  1]LogModuleManager: Shutting down and abandoning module AndroidPlatformEditor (558)
[2019.08.01-07.32.30:711][  1]LogModuleManager: Shutting down and abandoning module AndroidDeviceDetection (557)
[2019.08.01-07.32.30:999][  1]LogModuleManager: Shutting down and abandoning module WindowsPlatformEditor (554)
[2019.08.01-07.32.30:999][  1]LogModuleManager: Shutting down and abandoning module LuminRuntimeSettings (552)
[2019.08.01-07.32.30:999][  1]LogModuleManager: Shutting down and abandoning module IOSRuntimeSettings (550)
[2019.08.01-07.32.30:999][  1]LogModuleManager: Shutting down and abandoning module AndroidRuntimeSettings (548)
[2019.08.01-07.32.30:999][  1]LogModuleManager: Shutting down and abandoning module TimeManagementEditor (546)
[2019.08.01-07.32.30:999][  1]LogModuleManager: Shutting down and abandoning module InputBindingEditor (544)
[2019.08.01-07.32.31:024][  1]LogModuleManager: Shutting down and abandoning module MergeActors (542)
[2019.08.01-07.32.31:031][  1]LogModuleManager: Shutting down and abandoning module LocalizationDashboard (540)
[2019.08.01-07.32.31:066][  1]LogModuleManager: Shutting down and abandoning module LocalizationService (539)
[2019.08.01-07.32.31:102][  1]LogModuleManager: Shutting down and abandoning module HardwareTargeting (536)
[2019.08.01-07.32.31:102][  1]LogModuleManager: Shutting down and abandoning module DeviceProfileEditor (534)
[2019.08.01-07.32.31:127][  1]LogModuleManager: Shutting down and abandoning module UndoHistory (532)
[2019.08.01-07.32.31:134][  1]LogModuleManager: Shutting down and abandoning module XmlParser (530)
[2019.08.01-07.32.31:144][  1]LogModuleManager: Shutting down and abandoning module Blutility (528)
[2019.08.01-07.32.31:145][  1]LogModuleManager: Shutting down and abandoning module ProjectSettingsViewer (526)
[2019.08.01-07.32.31:145][  1]LogModuleManager: Shutting down and abandoning module ProjectTargetPlatformEditor (525)
[2019.08.01-07.32.31:145][  1]LogModuleManager: Shutting down and abandoning module EditorSettingsViewer (522)
[2019.08.01-07.32.31:145][  1]LogModuleManager: Shutting down and abandoning module SettingsEditor (520)
[2019.08.01-07.32.31:262][  1]LogModuleManager: Shutting down and abandoning module ProjectLauncher (518)
[2019.08.01-07.32.31:297][  1]LogModuleManager: Shutting down and abandoning module SessionFrontend (516)
[2019.08.01-07.32.31:308][  1]LogModuleManager: Shutting down and abandoning module ProfilerClient (514)
[2019.08.01-07.32.31:315][  1]LogModuleManager: Shutting down and abandoning module DeviceManager (512)
[2019.08.01-07.32.31:349][  1]LogModuleManager: Shutting down and abandoning module TargetDeviceServices (511)
[2019.08.01-07.32.31:383][  1]LogModuleManager: Shutting down and abandoning module AutomationController (508)
[2019.08.01-07.32.31:418][  1]LogModuleManager: Shutting down and abandoning module AutomationWindow (506)
[2019.08.01-07.32.31:428][  1]LogModuleManager: Shutting down and abandoning module Layers (504)
[2019.08.01-07.32.31:505][  1]LogModuleManager: Shutting down and abandoning module ComponentVisualizers (502)
[2019.08.01-07.32.31:505][  1]LogModuleManager: Shutting down and abandoning module DetailCustomizations (500)
[2019.08.01-07.32.31:511][  1]LogModuleManager: Shutting down and abandoning module PackagesDialog (498)
[2019.08.01-07.32.31:511][  1]LogModuleManager: Shutting down and abandoning module AnimationBlueprintEditor (496)
[2019.08.01-07.32.31:535][  1]LogModuleManager: Shutting down and abandoning module Persona (494)
[2019.08.01-07.32.31:566][  1]LogModuleManager: Shutting down and abandoning module AdvancedPreviewScene (493)
[2019.08.01-07.32.31:566][  1]LogModuleManager: Shutting down and abandoning module AnimGraph (491)
[2019.08.01-07.32.31:566][  1]LogModuleManager: Shutting down and abandoning module Kismet (488)
[2019.08.01-07.32.31:580][  1]LogModuleManager: Shutting down and abandoning module GraphEditor (486)
[2019.08.01-07.32.31:580][  1]LogModuleManager: Shutting down and abandoning module ClassViewer (484)
[2019.08.01-07.32.31:580][  1]LogModuleManager: Shutting down and abandoning module Toolbox (482)
[2019.08.01-07.32.31:580][  1]LogModuleManager: Shutting down and abandoning module DesktopPlatform (481)
[2019.08.01-07.32.31:580][  1]LogModuleManager: Shutting down and abandoning module ModuleUI (478)
[2019.08.01-07.32.31:591][  1]LogModuleManager: Shutting down and abandoning module MovieSceneTools (476)
[2019.08.01-07.32.31:612][  1]LogModuleManager: Shutting down and abandoning module OutputLog (474)
[2019.08.01-07.32.31:613][  1]LogModuleManager: Shutting down and abandoning module GammaUI (472)
[2019.08.01-07.32.31:619][  1]LogModuleManager: Shutting down and abandoning module Documentation (470)
[2019.08.01-07.32.31:620][  1]LogModuleManager: Shutting down and abandoning module LiveCoding (468)
[2019.08.01-07.32.31:664][  1]LogModuleManager: Shutting down and abandoning module LevelSequence (466)
[2019.08.01-07.32.31:664][  1]LogModuleManager: Shutting down and abandoning module MovieSceneTracks (464)
[2019.08.01-07.32.31:664][  1]LogModuleManager: Shutting down and abandoning module MovieScene (462)
[2019.08.01-07.32.31:697][  1]LogModuleManager: Shutting down and abandoning module StreamingPauseRendering (460)
[2019.08.01-07.32.31:721][  1]LogModuleManager: Shutting down and abandoning module PortalServices (458)
[2019.08.01-07.32.31:721][  1]LogModuleManager: Shutting down and abandoning module PortalRpc (456)
[2019.08.01-07.32.31:721][  1]LogModuleManager: Shutting down and abandoning module MessagingRpc (454)
[2019.08.01-07.32.31:721][  1]LogModuleManager: Shutting down and abandoning module AIModule (452)
[2019.08.01-07.32.31:745][  1]LogModuleManager: Shutting down and abandoning module GameplayDebugger (451)
[2019.08.01-07.32.31:745][  1]LogModuleManager: Shutting down and abandoning module AITestSuite (449)
[2019.08.01-07.32.31:757][  1]LogModuleManager: Shutting down and abandoning module NavigationSystem (447)
[2019.08.01-07.32.31:757][  1]LogModuleManager: Shutting down and abandoning module ImageWriteQueue (444)
[2019.08.01-07.32.31:761][  1]LogModuleManager: Shutting down and abandoning module ProfilerService (442)
[2019.08.01-07.32.32:043][  1]LogModuleManager: Shutting down and abandoning module TaskGraph (440)
[2019.08.01-07.32.32:066][  1]LogModuleManager: Shutting down and abandoning module BlueprintReflectionPlugin (438)
[2019.08.01-07.32.32:066][  1]LogModuleManager: Shutting down and abandoning module ScreenshotTools (436)
[2019.08.01-07.32.32:066][  1]LogModuleManager: Shutting down and abandoning module FunctionalTestingEditor (434)
[2019.08.01-07.32.32:066][  1]LogModuleManager: Shutting down and abandoning module EditorTests (432)
[2019.08.01-07.32.32:079][  1]LogModuleManager: Shutting down and abandoning module ScriptEditorPlugin (430)
[2019.08.01-07.32.32:079][  1]LogModuleManager: Shutting down and abandoning module SteamVRController (428)
[2019.08.01-07.32.32:079][  1]LogModuleManager: Shutting down and abandoning module SoundModImporter (426)
[2019.08.01-07.32.32:079][  1]LogModuleManager: Shutting down and abandoning module SoundMod (424)
[2019.08.01-07.32.32:079][  1]LogModuleManager: Shutting down and abandoning module ProceduralMeshComponentEditor (422)
[2019.08.01-07.32.32:107][  1]LogModuleManager: Shutting down and abandoning module ProceduralMeshComponent (420)
[2019.08.01-07.32.32:112][  1]LogModuleManager: Shutting down and abandoning module OculusEditor (418)
[2019.08.01-07.32.32:116][  1]LogModuleManager: Shutting down and abandoning module OculusInput (416)
[2019.08.01-07.32.32:116][  1]LogModuleManager: Shutting down and abandoning module MobilePatchingUtils (414)
[2019.08.01-07.32.32:116][  1]LogModuleManager: Shutting down and abandoning module EditableMesh (412)
[2019.08.01-07.32.32:128][  1]LogModuleManager: Shutting down and abandoning module CustomMeshComponent (410)
[2019.08.01-07.32.32:128][  1]LogModuleManager: Shutting down and abandoning module CableComponent (408)
[2019.08.01-07.32.32:138][  1]LogModuleManager: Shutting down and abandoning module AudioCapture (406)
[2019.08.01-07.32.32:138][  1]LogModuleManager: Shutting down and abandoning module ArchVisCharacter (404)
[2019.08.01-07.32.32:138][  1]LogModuleManager: Shutting down and abandoning module AndroidPermission (402)
[2019.08.01-07.32.32:138][  1]LogModuleManager: Shutting down and abandoning module NUTUnrealEngine4 (400)
[2019.08.01-07.32.32:159][  1]LogModuleManager: Shutting down and abandoning module NetcodeUnitTest (398)
[2019.08.01-07.32.32:168][  1]LogModuleManager: Shutting down and abandoning module MediaCompositing (396)
[2019.08.01-07.32.32:169][  1]LogModuleManager: Shutting down and abandoning module LinearTimecode (394)
[2019.08.01-07.32.32:169][  1]LogModuleManager: Shutting down and abandoning module ImgMedia (392)
[2019.08.01-07.32.32:169][  1]LogModuleManager: Shutting down and abandoning module MagicLeapHelperVulkan (390)
[2019.08.01-07.32.32:169][  1]LogModuleManager: Shutting down and abandoning module MagicLeapHelperOpenGL (388)
[2019.08.01-07.32.32:178][  1]LogModuleManager: Shutting down and abandoning module MagicLeapAudio (386)
[2019.08.01-07.32.32:190][  1]LogModuleManager: Shutting down and abandoning module HTML5Networking (384)
[2019.08.01-07.32.32:190][  1]LogModuleManager: Shutting down and abandoning module GeometryCacheTracks (382)
[2019.08.01-07.32.32:190][  1]LogModuleManager: Shutting down and abandoning module GeometryCacheSequencer (380)
[2019.08.01-07.32.32:190][  1]LogModuleManager: Shutting down and abandoning module CodeView (378)
[2019.08.01-07.32.32:190][  1]LogModuleManager: Shutting down and abandoning module CodeEditor (376)
[2019.08.01-07.32.32:216][  1]LogModuleManager: Shutting down and abandoning module BlueprintStats (374)
[2019.08.01-07.32.32:216][  1]LogModuleManager: Shutting down and abandoning module BackChannel (372)
[2019.08.01-07.32.32:225][  1]LogModuleManager: Shutting down and abandoning module AppleVision (370)
[2019.08.01-07.32.32:225][  1]LogModuleManager: Shutting down and abandoning module AppleImageUtilsBlueprintSupport (368)
[2019.08.01-07.32.32:225][  1]LogModuleManager: Shutting down and abandoning module AppleImageUtils (366)
[2019.08.01-07.32.32:225][  1]LogModuleManager: Shutting down and abandoning module AlembicImporter (364)
[2019.08.01-07.32.32:225][  1]LogModuleManager: Shutting down and abandoning module AlembicLibrary (363)
[2019.08.01-07.32.32:225][  1]LogModuleManager: Shutting down and abandoning module GeometryCache (362)
[2019.08.01-07.32.32:225][  1]LogModuleManager: Shutting down and abandoning module GeometryCacheEd (361)
[2019.08.01-07.32.32:225][  1]LogModuleManager: Shutting down and abandoning module VariantManagerContent (356)
[2019.08.01-07.32.32:225][  1]LogModuleManager: Shutting down and abandoning module DatasmithContentEditor (354)
[2019.08.01-07.32.32:294][  1]LogModuleManager: Shutting down and abandoning module SpeedTreeImporter (352)
[2019.08.01-07.32.32:294][  1]LogModuleManager: Shutting down and abandoning module PluginBrowser (350)
[2019.08.01-07.32.32:320][  1]LogModuleManager: Shutting down and abandoning module MobileLauncherProfileWizard (348)
[2019.08.01-07.32.32:325][  1]LogModuleManager: Shutting down and abandoning module MaterialAnalyzer (346)
[2019.08.01-07.32.32:351][  1]LogModuleManager: Shutting down and abandoning module EditorScriptingUtilities (344)
[2019.08.01-07.32.32:351][  1]LogModuleManager: Shutting down and abandoning module CryptoKeysOpenSSL (342)
[2019.08.01-07.32.32:351][  1]LogModuleManager: Shutting down and abandoning module CryptoKeys (340)
[2019.08.01-07.32.32:351][  1]LogModuleManager: Shutting down and abandoning module VisualStudioSourceCodeAccess (338)
[2019.08.01-07.32.32:351][  1]LogModuleManager: Shutting down and abandoning module VisualStudioCodeSourceCodeAccess (336)
[2019.08.01-07.32.32:351][  1]LogModuleManager: Shutting down and abandoning module UObjectPlugin (334)
[2019.08.01-07.32.32:351][  1]LogModuleManager: Shutting down and abandoning module SubversionSourceControl (332)
[2019.08.01-07.32.32:406][  1]LogModuleManager: Shutting down and abandoning module PerforceSourceControl (330)
[2019.08.01-07.32.32:424][  1]LogModuleManager: Shutting down and abandoning module GitSourceControl (328)
[2019.08.01-07.32.32:456][  1]LogModuleManager: Shutting down and abandoning module SourceControl (327)
[2019.08.01-07.32.32:487][  1]LogModuleManager: Shutting down and abandoning module CLionSourceCodeAccess (324)
[2019.08.01-07.32.32:487][  1]LogModuleManager: Shutting down and abandoning module BlankPlugin (322)
[2019.08.01-07.32.32:487][  1]LogModuleManager: Shutting down and abandoning module AnimationSharingEd (320)
[2019.08.01-07.32.32:487][  1]LogModuleManager: Shutting down and abandoning module ActorLayerUtilitiesEditor (318)
[2019.08.01-07.32.32:487][  1]LogModuleManager: Shutting down and abandoning module ActorLayerUtilities (316)
[2019.08.01-07.32.32:487][  1]LogModuleManager: Shutting down and abandoning module LightPropagationVolumeEditor (314)
[2019.08.01-07.32.32:487][  1]LogModuleManager: Shutting down and abandoning module PaperTiledImporter (312)
[2019.08.01-07.32.32:487][  1]LogModuleManager: Shutting down and abandoning module PaperSpriteSheetImporter (310)
[2019.08.01-07.32.32:487][  1]LogModuleManager: Shutting down and abandoning module Paper2DEditor (308)
[2019.08.01-07.32.32:502][  1]LogModuleManager: Shutting down and abandoning module RuntimeTests (304)
[2019.08.01-07.32.32:502][  1]LogModuleManager: Shutting down and abandoning module ScriptPlugin (302)
[2019.08.01-07.32.32:502][  1]LogModuleManager: Shutting down and abandoning module WebBrowserWidget (300)
[2019.08.01-07.32.32:502][  1]LogModuleManager: Shutting down and abandoning module WebBrowser (299)
[2019.08.01-07.32.33:948][  1]LogModuleManager: Shutting down and abandoning module SignificanceManager (296)
[2019.08.01-07.32.33:948][  1]LogModuleManager: Shutting down and abandoning module RuntimePhysXCooking (294)
[2019.08.01-07.32.33:948][  1]LogModuleManager: Shutting down and abandoning module PhysXVehiclesEditor (292)
[2019.08.01-07.32.33:948][  1]LogModuleManager: Shutting down and abandoning module PhysXVehicles (290)
[2019.08.01-07.32.33:948][  1]LogModuleManager: Shutting down and abandoning module LocationServicesBPLibrary (288)
[2019.08.01-07.32.33:948][  1]LogModuleManager: Shutting down and abandoning module ActorSequence (286)
[2019.08.01-07.32.33:948][  1]LogModuleManager: Shutting down and abandoning module UdpMessaging (284)
[2019.08.01-07.32.34:049][  1]LogModuleManager: Shutting down and abandoning module TcpMessaging (282)
[2019.08.01-07.32.34:198][  1]LogModuleManager: Shutting down and abandoning module SaveExtension (280)
[2019.08.01-07.32.34:198][  1]LogModuleManager: Shutting down and abandoning module MagicLeapIdentity (278)
[2019.08.01-07.32.34:198][  1]LogModuleManager: Shutting down and abandoning module MagicLeapSecureStorage (276)
[2019.08.01-07.32.34:198][  1]LogModuleManager: Shutting down and abandoning module MagicLeapHandTracking (274)
[2019.08.01-07.32.34:207][  1]LogModuleManager: Shutting down and abandoning module MagicLeapEyeTracker (272)
[2019.08.01-07.32.34:207][  1]LogModuleManager: Shutting down and abandoning module MagicLeapController (270)
[2019.08.01-07.32.34:215][  1]LogSlate: Slate User Destroyed.  User Index 0, Is Virtual User: 0
[2019.08.01-07.32.34:215][  1]LogModuleManager: Shutting down and abandoning module MagicLeapAR (268)
[2019.08.01-07.32.34:215][  1]LogModuleManager: Shutting down and abandoning module AugmentedReality (267)
[2019.08.01-07.32.34:215][  1]LogModuleManager: Shutting down and abandoning module GameplayTagsEditor (264)
[2019.08.01-07.32.34:229][  1]LogModuleManager: Shutting down and abandoning module FacialAnimationEditor (262)
[2019.08.01-07.32.34:229][  1]LogModuleManager: Shutting down and abandoning module FacialAnimation (260)
[2019.08.01-07.32.34:229][  1]LogModuleManager: Shutting down and abandoning module DataValidation (258)
[2019.08.01-07.32.34:229][  1]LogModuleManager: Shutting down and abandoning module AssetManagerEditor (256)
[2019.08.01-07.32.34:255][  1]LogModuleManager: Shutting down and abandoning module LevelEditor (255)
[2019.08.01-07.32.34:278][  1]LogModuleManager: Shutting down and abandoning module PixelInspectorModule (254)
[2019.08.01-07.32.34:290][  1]LogModuleManager: Shutting down and abandoning module CommonMenuExtensions (252)
[2019.08.01-07.32.34:290][  1]LogModuleManager: Shutting down and abandoning module MainFrame (250)
[2019.08.01-07.32.34:290][  1]LogModuleManager: Shutting down and abandoning module HotReload (249)
[2019.08.01-07.32.34:291][  1]LogModuleManager: Shutting down and abandoning module ContentBrowser (245)
[2019.08.01-07.32.34:291][  1]LogModuleManager: Shutting down and abandoning module TreeMap (243)
[2019.08.01-07.32.34:444][  1]LogModuleManager: Shutting down and abandoning module AnimationSharing (240)
[2019.08.01-07.32.34:444][  1]LogModuleManager: Shutting down and abandoning module LightPropagationVolumeRuntime (238)
[2019.08.01-07.32.34:444][  1]LogModuleManager: Shutting down and abandoning module AISupportModule (236)
[2019.08.01-07.32.34:444][  1]LogModuleManager: Shutting down and abandoning module Paper2D (234)
[2019.08.01-07.32.34:453][  1]LogModuleManager: Shutting down and abandoning module WindowsMoviePlayer (232)
[2019.08.01-07.32.34:473][  1]LogModuleManager: Shutting down and abandoning module WebMMoviePlayer (230)
[2019.08.01-07.32.34:491][  1]LogModuleManager: Shutting down and abandoning module PacketHandler (228)
[2019.08.01-07.32.34:491][  1]LogModuleManager: Shutting down and abandoning module ClothingSystemEditor (226)
[2019.08.01-07.32.34:491][  1]LogModuleManager: Shutting down and abandoning module ClothingSystemRuntime (224)
[2019.08.01-07.32.34:499][  1]LogModuleManager: Shutting down and abandoning module MediaAssets (222)
[2019.08.01-07.32.34:499][  1]LogModuleManager: Shutting down and abandoning module Overlay (220)
[2019.08.01-07.32.34:499][  1]LogModuleManager: Shutting down and abandoning module OverlayEditor (219)
[2019.08.01-07.32.34:499][  1]LogModuleManager: Shutting down and abandoning module VREditor (216)
[2019.08.01-07.32.34:513][  1]LogModuleManager: Shutting down and abandoning module StringTableEditor (214)
[2019.08.01-07.32.34:541][  1]LogModuleManager: Shutting down and abandoning module GameplayTasksEditor (212)
[2019.08.01-07.32.34:541][  1]LogModuleManager: Shutting down and abandoning module BehaviorTreeEditor (210)
[2019.08.01-07.32.34:571][  1]LogModuleManager: Shutting down and abandoning module FunctionalTesting (208)
[2019.08.01-07.32.34:582][  1]LogModuleManager: Shutting down and abandoning module CollisionAnalyzer (206)
[2019.08.01-07.32.34:612][  1]LogModuleManager: Shutting down and abandoning module WorkspaceMenuStructure (205)
[2019.08.01-07.32.34:612][  1]LogModuleManager: Shutting down and abandoning module UMG (202)
[2019.08.01-07.32.34:612][  1]LogModuleManager: Shutting down and abandoning module UMGEditor (201)
[2019.08.01-07.32.34:624][  1]LogModuleManager: Shutting down and abandoning module Sequencer (200)
[2019.08.01-07.32.34:723][  1]LogModuleManager: Shutting down and abandoning module MessageLog (197)
[2019.08.01-07.32.34:723][  1]LogModuleManager: Shutting down and abandoning module SlateReflector (192)
[2019.08.01-07.32.34:773][  1]LogModuleManager: Shutting down and abandoning module Slate (190)
[2019.08.01-07.32.34:773][  1]LogModuleManager: Shutting down and abandoning module EditorStyle (188)
[2019.08.01-07.32.34:775][  1]LogModuleManager: Shutting down and abandoning module UnrealEd (186)
[2019.08.01-07.32.34:785][  1]LogModuleManager: Shutting down and abandoning module MRMesh (184)
[2019.08.01-07.32.34:785][  1]LogModuleManager: Shutting down and abandoning module SourceCodeAccess (182)
[2019.08.01-07.32.34:785][  1]LogModuleManager: Shutting down and abandoning module HeadMountedDisplay (180)
[2019.08.01-07.32.34:785][  1]LogModuleManager: Shutting down and abandoning module XAudio2 (178)
[2019.08.01-07.32.34:785][  1]LogModuleManager: Shutting down and abandoning module Networking (176)
[2019.08.01-07.32.34:785][  1]LogModuleManager: Shutting down and abandoning module Core (174)
[2019.08.01-07.32.34:785][  1]LogModuleManager: Shutting down and abandoning module KismetCompiler (172)
[2019.08.01-07.32.34:785][  1]LogModuleManager: Shutting down and abandoning module MeshUtilities (170)
[2019.08.01-07.32.34:785][  1]LogModuleManager: Shutting down and abandoning module MeshMergeUtilities (169)
[2019.08.01-07.32.34:796][  1]LogModuleManager: Shutting down and abandoning module MeshReductionInterface (168)
[2019.08.01-07.32.34:796][  1]LogModuleManager: Shutting down and abandoning module SkeletalMeshReduction (167)
[2019.08.01-07.32.34:828][  1]LogModuleManager: Shutting down and abandoning module ProxyLODMeshReduction (165)
[2019.08.01-07.32.34:871][  1]LogModuleManager: Shutting down and abandoning module QuadricMeshReduction (163)
[2019.08.01-07.32.34:881][  1]LogModuleManager: Shutting down and abandoning module MaterialBaking (159)
[2019.08.01-07.32.34:893][  1]LogModuleManager: Shutting down and abandoning module DerivedDataCache (154)
[2019.08.01-07.32.34:956][  1]LogDerivedDataCache: Shutdown
[2019.08.01-07.32.34:956][  1]LogModuleManager: Shutting down and abandoning module XGEController (152)
[2019.08.01-07.32.34:977][  1]LogModuleManager: Shutting down and abandoning module TargetPlatform (150)
[2019.08.01-07.32.34:984][  1]LogModuleManager: Shutting down and abandoning module VulkanShaderFormat (149)
[2019.08.01-07.32.34:996][  1]LogModuleManager: Shutting down and abandoning module ShaderFormatVectorVM (147)
[2019.08.01-07.32.35:001][  1]LogModuleManager: Shutting down and abandoning module ShaderFormatOpenGL (145)
[2019.08.01-07.32.35:009][  1]LogModuleManager: Shutting down and abandoning module ShaderFormatD3D (143)
[2019.08.01-07.32.35:034][  1]LogModuleManager: Shutting down and abandoning module MetalShaderFormat (141)
[2019.08.01-07.32.35:044][  1]LogModuleManager: Shutting down and abandoning module TextureFormatUncompressed (139)
[2019.08.01-07.32.35:044][  1]LogModuleManager: Shutting down and abandoning module TextureFormatPVR (137)
[2019.08.01-07.32.35:044][  1]LogModuleManager: Shutting down and abandoning module TextureFormatDXT (135)
[2019.08.01-07.32.35:051][  1]LogModuleManager: Shutting down and abandoning module TextureFormatIntelISPCTexComp (133)
[2019.08.01-07.32.35:059][  1]LogModuleManager: Shutting down and abandoning module TextureFormatASTC (131)
[2019.08.01-07.32.35:059][  1]LogModuleManager: Shutting down and abandoning module ImageWrapper (130)
[2019.08.01-07.32.35:059][  1]LogModuleManager: Shutting down and abandoning module TextureFormatAndroid (127)
[2019.08.01-07.32.35:059][  1]LogModuleManager: Shutting down and abandoning module AudioFormatOpus (125)
[2019.08.01-07.32.35:064][  1]LogModuleManager: Shutting down and abandoning module AudioFormatOgg (123)
[2019.08.01-07.32.35:064][  1]LogModuleManager: Shutting down and abandoning module AudioFormatADPCM (121)
[2019.08.01-07.32.35:090][  1]LogModuleManager: Shutting down and abandoning module LuminTargetPlatform (119)
[2019.08.01-07.32.35:123][  1]LogModuleManager: Shutting down and abandoning module LinuxTargetPlatform (117)
[2019.08.01-07.32.35:123][  1]LogModuleManager: Shutting down and abandoning module LinuxServerTargetPlatform (115)
[2019.08.01-07.32.35:126][  1]LogModuleManager: Shutting down and abandoning module LinuxNoEditorTargetPlatform (113)
[2019.08.01-07.32.35:155][  1]LogModuleManager: Shutting down and abandoning module LinuxClientTargetPlatform (111)
[2019.08.01-07.32.35:188][  1]LogModuleManager: Shutting down and abandoning module TVOSTargetPlatform (109)
[2019.08.01-07.32.35:188][  1]LogModuleManager: Shutting down and abandoning module Messaging (107)
[2019.08.01-07.32.35:188][  1]LogModuleManager: Shutting down and abandoning module IOSTargetPlatform (105)
[2019.08.01-07.32.35:189][  1]LogModuleManager: Shutting down and abandoning module HTML5TargetPlatform (103)
[2019.08.01-07.32.35:189][  1]LogModuleManager: Shutting down and abandoning module AndroidTargetPlatform (101)
[2019.08.01-07.32.35:197][  1]LogModuleManager: Shutting down and abandoning module WindowsTargetPlatform (99)
[2019.08.01-07.32.35:197][  1]LogModuleManager: Shutting down and abandoning module WindowsServerTargetPlatform (97)
[2019.08.01-07.32.35:198][  1]LogModuleManager: Shutting down and abandoning module WindowsNoEditorTargetPlatform (95)
[2019.08.01-07.32.35:198][  1]LogModuleManager: Shutting down and abandoning module WindowsClientTargetPlatform (93)
[2019.08.01-07.32.35:198][  1]LogModuleManager: Shutting down and abandoning module MacTargetPlatform (91)
[2019.08.01-07.32.35:198][  1]LogModuleManager: Shutting down and abandoning module MacServerTargetPlatform (89)
[2019.08.01-07.32.35:198][  1]LogModuleManager: Shutting down and abandoning module MacNoEditorTargetPlatform (87)
[2019.08.01-07.32.35:198][  1]LogModuleManager: Shutting down and abandoning module MacClientTargetPlatform (85)
[2019.08.01-07.32.35:198][  1]LogModuleManager: Shutting down and abandoning module AllDesktopTargetPlatform (83)
[2019.08.01-07.32.35:198][  1]LogModuleManager: Shutting down and abandoning module InputCore (80)
[2019.08.01-07.32.35:198][  1]LogModuleManager: Shutting down and abandoning module Settings (78)
[2019.08.01-07.32.35:198][  1]LogModuleManager: Shutting down and abandoning module DirectoryWatcher (76)
[2019.08.01-07.32.35:198][  1]LogModuleManager: Shutting down and abandoning module PhysXCooking (74)
[2019.08.01-07.32.35:198][  1]LogModuleManager: Shutting down and abandoning module SteamVR (72)
[2019.08.01-07.32.35:231][  1]LogHMD: Freeing OpenVRDLLHandle.
[2019.08.01-07.32.35:231][  1]LogModuleManager: Shutting down and abandoning module OculusHMD (70)
[2019.08.01-07.32.35:241][  1]LogModuleManager: Shutting down and abandoning module ExampleDeviceProfileSelector (68)
[2019.08.01-07.32.35:241][  1]LogModuleManager: Shutting down and abandoning module LauncherChunkInstaller (66)
[2019.08.01-07.32.35:241][  1]LogModuleManager: Shutting down and abandoning module OnlineBlueprintSupport (64)
[2019.08.01-07.32.35:241][  1]LogModuleManager: Shutting down and abandoning module OnlineSubsystem (60)
[2019.08.01-07.32.35:242][  1]LogModuleManager: Shutting down and abandoning module XMPP (55)
[2019.08.01-07.32.35:256][  1]LogModuleManager: Shutting down and abandoning module WebSockets (54)
[2019.08.01-07.32.35:397][  1]LogModuleManager: Shutting down and abandoning module HTTP (51)
[2019.08.01-07.32.35:473][  1]LogModuleManager: Shutting down and abandoning module SSL (50)
[2019.08.01-07.32.35:475][  1]LogModuleManager: Shutting down and abandoning module WmfMedia (46)
[2019.08.01-07.32.35:508][  1]LogModuleManager: Shutting down and abandoning module Media (45)
[2019.08.01-07.32.35:514][  1]LogModuleManager: Shutting down and abandoning module MagicLeap (42)
[2019.08.01-07.32.35:532][  1]LogModuleManager: Shutting down and abandoning module DatasmithContent (40)
[2019.08.01-07.32.35:533][  1]LogModuleManager: Shutting down and abandoning module AnimationModifiers (38)
[2019.08.01-07.32.35:562][  1]LogModuleManager: Shutting down and abandoning module PropertyEditor (37)
[2019.08.01-07.32.35:603][  1]LogModuleManager: Shutting down and abandoning module AudioEditor (34)
[2019.08.01-07.32.35:635][  1]LogModuleManager: Shutting down and abandoning module TextureCompressor (32)
[2019.08.01-07.32.35:663][  1]LogModuleManager: Shutting down and abandoning module RenderCore (30)
[2019.08.01-07.32.35:663][  1]LogModuleManager: Shutting down and abandoning module Landscape (28)
[2019.08.01-07.32.35:663][  1]LogModuleManager: Shutting down and abandoning module SlateRHIRenderer (26)
[2019.08.01-07.32.35:677][  1]LogModuleManager: Shutting down and abandoning module OpenGLDrv (24)
[2019.08.01-07.32.35:719][  1]LogModuleManager: Shutting down and abandoning module D3D11RHI (22)
[2019.08.01-07.32.35:720][  1]LogModuleManager: Shutting down and abandoning module AnimGraphRuntime (20)
[2019.08.01-07.32.35:720][  1]LogModuleManager: Shutting down and abandoning module Renderer (18)
[2019.08.01-07.32.35:737][  1]LogModuleManager: Shutting down and abandoning module Engine (16)
[2019.08.01-07.32.35:737][  1]LogModuleManager: Shutting down and abandoning module CoreUObject (14)
[2019.08.01-07.32.35:737][  1]LogModuleManager: Shutting down and abandoning module NetworkFile (12)
[2019.08.01-07.32.35:764][  1]LogModuleManager: Shutting down and abandoning module CookedIterativeFile (10)
[2019.08.01-07.32.35:764][  1]LogModuleManager: Shutting down and abandoning module StreamingFile (8)
[2019.08.01-07.32.35:769][  1]LogModuleManager: Shutting down and abandoning module SandboxFile (6)
[2019.08.01-07.32.35:769][  1]LogModuleManager: Shutting down and abandoning module PakFile (4)
[2019.08.01-07.32.35:779][  1]LogModuleManager: Shutting down and abandoning module RSA (3)
[2019.08.01-07.32.35:828][  1]LogExit: Exiting.
[2019.08.01-07.32.35:849][  1]Log file closed, 08/01/19 15:32:35
